[ 2017-07-17T21:09:20+08:00 ] 127.0.0.1 /
INFO: [ app_init ] --START--
INFO: Run Behavior\BuildLiteBehavior [ RunTime:0.000015s ]
INFO: [ app_init ] --END-- [ RunTime:0.000751s ]
INFO: [ app_begin ] --START--
INFO: Run Behavior\ReadHtmlCacheBehavior [ RunTime:0.001354s ]
INFO: [ app_begin ] --END-- [ RunTime:0.001441s ]
SQL: SHOW COLUMNS FROM `sp_cate` [ RunTime:0.0103s ]
SQL: SELECT * FROM `sp_cate`  [ RunTime:0.0014s ]
INFO: [ view_parse ] --START--
INFO: [ template_filter ] --START--
INFO: Run Behavior\ContentReplaceBehavior [ RunTime:0.000209s ]
INFO: [ template_filter ] --END-- [ RunTime:0.000290s ]
NOTIC: [8] Use of undefined constant level - assumed 'level' D:\WWW\Thinkphp\application\Runtime\Cache\Home\857cb80a7adc4d7e94f6a53f7fcbfd38.php 第 147 行.
NOTIC: [8] Use of undefined constant cate_id - assumed 'cate_id' D:\WWW\Thinkphp\application\Runtime\Cache\Home\857cb80a7adc4d7e94f6a53f7fcbfd38.php 第 147 行.
NOTIC: [8] Use of undefined constant level - assumed 'level' D:\WWW\Thinkphp\application\Runtime\Cache\Home\857cb80a7adc4d7e94f6a53f7fcbfd38.php 第 150 行.
NOTIC: [8] Use of undefined constant cate_id - assumed 'cate_id' D:\WWW\Thinkphp\application\Runtime\Cache\Home\857cb80a7adc4d7e94f6a53f7fcbfd38.php 第 150 行.
NOTIC: [8] Use of undefined constant level - assumed 'level' D:\WWW\Thinkphp\application\Runtime\Cache\Home\857cb80a7adc4d7e94f6a53f7fcbfd38.php 第 152 行.
NOTIC: [8] Use of undefined constant cate_id - assumed 'cate_id' D:\WWW\Thinkphp\application\Runtime\Cache\Home\857cb80a7adc4d7e94f6a53f7fcbfd38.php 第 152 行.
NOTIC: [8] Use of undefined constant level - assumed 'level' D:\WWW\Thinkphp\application\Runtime\Cache\Home\857cb80a7adc4d7e94f6a53f7fcbfd38.php 第 152 行.
NOTIC: [8] Use of undefined constant cate_id - assumed 'cate_id' D:\WWW\Thinkphp\application\Runtime\Cache\Home\857cb80a7adc4d7e94f6a53f7fcbfd38.php 第 152 行.
NOTIC: [8] Use of undefined constant level - assumed 'level' D:\WWW\Thinkphp\application\Runtime\Cache\Home\857cb80a7adc4d7e94f6a53f7fcbfd38.php 第 152 行.
NOTIC: [8] Use of undefined constant cate_id - assumed 'cate_id' D:\WWW\Thinkphp\application\Runtime\Cache\Home\857cb80a7adc4d7e94f6a53f7fcbfd38.php 第 152 行.
NOTIC: [8] Use of undefined constant level - assumed 'level' D:\WWW\Thinkphp\application\Runtime\Cache\Home\857cb80a7adc4d7e94f6a53f7fcbfd38.php 第 152 行.
NOTIC: [8] Use of undefined constant cate_id - assumed 'cate_id' D:\WWW\Thinkphp\application\Runtime\Cache\Home\857cb80a7adc4d7e94f6a53f7fcbfd38.php 第 152 行.
NOTIC: [8] Use of undefined constant level - assumed 'level' D:\WWW\Thinkphp\application\Runtime\Cache\Home\857cb80a7adc4d7e94f6a53f7fcbfd38.php 第 152 行.
NOTIC: [8] Use of undefined constant cate_id - assumed 'cate_id' D:\WWW\Thinkphp\application\Runtime\Cache\Home\857cb80a7adc4d7e94f6a53f7fcbfd38.php 第 152 行.
NOTIC: [8] Use of undefined constant level - assumed 'level' D:\WWW\Thinkphp\application\Runtime\Cache\Home\857cb80a7adc4d7e94f6a53f7fcbfd38.php 第 152 行.
NOTIC: [8] Use of undefined constant cate_id - assumed 'cate_id' D:\WWW\Thinkphp\application\Runtime\Cache\Home\857cb80a7adc4d7e94f6a53f7fcbfd38.php 第 152 行.
NOTIC: [8] Use of undefined constant level - assumed 'level' D:\WWW\Thinkphp\application\Runtime\Cache\Home\857cb80a7adc4d7e94f6a53f7fcbfd38.php 第 152 行.
NOTIC: [8] Use of undefined constant cate_id - assumed 'cate_id' D:\WWW\Thinkphp\application\Runtime\Cache\Home\857cb80a7adc4d7e94f6a53f7fcbfd38.php 第 152 行.
NOTIC: [8] Use of undefined constant level - assumed 'level' D:\WWW\Thinkphp\application\Runtime\Cache\Home\857cb80a7adc4d7e94f6a53f7fcbfd38.php 第 152 行.
NOTIC: [8] Use of undefined constant cate_id - assumed 'cate_id' D:\WWW\Thinkphp\application\Runtime\Cache\Home\857cb80a7adc4d7e94f6a53f7fcbfd38.php 第 152 行.
NOTIC: [8] Use of undefined constant level - assumed 'level' D:\WWW\Thinkphp\application\Runtime\Cache\Home\857cb80a7adc4d7e94f6a53f7fcbfd38.php 第 150 行.
NOTIC: [8] Use of undefined constant cate_id - assumed 'cate_id' D:\WWW\Thinkphp\application\Runtime\Cache\Home\857cb80a7adc4d7e94f6a53f7fcbfd38.php 第 150 行.
NOTIC: [8] Use of undefined constant level - assumed 'level' D:\WWW\Thinkphp\application\Runtime\Cache\Home\857cb80a7adc4d7e94f6a53f7fcbfd38.php 第 152 行.
NOTIC: [8] Use of undefined constant cate_id - assumed 'cate_id' D:\WWW\Thinkphp\application\Runtime\Cache\Home\857cb80a7adc4d7e94f6a53f7fcbfd38.php 第 152 行.
NOTIC: [8] Use of undefined constant level - assumed 'level' D:\WWW\Thinkphp\application\Runtime\Cache\Home\857cb80a7adc4d7e94f6a53f7fcbfd38.php 第 152 行.
NOTIC: [8] Use of undefined constant cate_id - assumed 'cate_id' D:\WWW\Thinkphp\application\Runtime\Cache\Home\857cb80a7adc4d7e94f6a53f7fcbfd38.php 第 152 行.
NOTIC: [8] Use of undefined constant level - assumed 'level' D:\WWW\Thinkphp\application\Runtime\Cache\Home\857cb80a7adc4d7e94f6a53f7fcbfd38.php 第 152 行.
NOTIC: [8] Use of undefined constant cate_id - assumed 'cate_id' D:\WWW\Thinkphp\application\Runtime\Cache\Home\857cb80a7adc4d7e94f6a53f7fcbfd38.php 第 152 行.
NOTIC: [8] Use of undefined constant level - assumed 'level' D:\WWW\Thinkphp\application\Runtime\Cache\Home\857cb80a7adc4d7e94f6a53f7fcbfd38.php 第 152 行.
NOTIC: [8] Use of undefined constant cate_id - assumed 'cate_id' D:\WWW\Thinkphp\application\Runtime\Cache\Home\857cb80a7adc4d7e94f6a53f7fcbfd38.php 第 152 行.
NOTIC: [8] Use of undefined constant level - assumed 'level' D:\WWW\Thinkphp\application\Runtime\Cache\Home\857cb80a7adc4d7e94f6a53f7fcbfd38.php 第 152 行.
NOTIC: [8] Use of undefined constant cate_id - assumed 'cate_id' D:\WWW\Thinkphp\application\Runtime\Cache\Home\857cb80a7adc4d7e94f6a53f7fcbfd38.php 第 152 行.
NOTIC: [8] Use of undefined constant level - assumed 'level' D:\WWW\Thinkphp\application\Runtime\Cache\Home\857cb80a7adc4d7e94f6a53f7fcbfd38.php 第 150 行.
NOTIC: [8] Use of undefined constant cate_id - assumed 'cate_id' D:\WWW\Thinkphp\application\Runtime\Cache\Home\857cb80a7adc4d7e94f6a53f7fcbfd38.php 第 150 行.
NOTIC: [8] Use of undefined constant level - assumed 'level' D:\WWW\Thinkphp\application\Runtime\Cache\Home\857cb80a7adc4d7e94f6a53f7fcbfd38.php 第 150 行.
NOTIC: [8] Use of undefined constant cate_id - assumed 'cate_id' D:\WWW\Thinkphp\application\Runtime\Cache\Home\857cb80a7adc4d7e94f6a53f7fcbfd38.php 第 150 行.
NOTIC: [8] Use of undefined constant level - assumed 'level' D:\WWW\Thinkphp\application\Runtime\Cache\Home\857cb80a7adc4d7e94f6a53f7fcbfd38.php 第 150 行.
NOTIC: [8] Use of undefined constant cate_id - assumed 'cate_id' D:\WWW\Thinkphp\application\Runtime\Cache\Home\857cb80a7adc4d7e94f6a53f7fcbfd38.php 第 150 行.
NOTIC: [8] Use of undefined constant level - assumed 'level' D:\WWW\Thinkphp\application\Runtime\Cache\Home\857cb80a7adc4d7e94f6a53f7fcbfd38.php 第 150 行.
NOTIC: [8] Use of undefined constant cate_id - assumed 'cate_id' D:\WWW\Thinkphp\application\Runtime\Cache\Home\857cb80a7adc4d7e94f6a53f7fcbfd38.php 第 150 行.
NOTIC: [8] Use of undefined constant level - assumed 'level' D:\WWW\Thinkphp\application\Runtime\Cache\Home\857cb80a7adc4d7e94f6a53f7fcbfd38.php 第 150 行.
NOTIC: [8] Use of undefined constant cate_id - assumed 'cate_id' D:\WWW\Thinkphp\application\Runtime\Cache\Home\857cb80a7adc4d7e94f6a53f7fcbfd38.php 第 150 行.
NOTIC: [8] Use of undefined constant level - assumed 'level' D:\WWW\Thinkphp\application\Runtime\Cache\Home\857cb80a7adc4d7e94f6a53f7fcbfd38.php 第 150 行.
NOTIC: [8] Use of undefined constant cate_id - assumed 'cate_id' D:\WWW\Thinkphp\application\Runtime\Cache\Home\857cb80a7adc4d7e94f6a53f7fcbfd38.php 第 150 行.
NOTIC: [8] Use of undefined constant level - assumed 'level' D:\WWW\Thinkphp\application\Runtime\Cache\Home\857cb80a7adc4d7e94f6a53f7fcbfd38.php 第 147 行.
NOTIC: [8] Use of undefined constant cate_id - assumed 'cate_id' D:\WWW\Thinkphp\application\Runtime\Cache\Home\857cb80a7adc4d7e94f6a53f7fcbfd38.php 第 147 行.
NOTIC: [8] Use of undefined constant level - assumed 'level' D:\WWW\Thinkphp\application\Runtime\Cache\Home\857cb80a7adc4d7e94f6a53f7fcbfd38.php 第 150 行.
NOTIC: [8] Use of undefined constant cate_id - assumed 'cate_id' D:\WWW\Thinkphp\application\Runtime\Cache\Home\857cb80a7adc4d7e94f6a53f7fcbfd38.php 第 150 行.
NOTIC: [8] Use of undefined constant level - assumed 'level' D:\WWW\Thinkphp\application\Runtime\Cache\Home\857cb80a7adc4d7e94f6a53f7fcbfd38.php 第 152 行.
NOTIC: [8] Use of undefined constant cate_id - assumed 'cate_id' D:\WWW\Thinkphp\application\Runtime\Cache\Home\857cb80a7adc4d7e94f6a53f7fcbfd38.php 第 152 行.
NOTIC: [8] Use of undefined constant level - assumed 'level' D:\WWW\Thinkphp\application\Runtime\Cache\Home\857cb80a7adc4d7e94f6a53f7fcbfd38.php 第 152 行.
NOTIC: [8] Use of undefined constant cate_id - assumed 'cate_id' D:\WWW\Thinkphp\application\Runtime\Cache\Home\857cb80a7adc4d7e94f6a53f7fcbfd38.php 第 152 行.
NOTIC: [8] Use of undefined constant level - assumed 'level' D:\WWW\Thinkphp\application\Runtime\Cache\Home\857cb80a7adc4d7e94f6a53f7fcbfd38.php 第 152 行.
NOTIC: [8] Use of undefined constant cate_id - assumed 'cate_id' D:\WWW\Thinkphp\application\Runtime\Cache\Home\857cb80a7adc4d7e94f6a53f7fcbfd38.php 第 152 行.
NOTIC: [8] Use of undefined constant level - assumed 'level' D:\WWW\Thinkphp\application\Runtime\Cache\Home\857cb80a7adc4d7e94f6a53f7fcbfd38.php 第 152 行.
NOTIC: [8] Use of undefined constant cate_id - assumed 'cate_id' D:\WWW\Thinkphp\application\Runtime\Cache\Home\857cb80a7adc4d7e94f6a53f7fcbfd38.php 第 152 行.
NOTIC: [8] Use of undefined constant level - assumed 'level' D:\WWW\Thinkphp\application\Runtime\Cache\Home\857cb80a7adc4d7e94f6a53f7fcbfd38.php 第 152 行.
NOTIC: [8] Use of undefined constant cate_id - assumed 'cate_id' D:\WWW\Thinkphp\application\Runtime\Cache\Home\857cb80a7adc4d7e94f6a53f7fcbfd38.php 第 152 行.
NOTIC: [8] Use of undefined constant level - assumed 'level' D:\WWW\Thinkphp\application\Runtime\Cache\Home\857cb80a7adc4d7e94f6a53f7fcbfd38.php 第 152 行.
NOTIC: [8] Use of undefined constant cate_id - assumed 'cate_id' D:\WWW\Thinkphp\application\Runtime\Cache\Home\857cb80a7adc4d7e94f6a53f7fcbfd38.php 第 152 行.
NOTIC: [8] Use of undefined constant level - assumed 'level' D:\WWW\Thinkphp\application\Runtime\Cache\Home\857cb80a7adc4d7e94f6a53f7fcbfd38.php 第 150 行.
NOTIC: [8] Use of undefined constant cate_id - assumed 'cate_id' D:\WWW\Thinkphp\application\Runtime\Cache\Home\857cb80a7adc4d7e94f6a53f7fcbfd38.php 第 150 行.
NOTIC: [8] Use of undefined constant level - assumed 'level' D:\WWW\Thinkphp\application\Runtime\Cache\Home\857cb80a7adc4d7e94f6a53f7fcbfd38.php 第 152 行.
NOTIC: [8] Use of undefined constant cate_id - assumed 'cate_id' D:\WWW\Thinkphp\application\Runtime\Cache\Home\857cb80a7adc4d7e94f6a53f7fcbfd38.php 第 152 行.
NOTIC: [8] Use of undefined constant level - assumed 'level' D:\WWW\Thinkphp\application\Runtime\Cache\Home\857cb80a7adc4d7e94f6a53f7fcbfd38.php 第 152 行.
NOTIC: [8] Use of undefined constant cate_id - assumed 'cate_id' D:\WWW\Thinkphp\application\Runtime\Cache\Home\857cb80a7adc4d7e94f6a53f7fcbfd38.php 第 152 行.
NOTIC: [8] Use of undefined constant level - assumed 'level' D:\WWW\Thinkphp\application\Runtime\Cache\Home\857cb80a7adc4d7e94f6a53f7fcbfd38.php 第 152 行.
NOTIC: [8] Use of undefined constant cate_id - assumed 'cate_id' D:\WWW\Thinkphp\application\Runtime\Cache\Home\857cb80a7adc4d7e94f6a53f7fcbfd38.php 第 152 行.
NOTIC: [8] Use of undefined constant level - assumed 'level' D:\WWW\Thinkphp\application\Runtime\Cache\Home\857cb80a7adc4d7e94f6a53f7fcbfd38.php 第 152 行.
NOTIC: [8] Use of undefined constant cate_id - assumed 'cate_id' D:\WWW\Thinkphp\application\Runtime\Cache\Home\857cb80a7adc4d7e94f6a53f7fcbfd38.php 第 152 行.
NOTIC: [8] Use of undefined constant level - assumed 'level' D:\WWW\Thinkphp\application\Runtime\Cache\Home\857cb80a7adc4d7e94f6a53f7fcbfd38.php 第 152 行.
NOTIC: [8] Use of undefined constant cate_id - assumed 'cate_id' D:\WWW\Thinkphp\application\Runtime\Cache\Home\857cb80a7adc4d7e94f6a53f7fcbfd38.php 第 152 行.
NOTIC: [8] Use of undefined constant level - assumed 'level' D:\WWW\Thinkphp\application\Runtime\Cache\Home\857cb80a7adc4d7e94f6a53f7fcbfd38.php 第 152 行.
NOTIC: [8] Use of undefined constant cate_id - assumed 'cate_id' D:\WWW\Thinkphp\application\Runtime\Cache\Home\857cb80a7adc4d7e94f6a53f7fcbfd38.php 第 152 行.
NOTIC: [8] Use of undefined constant level - assumed 'level' D:\WWW\Thinkphp\application\Runtime\Cache\Home\857cb80a7adc4d7e94f6a53f7fcbfd38.php 第 152 行.
NOTIC: [8] Use of undefined constant cate_id - assumed 'cate_id' D:\WWW\Thinkphp\application\Runtime\Cache\Home\857cb80a7adc4d7e94f6a53f7fcbfd38.php 第 152 行.
NOTIC: [8] Use of undefined constant level - assumed 'level' D:\WWW\Thinkphp\application\Runtime\Cache\Home\857cb80a7adc4d7e94f6a53f7fcbfd38.php 第 150 行.
NOTIC: [8] Use of undefined constant cate_id - assumed 'cate_id' D:\WWW\Thinkphp\application\Runtime\Cache\Home\857cb80a7adc4d7e94f6a53f7fcbfd38.php 第 150 行.
NOTIC: [8] Use of undefined constant level - assumed 'level' D:\WWW\Thinkphp\application\Runtime\Cache\Home\857cb80a7adc4d7e94f6a53f7fcbfd38.php 第 150 行.
NOTIC: [8] Use of undefined constant cate_id - assumed 'cate_id' D:\WWW\Thinkphp\application\Runtime\Cache\Home\857cb80a7adc4d7e94f6a53f7fcbfd38.php 第 150 行.
NOTIC: [8] Use of undefined constant level - assumed 'level' D:\WWW\Thinkphp\application\Runtime\Cache\Home\857cb80a7adc4d7e94f6a53f7fcbfd38.php 第 150 行.
NOTIC: [8] Use of undefined constant cate_id - assumed 'cate_id' D:\WWW\Thinkphp\application\Runtime\Cache\Home\857cb80a7adc4d7e94f6a53f7fcbfd38.php 第 150 行.
NOTIC: [8] Use of undefined constant level - assumed 'level' D:\WWW\Thinkphp\application\Runtime\Cache\Home\857cb80a7adc4d7e94f6a53f7fcbfd38.php 第 147 行.
NOTIC: [8] Use of undefined constant cate_id - assumed 'cate_id' D:\WWW\Thinkphp\application\Runtime\Cache\Home\857cb80a7adc4d7e94f6a53f7fcbfd38.php 第 147 行.
NOTIC: [8] Use of undefined constant level - assumed 'level' D:\WWW\Thinkphp\application\Runtime\Cache\Home\857cb80a7adc4d7e94f6a53f7fcbfd38.php 第 150 行.
NOTIC: [8] Use of undefined constant cate_id - assumed 'cate_id' D:\WWW\Thinkphp\application\Runtime\Cache\Home\857cb80a7adc4d7e94f6a53f7fcbfd38.php 第 150 行.
NOTIC: [8] Use of undefined constant level - assumed 'level' D:\WWW\Thinkphp\application\Runtime\Cache\Home\857cb80a7adc4d7e94f6a53f7fcbfd38.php 第 152 行.
NOTIC: [8] Use of undefined constant cate_id - assumed 'cate_id' D:\WWW\Thinkphp\application\Runtime\Cache\Home\857cb80a7adc4d7e94f6a53f7fcbfd38.php 第 152 行.
NOTIC: [8] Use of undefined constant level - assumed 'level' D:\WWW\Thinkphp\application\Runtime\Cache\Home\857cb80a7adc4d7e94f6a53f7fcbfd38.php 第 152 行.
NOTIC: [8] Use of undefined constant cate_id - assumed 'cate_id' D:\WWW\Thinkphp\application\Runtime\Cache\Home\857cb80a7adc4d7e94f6a53f7fcbfd38.php 第 152 行.
NOTIC: [8] Use of undefined constant level - assumed 'level' D:\WWW\Thinkphp\application\Runtime\Cache\Home\857cb80a7adc4d7e94f6a53f7fcbfd38.php 第 150 行.
NOTIC: [8] Use of undefined constant cate_id - assumed 'cate_id' D:\WWW\Thinkphp\application\Runtime\Cache\Home\857cb80a7adc4d7e94f6a53f7fcbfd38.php 第 150 行.
NOTIC: [8] Use of undefined constant level - assumed 'level' D:\WWW\Thinkphp\application\Runtime\Cache\Home\857cb80a7adc4d7e94f6a53f7fcbfd38.php 第 152 行.
NOTIC: [8] Use of undefined constant cate_id - assumed 'cate_id' D:\WWW\Thinkphp\application\Runtime\Cache\Home\857cb80a7adc4d7e94f6a53f7fcbfd38.php 第 152 行.
NOTIC: [8] Use of undefined constant level - assumed 'level' D:\WWW\Thinkphp\application\Runtime\Cache\Home\857cb80a7adc4d7e94f6a53f7fcbfd38.php 第 152 行.
NOTIC: [8] Use of undefined constant cate_id - assumed 'cate_id' D:\WWW\Thinkphp\application\Runtime\Cache\Home\857cb80a7adc4d7e94f6a53f7fcbfd38.php 第 152 行.
NOTIC: [8] Use of undefined constant level - assumed 'level' D:\WWW\Thinkphp\application\Runtime\Cache\Home\857cb80a7adc4d7e94f6a53f7fcbfd38.php 第 152 行.
NOTIC: [8] Use of undefined constant cate_id - assumed 'cate_id' D:\WWW\Thinkphp\application\Runtime\Cache\Home\857cb80a7adc4d7e94f6a53f7fcbfd38.php 第 152 行.
NOTIC: [8] Use of undefined constant level - assumed 'level' D:\WWW\Thinkphp\application\Runtime\Cache\Home\857cb80a7adc4d7e94f6a53f7fcbfd38.php 第 147 行.
NOTIC: [8] Use of undefined constant cate_id - assumed 'cate_id' D:\WWW\Thinkphp\application\Runtime\Cache\Home\857cb80a7adc4d7e94f6a53f7fcbfd38.php 第 147 行.
NOTIC: [8] Use of undefined constant level - assumed 'level' D:\WWW\Thinkphp\application\Runtime\Cache\Home\857cb80a7adc4d7e94f6a53f7fcbfd38.php 第 150 行.
NOTIC: [8] Use of undefined constant cate_id - assumed 'cate_id' D:\WWW\Thinkphp\application\Runtime\Cache\Home\857cb80a7adc4d7e94f6a53f7fcbfd38.php 第 150 行.
NOTIC: [8] Use of undefined constant level - assumed 'level' D:\WWW\Thinkphp\application\Runtime\Cache\Home\857cb80a7adc4d7e94f6a53f7fcbfd38.php 第 152 行.
NOTIC: [8] Use of undefined constant cate_id - assumed 'cate_id' D:\WWW\Thinkphp\application\Runtime\Cache\Home\857cb80a7adc4d7e94f6a53f7fcbfd38.php 第 152 行.
NOTIC: [8] Use of undefined constant level - assumed 'level' D:\WWW\Thinkphp\application\Runtime\Cache\Home\857cb80a7adc4d7e94f6a53f7fcbfd38.php 第 152 行.
NOTIC: [8] Use of undefined constant cate_id - assumed 'cate_id' D:\WWW\Thinkphp\application\Runtime\Cache\Home\857cb80a7adc4d7e94f6a53f7fcbfd38.php 第 152 行.
NOTIC: [8] Use of undefined constant level - assumed 'level' D:\WWW\Thinkphp\application\Runtime\Cache\Home\857cb80a7adc4d7e94f6a53f7fcbfd38.php 第 150 行.
NOTIC: [8] Use of undefined constant cate_id - assumed 'cate_id' D:\WWW\Thinkphp\application\Runtime\Cache\Home\857cb80a7adc4d7e94f6a53f7fcbfd38.php 第 150 行.
NOTIC: [8] Use of undefined constant level - assumed 'level' D:\WWW\Thinkphp\application\Runtime\Cache\Home\857cb80a7adc4d7e94f6a53f7fcbfd38.php 第 152 行.
NOTIC: [8] Use of undefined constant cate_id - assumed 'cate_id' D:\WWW\Thinkphp\application\Runtime\Cache\Home\857cb80a7adc4d7e94f6a53f7fcbfd38.php 第 152 行.
NOTIC: [8] Use of undefined constant level - assumed 'level' D:\WWW\Thinkphp\application\Runtime\Cache\Home\857cb80a7adc4d7e94f6a53f7fcbfd38.php 第 152 行.
NOTIC: [8] Use of undefined constant cate_id - assumed 'cate_id' D:\WWW\Thinkphp\application\Runtime\Cache\Home\857cb80a7adc4d7e94f6a53f7fcbfd38.php 第 152 行.
NOTIC: [8] Use of undefined constant level - assumed 'level' D:\WWW\Thinkphp\application\Runtime\Cache\Home\857cb80a7adc4d7e94f6a53f7fcbfd38.php 第 152 行.
NOTIC: [8] Use of undefined constant cate_id - assumed 'cate_id' D:\WWW\Thinkphp\application\Runtime\Cache\Home\857cb80a7adc4d7e94f6a53f7fcbfd38.php 第 152 行.
NOTIC: [8] Use of undefined constant level - assumed 'level' D:\WWW\Thinkphp\application\Runtime\Cache\Home\857cb80a7adc4d7e94f6a53f7fcbfd38.php 第 152 行.
NOTIC: [8] Use of undefined constant cate_id - assumed 'cate_id' D:\WWW\Thinkphp\application\Runtime\Cache\Home\857cb80a7adc4d7e94f6a53f7fcbfd38.php 第 152 行.
NOTIC: [8] Use of undefined constant level - assumed 'level' D:\WWW\Thinkphp\application\Runtime\Cache\Home\857cb80a7adc4d7e94f6a53f7fcbfd38.php 第 147 行.
NOTIC: [8] Use of undefined constant cate_id - assumed 'cate_id' D:\WWW\Thinkphp\application\Runtime\Cache\Home\857cb80a7adc4d7e94f6a53f7fcbfd38.php 第 147 行.
NOTIC: [8] Use of undefined constant level - assumed 'level' D:\WWW\Thinkphp\application\Runtime\Cache\Home\857cb80a7adc4d7e94f6a53f7fcbfd38.php 第 147 行.
NOTIC: [8] Use of undefined constant cate_id - assumed 'cate_id' D:\WWW\Thinkphp\application\Runtime\Cache\Home\857cb80a7adc4d7e94f6a53f7fcbfd38.php 第 147 行.
NOTIC: [8] Use of undefined constant level - assumed 'level' D:\WWW\Thinkphp\application\Runtime\Cache\Home\857cb80a7adc4d7e94f6a53f7fcbfd38.php 第 147 行.
NOTIC: [8] Use of undefined constant cate_id - assumed 'cate_id' D:\WWW\Thinkphp\application\Runtime\Cache\Home\857cb80a7adc4d7e94f6a53f7fcbfd38.php 第 147 行.
NOTIC: [8] Use of undefined constant level - assumed 'level' D:\WWW\Thinkphp\application\Runtime\Cache\Home\857cb80a7adc4d7e94f6a53f7fcbfd38.php 第 147 行.
NOTIC: [8] Use of undefined constant cate_id - assumed 'cate_id' D:\WWW\Thinkphp\application\Runtime\Cache\Home\857cb80a7adc4d7e94f6a53f7fcbfd38.php 第 147 行.
NOTIC: [8] Use of undefined constant level - assumed 'level' D:\WWW\Thinkphp\application\Runtime\Cache\Home\857cb80a7adc4d7e94f6a53f7fcbfd38.php 第 147 行.
NOTIC: [8] Use of undefined constant cate_id - assumed 'cate_id' D:\WWW\Thinkphp\application\Runtime\Cache\Home\857cb80a7adc4d7e94f6a53f7fcbfd38.php 第 147 行.
NOTIC: [8] Use of undefined constant level - assumed 'level' D:\WWW\Thinkphp\application\Runtime\Cache\Home\857cb80a7adc4d7e94f6a53f7fcbfd38.php 第 147 行.
NOTIC: [8] Use of undefined constant cate_id - assumed 'cate_id' D:\WWW\Thinkphp\application\Runtime\Cache\Home\857cb80a7adc4d7e94f6a53f7fcbfd38.php 第 147 行.
NOTIC: [8] Use of undefined constant level - assumed 'level' D:\WWW\Thinkphp\application\Runtime\Cache\Home\857cb80a7adc4d7e94f6a53f7fcbfd38.php 第 147 行.
NOTIC: [8] Use of undefined constant cate_id - assumed 'cate_id' D:\WWW\Thinkphp\application\Runtime\Cache\Home\857cb80a7adc4d7e94f6a53f7fcbfd38.php 第 147 行.
NOTIC: [8] Use of undefined constant level - assumed 'level' D:\WWW\Thinkphp\application\Runtime\Cache\Home\857cb80a7adc4d7e94f6a53f7fcbfd38.php 第 147 行.
NOTIC: [8] Use of undefined constant cate_id - assumed 'cate_id' D:\WWW\Thinkphp\application\Runtime\Cache\Home\857cb80a7adc4d7e94f6a53f7fcbfd38.php 第 147 行.
NOTIC: [8] Use of undefined constant level - assumed 'level' D:\WWW\Thinkphp\application\Runtime\Cache\Home\857cb80a7adc4d7e94f6a53f7fcbfd38.php 第 147 行.
NOTIC: [8] Use of undefined constant cate_id - assumed 'cate_id' D:\WWW\Thinkphp\application\Runtime\Cache\Home\857cb80a7adc4d7e94f6a53f7fcbfd38.php 第 147 行.
INFO: Run Behavior\ParseTemplateBehavior [ RunTime:0.034254s ]
INFO: [ view_parse ] --END-- [ RunTime:0.034358s ]
INFO: [ view_filter ] --START--
INFO: Run Behavior\WriteHtmlCacheBehavior [ RunTime:0.001075s ]
INFO: [ view_filter ] --END-- [ RunTime:0.001120s ]
INFO: [ app_end ] --START--
INFO: Run Behavior\ShowPageTraceBehavior [ RunTime:0.001669s ]
INFO: [ app_end ] --END-- [ RunTime:0.001736s ]

[ 2017-07-17T23:30:15+08:00 ] 127.0.0.1 /
INFO: [ app_init ] --START--
INFO: Run Behavior\BuildLiteBehavior [ RunTime:0.000018s ]
INFO: [ app_init ] --END-- [ RunTime:0.001012s ]
INFO: [ app_begin ] --START--
INFO: Run Behavior\ReadHtmlCacheBehavior [ RunTime:0.001378s ]
INFO: [ app_begin ] --END-- [ RunTime:0.001439s ]
SQL: SHOW COLUMNS FROM `sp_cate` [ RunTime:0.0058s ]
SQL: SELECT * FROM `sp_cate`  [ RunTime:0.0006s ]
INFO: [ view_parse ] --START--
INFO: [ template_filter ] --START--
INFO: Run Behavior\ContentReplaceBehavior [ RunTime:0.000192s ]
INFO: [ template_filter ] --END-- [ RunTime:0.000255s ]
NOTIC: [8] Use of undefined constant level - assumed 'level' D:\WWW\Thinkphp\application\Runtime\Cache\Home\857cb80a7adc4d7e94f6a53f7fcbfd38.php 第 147 行.
NOTIC: [8] Use of undefined constant cate_id - assumed 'cate_id' D:\WWW\Thinkphp\application\Runtime\Cache\Home\857cb80a7adc4d7e94f6a53f7fcbfd38.php 第 147 行.
NOTIC: [8] Use of undefined constant level - assumed 'level' D:\WWW\Thinkphp\application\Runtime\Cache\Home\857cb80a7adc4d7e94f6a53f7fcbfd38.php 第 150 行.
NOTIC: [8] Use of undefined constant cate_id - assumed 'cate_id' D:\WWW\Thinkphp\application\Runtime\Cache\Home\857cb80a7adc4d7e94f6a53f7fcbfd38.php 第 150 行.
NOTIC: [8] Use of undefined constant level - assumed 'level' D:\WWW\Thinkphp\application\Runtime\Cache\Home\857cb80a7adc4d7e94f6a53f7fcbfd38.php 第 152 行.
NOTIC: [8] Use of undefined constant cate_id - assumed 'cate_id' D:\WWW\Thinkphp\application\Runtime\Cache\Home\857cb80a7adc4d7e94f6a53f7fcbfd38.php 第 152 行.
NOTIC: [8] Use of undefined constant level - assumed 'level' D:\WWW\Thinkphp\application\Runtime\Cache\Home\857cb80a7adc4d7e94f6a53f7fcbfd38.php 第 152 行.
NOTIC: [8] Use of undefined constant cate_id - assumed 'cate_id' D:\WWW\Thinkphp\application\Runtime\Cache\Home\857cb80a7adc4d7e94f6a53f7fcbfd38.php 第 152 行.
NOTIC: [8] Use of undefined constant level - assumed 'level' D:\WWW\Thinkphp\application\Runtime\Cache\Home\857cb80a7adc4d7e94f6a53f7fcbfd38.php 第 152 行.
NOTIC: [8] Use of undefined constant cate_id - assumed 'cate_id' D:\WWW\Thinkphp\application\Runtime\Cache\Home\857cb80a7adc4d7e94f6a53f7fcbfd38.php 第 152 行.
NOTIC: [8] Use of undefined constant level - assumed 'level' D:\WWW\Thinkphp\application\Runtime\Cache\Home\857cb80a7adc4d7e94f6a53f7fcbfd38.php 第 152 行.
NOTIC: [8] Use of undefined constant cate_id - assumed 'cate_id' D:\WWW\Thinkphp\application\Runtime\Cache\Home\857cb80a7adc4d7e94f6a53f7fcbfd38.php 第 152 行.
NOTIC: [8] Use of undefined constant level - assumed 'level' D:\WWW\Thinkphp\application\Runtime\Cache\Home\857cb80a7adc4d7e94f6a53f7fcbfd38.php 第 152 行.
NOTIC: [8] Use of undefined constant cate_id - assumed 'cate_id' D:\WWW\Thinkphp\application\Runtime\Cache\Home\857cb80a7adc4d7e94f6a53f7fcbfd38.php 第 152 行.
NOTIC: [8] Use of undefined constant level - assumed 'level' D:\WWW\Thinkphp\application\Runtime\Cache\Home\857cb80a7adc4d7e94f6a53f7fcbfd38.php 第 152 行.
NOTIC: [8] Use of undefined constant cate_id - assumed 'cate_id' D:\WWW\Thinkphp\application\Runtime\Cache\Home\857cb80a7adc4d7e94f6a53f7fcbfd38.php 第 152 行.
NOTIC: [8] Use of undefined constant level - assumed 'level' D:\WWW\Thinkphp\application\Runtime\Cache\Home\857cb80a7adc4d7e94f6a53f7fcbfd38.php 第 152 行.
NOTIC: [8] Use of undefined constant cate_id - assumed 'cate_id' D:\WWW\Thinkphp\application\Runtime\Cache\Home\857cb80a7adc4d7e94f6a53f7fcbfd38.php 第 152 行.
NOTIC: [8] Use of undefined constant level - assumed 'level' D:\WWW\Thinkphp\application\Runtime\Cache\Home\857cb80a7adc4d7e94f6a53f7fcbfd38.php 第 152 行.
NOTIC: [8] Use of undefined constant cate_id - assumed 'cate_id' D:\WWW\Thinkphp\application\Runtime\Cache\Home\857cb80a7adc4d7e94f6a53f7fcbfd38.php 第 152 行.
NOTIC: [8] Use of undefined constant level - assumed 'level' D:\WWW\Thinkphp\application\Runtime\Cache\Home\857cb80a7adc4d7e94f6a53f7fcbfd38.php 第 150 行.
NOTIC: [8] Use of undefined constant cate_id - assumed 'cate_id' D:\WWW\Thinkphp\application\Runtime\Cache\Home\857cb80a7adc4d7e94f6a53f7fcbfd38.php 第 150 行.
NOTIC: [8] Use of undefined constant level - assumed 'level' D:\WWW\Thinkphp\application\Runtime\Cache\Home\857cb80a7adc4d7e94f6a53f7fcbfd38.php 第 152 行.
NOTIC: [8] Use of undefined constant cate_id - assumed 'cate_id' D:\WWW\Thinkphp\application\Runtime\Cache\Home\857cb80a7adc4d7e94f6a53f7fcbfd38.php 第 152 行.
NOTIC: [8] Use of undefined constant level - assumed 'level' D:\WWW\Thinkphp\application\Runtime\Cache\Home\857cb80a7adc4d7e94f6a53f7fcbfd38.php 第 152 行.
NOTIC: [8] Use of undefined constant cate_id - assumed 'cate_id' D:\WWW\Thinkphp\application\Runtime\Cache\Home\857cb80a7adc4d7e94f6a53f7fcbfd38.php 第 152 行.
NOTIC: [8] Use of undefined constant level - assumed 'level' D:\WWW\Thinkphp\application\Runtime\Cache\Home\857cb80a7adc4d7e94f6a53f7fcbfd38.php 第 152 行.
NOTIC: [8] Use of undefined constant cate_id - assumed 'cate_id' D:\WWW\Thinkphp\application\Runtime\Cache\Home\857cb80a7adc4d7e94f6a53f7fcbfd38.php 第 152 行.
NOTIC: [8] Use of undefined constant level - assumed 'level' D:\WWW\Thinkphp\application\Runtime\Cache\Home\857cb80a7adc4d7e94f6a53f7fcbfd38.php 第 152 行.
NOTIC: [8] Use of undefined constant cate_id - assumed 'cate_id' D:\WWW\Thinkphp\application\Runtime\Cache\Home\857cb80a7adc4d7e94f6a53f7fcbfd38.php 第 152 行.
NOTIC: [8] Use of undefined constant level - assumed 'level' D:\WWW\Thinkphp\application\Runtime\Cache\Home\857cb80a7adc4d7e94f6a53f7fcbfd38.php 第 152 行.
NOTIC: [8] Use of undefined constant cate_id - assumed 'cate_id' D:\WWW\Thinkphp\application\Runtime\Cache\Home\857cb80a7adc4d7e94f6a53f7fcbfd38.php 第 152 行.
NOTIC: [8] Use of undefined constant level - assumed 'level' D:\WWW\Thinkphp\application\Runtime\Cache\Home\857cb80a7adc4d7e94f6a53f7fcbfd38.php 第 150 行.
NOTIC: [8] Use of undefined constant cate_id - assumed 'cate_id' D:\WWW\Thinkphp\application\Runtime\Cache\Home\857cb80a7adc4d7e94f6a53f7fcbfd38.php 第 150 行.
NOTIC: [8] Use of undefined constant level - assumed 'level' D:\WWW\Thinkphp\application\Runtime\Cache\Home\857cb80a7adc4d7e94f6a53f7fcbfd38.php 第 150 行.
NOTIC: [8] Use of undefined constant cate_id - assumed 'cate_id' D:\WWW\Thinkphp\application\Runtime\Cache\Home\857cb80a7adc4d7e94f6a53f7fcbfd38.php 第 150 行.
NOTIC: [8] Use of undefined constant level - assumed 'level' D:\WWW\Thinkphp\application\Runtime\Cache\Home\857cb80a7adc4d7e94f6a53f7fcbfd38.php 第 150 行.
NOTIC: [8] Use of undefined constant cate_id - assumed 'cate_id' D:\WWW\Thinkphp\application\Runtime\Cache\Home\857cb80a7adc4d7e94f6a53f7fcbfd38.php 第 150 行.
NOTIC: [8] Use of undefined constant level - assumed 'level' D:\WWW\Thinkphp\application\Runtime\Cache\Home\857cb80a7adc4d7e94f6a53f7fcbfd38.php 第 150 行.
NOTIC: [8] Use of undefined constant cate_id - assumed 'cate_id' D:\WWW\Thinkphp\application\Runtime\Cache\Home\857cb80a7adc4d7e94f6a53f7fcbfd38.php 第 150 行.
NOTIC: [8] Use of undefined constant level - assumed 'level' D:\WWW\Thinkphp\application\Runtime\Cache\Home\857cb80a7adc4d7e94f6a53f7fcbfd38.php 第 150 行.
NOTIC: [8] Use of undefined constant cate_id - assumed 'cate_id' D:\WWW\Thinkphp\application\Runtime\Cache\Home\857cb80a7adc4d7e94f6a53f7fcbfd38.php 第 150 行.
NOTIC: [8] Use of undefined constant level - assumed 'level' D:\WWW\Thinkphp\application\Runtime\Cache\Home\857cb80a7adc4d7e94f6a53f7fcbfd38.php 第 150 行.
NOTIC: [8] Use of undefined constant cate_id - assumed 'cate_id' D:\WWW\Thinkphp\application\Runtime\Cache\Home\857cb80a7adc4d7e94f6a53f7fcbfd38.php 第 150 行.
NOTIC: [8] Use of undefined constant level - assumed 'level' D:\WWW\Thinkphp\application\Runtime\Cache\Home\857cb80a7adc4d7e94f6a53f7fcbfd38.php 第 147 行.
NOTIC: [8] Use of undefined constant cate_id - assumed 'cate_id' D:\WWW\Thinkphp\application\Runtime\Cache\Home\857cb80a7adc4d7e94f6a53f7fcbfd38.php 第 147 行.
NOTIC: [8] Use of undefined constant level - assumed 'level' D:\WWW\Thinkphp\application\Runtime\Cache\Home\857cb80a7adc4d7e94f6a53f7fcbfd38.php 第 150 行.
NOTIC: [8] Use of undefined constant cate_id - assumed 'cate_id' D:\WWW\Thinkphp\application\Runtime\Cache\Home\857cb80a7adc4d7e94f6a53f7fcbfd38.php 第 150 行.
NOTIC: [8] Use of undefined constant level - assumed 'level' D:\WWW\Thinkphp\application\Runtime\Cache\Home\857cb80a7adc4d7e94f6a53f7fcbfd38.php 第 152 行.
NOTIC: [8] Use of undefined constant cate_id - assumed 'cate_id' D:\WWW\Thinkphp\application\Runtime\Cache\Home\857cb80a7adc4d7e94f6a53f7fcbfd38.php 第 152 行.
NOTIC: [8] Use of undefined constant level - assumed 'level' D:\WWW\Thinkphp\application\Runtime\Cache\Home\857cb80a7adc4d7e94f6a53f7fcbfd38.php 第 152 行.
NOTIC: [8] Use of undefined constant cate_id - assumed 'cate_id' D:\WWW\Thinkphp\application\Runtime\Cache\Home\857cb80a7adc4d7e94f6a53f7fcbfd38.php 第 152 行.
NOTIC: [8] Use of undefined constant level - assumed 'level' D:\WWW\Thinkphp\application\Runtime\Cache\Home\857cb80a7adc4d7e94f6a53f7fcbfd38.php 第 152 行.
NOTIC: [8] Use of undefined constant cate_id - assumed 'cate_id' D:\WWW\Thinkphp\application\Runtime\Cache\Home\857cb80a7adc4d7e94f6a53f7fcbfd38.php 第 152 行.
NOTIC: [8] Use of undefined constant level - assumed 'level' D:\WWW\Thinkphp\application\Runtime\Cache\Home\857cb80a7adc4d7e94f6a53f7fcbfd38.php 第 152 行.
NOTIC: [8] Use of undefined constant cate_id - assumed 'cate_id' D:\WWW\Thinkphp\application\Runtime\Cache\Home\857cb80a7adc4d7e94f6a53f7fcbfd38.php 第 152 行.
NOTIC: [8] Use of undefined constant level - assumed 'level' D:\WWW\Thinkphp\application\Runtime\Cache\Home\857cb80a7adc4d7e94f6a53f7fcbfd38.php 第 152 行.
NOTIC: [8] Use of undefined constant cate_id - assumed 'cate_id' D:\WWW\Thinkphp\application\Runtime\Cache\Home\857cb80a7adc4d7e94f6a53f7fcbfd38.php 第 152 行.
NOTIC: [8] Use of undefined constant level - assumed 'level' D:\WWW\Thinkphp\application\Runtime\Cache\Home\857cb80a7adc4d7e94f6a53f7fcbfd38.php 第 152 行.
NOTIC: [8] Use of undefined constant cate_id - assumed 'cate_id' D:\WWW\Thinkphp\application\Runtime\Cache\Home\857cb80a7adc4d7e94f6a53f7fcbfd38.php 第 152 行.
NOTIC: [8] Use of undefined constant level - assumed 'level' D:\WWW\Thinkphp\application\Runtime\Cache\Home\857cb80a7adc4d7e94f6a53f7fcbfd38.php 第 150 行.
NOTIC: [8] Use of undefined constant cate_id - assumed 'cate_id' D:\WWW\Thinkphp\application\Runtime\Cache\Home\857cb80a7adc4d7e94f6a53f7fcbfd38.php 第 150 行.
NOTIC: [8] Use of undefined constant level - assumed 'level' D:\WWW\Thinkphp\application\Runtime\Cache\Home\857cb80a7adc4d7e94f6a53f7fcbfd38.php 第 152 行.
NOTIC: [8] Use of undefined constant cate_id - assumed 'cate_id' D:\WWW\Thinkphp\application\Runtime\Cache\Home\857cb80a7adc4d7e94f6a53f7fcbfd38.php 第 152 行.
NOTIC: [8] Use of undefined constant level - assumed 'level' D:\WWW\Thinkphp\application\Runtime\Cache\Home\857cb80a7adc4d7e94f6a53f7fcbfd38.php 第 152 行.
NOTIC: [8] Use of undefined constant cate_id - assumed 'cate_id' D:\WWW\Thinkphp\application\Runtime\Cache\Home\857cb80a7adc4d7e94f6a53f7fcbfd38.php 第 152 行.
NOTIC: [8] Use of undefined constant level - assumed 'level' D:\WWW\Thinkphp\application\Runtime\Cache\Home\857cb80a7adc4d7e94f6a53f7fcbfd38.php 第 152 行.
NOTIC: [8] Use of undefined constant cate_id - assumed 'cate_id' D:\WWW\Thinkphp\application\Runtime\Cache\Home\857cb80a7adc4d7e94f6a53f7fcbfd38.php 第 152 行.
NOTIC: [8] Use of undefined constant level - assumed 'level' D:\WWW\Thinkphp\application\Runtime\Cache\Home\857cb80a7adc4d7e94f6a53f7fcbfd38.php 第 152 行.
NOTIC: [8] Use of undefined constant cate_id - assumed 'cate_id' D:\WWW\Thinkphp\application\Runtime\Cache\Home\857cb80a7adc4d7e94f6a53f7fcbfd38.php 第 152 行.
NOTIC: [8] Use of undefined constant level - assumed 'level' D:\WWW\Thinkphp\application\Runtime\Cache\Home\857cb80a7adc4d7e94f6a53f7fcbfd38.php 第 152 行.
NOTIC: [8] Use of undefined constant cate_id - assumed 'cate_id' D:\WWW\Thinkphp\application\Runtime\Cache\Home\857cb80a7adc4d7e94f6a53f7fcbfd38.php 第 152 行.
NOTIC: [8] Use of undefined constant level - assumed 'level' D:\WWW\Thinkphp\application\Runtime\Cache\Home\857cb80a7adc4d7e94f6a53f7fcbfd38.php 第 152 行.
NOTIC: [8] Use of undefined constant cate_id - assumed 'cate_id' D:\WWW\Thinkphp\application\Runtime\Cache\Home\857cb80a7adc4d7e94f6a53f7fcbfd38.php 第 152 行.
NOTIC: [8] Use of undefined constant level - assumed 'level' D:\WWW\Thinkphp\application\Runtime\Cache\Home\857cb80a7adc4d7e94f6a53f7fcbfd38.php 第 152 行.
NOTIC: [8] Use of undefined constant cate_id - assumed 'cate_id' D:\WWW\Thinkphp\application\Runtime\Cache\Home\857cb80a7adc4d7e94f6a53f7fcbfd38.php 第 152 行.
NOTIC: [8] Use of undefined constant level - assumed 'level' D:\WWW\Thinkphp\application\Runtime\Cache\Home\857cb80a7adc4d7e94f6a53f7fcbfd38.php 第 150 行.
NOTIC: [8] Use of undefined constant cate_id - assumed 'cate_id' D:\WWW\Thinkphp\application\Runtime\Cache\Home\857cb80a7adc4d7e94f6a53f7fcbfd38.php 第 150 行.
NOTIC: [8] Use of undefined constant level - assumed 'level' D:\WWW\Thinkphp\application\Runtime\Cache\Home\857cb80a7adc4d7e94f6a53f7fcbfd38.php 第 150 行.
NOTIC: [8] Use of undefined constant cate_id - assumed 'cate_id' D:\WWW\Thinkphp\application\Runtime\Cache\Home\857cb80a7adc4d7e94f6a53f7fcbfd38.php 第 150 行.
NOTIC: [8] Use of undefined constant level - assumed 'level' D:\WWW\Thinkphp\application\Runtime\Cache\Home\857cb80a7adc4d7e94f6a53f7fcbfd38.php 第 150 行.
NOTIC: [8] Use of undefined constant cate_id - assumed 'cate_id' D:\WWW\Thinkphp\application\Runtime\Cache\Home\857cb80a7adc4d7e94f6a53f7fcbfd38.php 第 150 行.
NOTIC: [8] Use of undefined constant level - assumed 'level' D:\WWW\Thinkphp\application\Runtime\Cache\Home\857cb80a7adc4d7e94f6a53f7fcbfd38.php 第 147 行.
NOTIC: [8] Use of undefined constant cate_id - assumed 'cate_id' D:\WWW\Thinkphp\application\Runtime\Cache\Home\857cb80a7adc4d7e94f6a53f7fcbfd38.php 第 147 行.
NOTIC: [8] Use of undefined constant level - assumed 'level' D:\WWW\Thinkphp\application\Runtime\Cache\Home\857cb80a7adc4d7e94f6a53f7fcbfd38.php 第 150 行.
NOTIC: [8] Use of undefined constant cate_id - assumed 'cate_id' D:\WWW\Thinkphp\application\Runtime\Cache\Home\857cb80a7adc4d7e94f6a53f7fcbfd38.php 第 150 行.
NOTIC: [8] Use of undefined constant level - assumed 'level' D:\WWW\Thinkphp\application\Runtime\Cache\Home\857cb80a7adc4d7e94f6a53f7fcbfd38.php 第 152 行.
NOTIC: [8] Use of undefined constant cate_id - assumed 'cate_id' D:\WWW\Thinkphp\application\Runtime\Cache\Home\857cb80a7adc4d7e94f6a53f7fcbfd38.php 第 152 行.
NOTIC: [8] Use of undefined constant level - assumed 'level' D:\WWW\Thinkphp\application\Runtime\Cache\Home\857cb80a7adc4d7e94f6a53f7fcbfd38.php 第 152 行.
NOTIC: [8] Use of undefined constant cate_id - assumed 'cate_id' D:\WWW\Thinkphp\application\Runtime\Cache\Home\857cb80a7adc4d7e94f6a53f7fcbfd38.php 第 152 行.
NOTIC: [8] Use of undefined constant level - assumed 'level' D:\WWW\Thinkphp\application\Runtime\Cache\Home\857cb80a7adc4d7e94f6a53f7fcbfd38.php 第 150 行.
NOTIC: [8] Use of undefined constant cate_id - assumed 'cate_id' D:\WWW\Thinkphp\application\Runtime\Cache\Home\857cb80a7adc4d7e94f6a53f7fcbfd38.php 第 150 行.
NOTIC: [8] Use of undefined constant level - assumed 'level' D:\WWW\Thinkphp\application\Runtime\Cache\Home\857cb80a7adc4d7e94f6a53f7fcbfd38.php 第 152 行.
NOTIC: [8] Use of undefined constant cate_id - assumed 'cate_id' D:\WWW\Thinkphp\application\Runtime\Cache\Home\857cb80a7adc4d7e94f6a53f7fcbfd38.php 第 152 行.
NOTIC: [8] Use of undefined constant level - assumed 'level' D:\WWW\Thinkphp\application\Runtime\Cache\Home\857cb80a7adc4d7e94f6a53f7fcbfd38.php 第 152 行.
NOTIC: [8] Use of undefined constant cate_id - assumed 'cate_id' D:\WWW\Thinkphp\application\Runtime\Cache\Home\857cb80a7adc4d7e94f6a53f7fcbfd38.php 第 152 行.
NOTIC: [8] Use of undefined constant level - assumed 'level' D:\WWW\Thinkphp\application\Runtime\Cache\Home\857cb80a7adc4d7e94f6a53f7fcbfd38.php 第 152 行.
NOTIC: [8] Use of undefined constant cate_id - assumed 'cate_id' D:\WWW\Thinkphp\application\Runtime\Cache\Home\857cb80a7adc4d7e94f6a53f7fcbfd38.php 第 152 行.
NOTIC: [8] Use of undefined constant level - assumed 'level' D:\WWW\Thinkphp\application\Runtime\Cache\Home\857cb80a7adc4d7e94f6a53f7fcbfd38.php 第 147 行.
NOTIC: [8] Use of undefined constant cate_id - assumed 'cate_id' D:\WWW\Thinkphp\application\Runtime\Cache\Home\857cb80a7adc4d7e94f6a53f7fcbfd38.php 第 147 行.
NOTIC: [8] Use of undefined constant level - assumed 'level' D:\WWW\Thinkphp\application\Runtime\Cache\Home\857cb80a7adc4d7e94f6a53f7fcbfd38.php 第 150 行.
NOTIC: [8] Use of undefined constant cate_id - assumed 'cate_id' D:\WWW\Thinkphp\application\Runtime\Cache\Home\857cb80a7adc4d7e94f6a53f7fcbfd38.php 第 150 行.
NOTIC: [8] Use of undefined constant level - assumed 'level' D:\WWW\Thinkphp\application\Runtime\Cache\Home\857cb80a7adc4d7e94f6a53f7fcbfd38.php 第 152 行.
NOTIC: [8] Use of undefined constant cate_id - assumed 'cate_id' D:\WWW\Thinkphp\application\Runtime\Cache\Home\857cb80a7adc4d7e94f6a53f7fcbfd38.php 第 152 行.
NOTIC: [8] Use of undefined constant level - assumed 'level' D:\WWW\Thinkphp\application\Runtime\Cache\Home\857cb80a7adc4d7e94f6a53f7fcbfd38.php 第 152 行.
NOTIC: [8] Use of undefined constant cate_id - assumed 'cate_id' D:\WWW\Thinkphp\application\Runtime\Cache\Home\857cb80a7adc4d7e94f6a53f7fcbfd38.php 第 152 行.
NOTIC: [8] Use of undefined constant level - assumed 'level' D:\WWW\Thinkphp\application\Runtime\Cache\Home\857cb80a7adc4d7e94f6a53f7fcbfd38.php 第 150 行.
NOTIC: [8] Use of undefined constant cate_id - assumed 'cate_id' D:\WWW\Thinkphp\application\Runtime\Cache\Home\857cb80a7adc4d7e94f6a53f7fcbfd38.php 第 150 行.
NOTIC: [8] Use of undefined constant level - assumed 'level' D:\WWW\Thinkphp\application\Runtime\Cache\Home\857cb80a7adc4d7e94f6a53f7fcbfd38.php 第 152 行.
NOTIC: [8] Use of undefined constant cate_id - assumed 'cate_id' D:\WWW\Thinkphp\application\Runtime\Cache\Home\857cb80a7adc4d7e94f6a53f7fcbfd38.php 第 152 行.
NOTIC: [8] Use of undefined constant level - assumed 'level' D:\WWW\Thinkphp\application\Runtime\Cache\Home\857cb80a7adc4d7e94f6a53f7fcbfd38.php 第 152 行.
NOTIC: [8] Use of undefined constant cate_id - assumed 'cate_id' D:\WWW\Thinkphp\application\Runtime\Cache\Home\857cb80a7adc4d7e94f6a53f7fcbfd38.php 第 152 行.
NOTIC: [8] Use of undefined constant level - assumed 'level' D:\WWW\Thinkphp\application\Runtime\Cache\Home\857cb80a7adc4d7e94f6a53f7fcbfd38.php 第 152 行.
NOTIC: [8] Use of undefined constant cate_id - assumed 'cate_id' D:\WWW\Thinkphp\application\Runtime\Cache\Home\857cb80a7adc4d7e94f6a53f7fcbfd38.php 第 152 行.
NOTIC: [8] Use of undefined constant level - assumed 'level' D:\WWW\Thinkphp\application\Runtime\Cache\Home\857cb80a7adc4d7e94f6a53f7fcbfd38.php 第 152 行.
NOTIC: [8] Use of undefined constant cate_id - assumed 'cate_id' D:\WWW\Thinkphp\application\Runtime\Cache\Home\857cb80a7adc4d7e94f6a53f7fcbfd38.php 第 152 行.
NOTIC: [8] Use of undefined constant level - assumed 'level' D:\WWW\Thinkphp\application\Runtime\Cache\Home\857cb80a7adc4d7e94f6a53f7fcbfd38.php 第 147 行.
NOTIC: [8] Use of undefined constant cate_id - assumed 'cate_id' D:\WWW\Thinkphp\application\Runtime\Cache\Home\857cb80a7adc4d7e94f6a53f7fcbfd38.php 第 147 行.
NOTIC: [8] Use of undefined constant level - assumed 'level' D:\WWW\Thinkphp\application\Runtime\Cache\Home\857cb80a7adc4d7e94f6a53f7fcbfd38.php 第 147 行.
NOTIC: [8] Use of undefined constant cate_id - assumed 'cate_id' D:\WWW\Thinkphp\application\Runtime\Cache\Home\857cb80a7adc4d7e94f6a53f7fcbfd38.php 第 147 行.
NOTIC: [8] Use of undefined constant level - assumed 'level' D:\WWW\Thinkphp\application\Runtime\Cache\Home\857cb80a7adc4d7e94f6a53f7fcbfd38.php 第 147 行.
NOTIC: [8] Use of undefined constant cate_id - assumed 'cate_id' D:\WWW\Thinkphp\application\Runtime\Cache\Home\857cb80a7adc4d7e94f6a53f7fcbfd38.php 第 147 行.
NOTIC: [8] Use of undefined constant level - assumed 'level' D:\WWW\Thinkphp\application\Runtime\Cache\Home\857cb80a7adc4d7e94f6a53f7fcbfd38.php 第 147 行.
NOTIC: [8] Use of undefined constant cate_id - assumed 'cate_id' D:\WWW\Thinkphp\application\Runtime\Cache\Home\857cb80a7adc4d7e94f6a53f7fcbfd38.php 第 147 行.
NOTIC: [8] Use of undefined constant level - assumed 'level' D:\WWW\Thinkphp\application\Runtime\Cache\Home\857cb80a7adc4d7e94f6a53f7fcbfd38.php 第 147 行.
NOTIC: [8] Use of undefined constant cate_id - assumed 'cate_id' D:\WWW\Thinkphp\application\Runtime\Cache\Home\857cb80a7adc4d7e94f6a53f7fcbfd38.php 第 147 行.
NOTIC: [8] Use of undefined constant level - assumed 'level' D:\WWW\Thinkphp\application\Runtime\Cache\Home\857cb80a7adc4d7e94f6a53f7fcbfd38.php 第 147 行.
NOTIC: [8] Use of undefined constant cate_id - assumed 'cate_id' D:\WWW\Thinkphp\application\Runtime\Cache\Home\857cb80a7adc4d7e94f6a53f7fcbfd38.php 第 147 行.
NOTIC: [8] Use of undefined constant level - assumed 'level' D:\WWW\Thinkphp\application\Runtime\Cache\Home\857cb80a7adc4d7e94f6a53f7fcbfd38.php 第 147 行.
NOTIC: [8] Use of undefined constant cate_id - assumed 'cate_id' D:\WWW\Thinkphp\application\Runtime\Cache\Home\857cb80a7adc4d7e94f6a53f7fcbfd38.php 第 147 行.
NOTIC: [8] Use of undefined constant level - assumed 'level' D:\WWW\Thinkphp\application\Runtime\Cache\Home\857cb80a7adc4d7e94f6a53f7fcbfd38.php 第 147 行.
NOTIC: [8] Use of undefined constant cate_id - assumed 'cate_id' D:\WWW\Thinkphp\application\Runtime\Cache\Home\857cb80a7adc4d7e94f6a53f7fcbfd38.php 第 147 行.
NOTIC: [8] Use of undefined constant level - assumed 'level' D:\WWW\Thinkphp\application\Runtime\Cache\Home\857cb80a7adc4d7e94f6a53f7fcbfd38.php 第 147 行.
NOTIC: [8] Use of undefined constant cate_id - assumed 'cate_id' D:\WWW\Thinkphp\application\Runtime\Cache\Home\857cb80a7adc4d7e94f6a53f7fcbfd38.php 第 147 行.
INFO: Run Behavior\ParseTemplateBehavior [ RunTime:0.029459s ]
INFO: [ view_parse ] --END-- [ RunTime:0.029515s ]
INFO: [ view_filter ] --START--
INFO: Run Behavior\WriteHtmlCacheBehavior [ RunTime:0.001366s ]
INFO: [ view_filter ] --END-- [ RunTime:0.001409s ]
INFO: [ app_end ] --START--
INFO: Run Behavior\ShowPageTraceBehavior [ RunTime:0.001960s ]
INFO: [ app_end ] --END-- [ RunTime:0.002050s ]

