[ 2017-08-01T15:57:24+08:00 ] 127.0.0.1 /admin/index/login
INFO: [ app_init ] --START--
INFO: Run Behavior\BuildLiteBehavior [ RunTime:0.000016s ]
INFO: [ app_init ] --END-- [ RunTime:0.000598s ]
INFO: [ app_begin ] --START--
INFO: Run Behavior\ReadHtmlCacheBehavior [ RunTime:0.001431s ]
INFO: [ app_begin ] --END-- [ RunTime:0.001481s ]
INFO: [ view_parse ] --START--
INFO: [ template_filter ] --START--
INFO: Run Behavior\ContentReplaceBehavior [ RunTime:0.000244s ]
INFO: [ template_filter ] --END-- [ RunTime:0.000291s ]
INFO: Run Behavior\ParseTemplateBehavior [ RunTime:0.012587s ]
INFO: [ view_parse ] --END-- [ RunTime:0.012648s ]
INFO: [ view_filter ] --START--
INFO: Run Behavior\WriteHtmlCacheBehavior [ RunTime:0.001095s ]
INFO: [ view_filter ] --END-- [ RunTime:0.001134s ]
INFO: [ app_end ] --START--
INFO: Run Behavior\ShowPageTraceBehavior [ RunTime:0.002848s ]
INFO: [ app_end ] --END-- [ RunTime:0.002985s ]

[ 2017-08-01T15:57:24+08:00 ] 127.0.0.1 /Admin/Index/verify.html
INFO: [ app_init ] --START--
INFO: Run Behavior\BuildLiteBehavior [ RunTime:0.000022s ]
INFO: [ app_init ] --END-- [ RunTime:0.000743s ]
INFO: [ app_begin ] --START--
INFO: Run Behavior\ReadHtmlCacheBehavior [ RunTime:0.001513s ]
INFO: [ app_begin ] --END-- [ RunTime:0.001612s ]
INFO: [ app_end ] --START--
INFO: Run Behavior\ShowPageTraceBehavior [ RunTime:0.001017s ]
INFO: [ app_end ] --END-- [ RunTime:0.001086s ]

[ 2017-08-01T15:57:30+08:00 ] 127.0.0.1 /Admin/Index/verify.html?c=0.2194653910470059
INFO: [ app_init ] --START--
INFO: Run Behavior\BuildLiteBehavior [ RunTime:0.000027s ]
INFO: [ app_init ] --END-- [ RunTime:0.000949s ]
INFO: [ app_begin ] --START--
INFO: Run Behavior\ReadHtmlCacheBehavior [ RunTime:0.001558s ]
INFO: [ app_begin ] --END-- [ RunTime:0.001662s ]
INFO: [ app_end ] --START--
INFO: Run Behavior\ShowPageTraceBehavior [ RunTime:0.001177s ]
INFO: [ app_end ] --END-- [ RunTime:0.001247s ]

[ 2017-08-01T15:57:37+08:00 ] 127.0.0.1 /admin/index/login
INFO: [ app_init ] --START--
INFO: Run Behavior\BuildLiteBehavior [ RunTime:0.000027s ]
INFO: [ app_init ] --END-- [ RunTime:0.000816s ]
INFO: [ app_begin ] --START--
INFO: Run Behavior\ReadHtmlCacheBehavior [ RunTime:0.003329s ]
INFO: [ app_begin ] --END-- [ RunTime:0.003741s ]
SQL: SELECT * FROM `sp_manager` WHERE ( manager_name='admin' ) LIMIT 1   [ RunTime:0.0018s ]
SQL: UPDATE `sp_manager` SET `manager_login`='1501574257' WHERE `manager_id` = '10' [ RunTime:0.0036s ]
INFO: [ view_parse ] --START--
INFO: [ template_filter ] --START--
INFO: Run Behavior\ContentReplaceBehavior [ RunTime:0.000072s ]
INFO: [ template_filter ] --END-- [ RunTime:0.000163s ]
INFO: Run Behavior\ParseTemplateBehavior [ RunTime:0.015584s ]
INFO: [ view_parse ] --END-- [ RunTime:0.015719s ]
INFO: [ view_filter ] --START--
INFO: Run Behavior\WriteHtmlCacheBehavior [ RunTime:0.000846s ]
INFO: [ view_filter ] --END-- [ RunTime:0.000889s ]
INFO: [ app_end ] --START--
INFO: Run Behavior\ShowPageTraceBehavior [ RunTime:0.001065s ]
INFO: [ app_end ] --END-- [ RunTime:0.001112s ]

[ 2017-08-01T15:57:39+08:00 ] 127.0.0.1 /Admin/Main/index.html
INFO: [ app_init ] --START--
INFO: Run Behavior\BuildLiteBehavior [ RunTime:0.000016s ]
INFO: [ app_init ] --END-- [ RunTime:0.000536s ]
INFO: [ app_begin ] --START--
INFO: Run Behavior\ReadHtmlCacheBehavior [ RunTime:0.000935s ]
INFO: [ app_begin ] --END-- [ RunTime:0.000986s ]
SQL: SHOW COLUMNS FROM `sp_role` [ RunTime:0.0053s ]
SQL: SELECT `role_auth_path` FROM `sp_role` WHERE `role_id` = 1 LIMIT 1   [ RunTime:0.0003s ]
INFO: [ view_parse ] --START--
INFO: [ template_filter ] --START--
INFO: Run Behavior\ContentReplaceBehavior [ RunTime:0.000044s ]
INFO: [ template_filter ] --END-- [ RunTime:0.000093s ]
INFO: Run Behavior\ParseTemplateBehavior [ RunTime:0.007518s ]
INFO: [ view_parse ] --END-- [ RunTime:0.007573s ]
INFO: [ view_filter ] --START--
INFO: Run Behavior\WriteHtmlCacheBehavior [ RunTime:0.000704s ]
INFO: [ view_filter ] --END-- [ RunTime:0.000742s ]
INFO: [ app_end ] --START--
INFO: Run Behavior\ShowPageTraceBehavior [ RunTime:0.000961s ]
INFO: [ app_end ] --END-- [ RunTime:0.001008s ]

[ 2017-08-01T15:57:40+08:00 ] 127.0.0.1 /Admin/Main/main.html
INFO: [ app_init ] --START--
INFO: Run Behavior\BuildLiteBehavior [ RunTime:0.000024s ]
INFO: [ app_init ] --END-- [ RunTime:0.000771s ]
INFO: [ app_begin ] --START--
INFO: Run Behavior\ReadHtmlCacheBehavior [ RunTime:0.001362s ]
INFO: [ app_begin ] --END-- [ RunTime:0.001454s ]
SQL: SHOW COLUMNS FROM `sp_role` [ RunTime:0.0047s ]
SQL: SELECT `role_auth_path` FROM `sp_role` WHERE `role_id` = 1 LIMIT 1   [ RunTime:0.0004s ]
INFO: [ view_parse ] --START--
INFO: [ template_filter ] --START--
INFO: Run Behavior\ContentReplaceBehavior [ RunTime:0.000050s ]
INFO: [ template_filter ] --END-- [ RunTime:0.000100s ]
INFO: Run Behavior\ParseTemplateBehavior [ RunTime:0.007977s ]
INFO: [ view_parse ] --END-- [ RunTime:0.008033s ]
INFO: [ view_filter ] --START--
INFO: Run Behavior\WriteHtmlCacheBehavior [ RunTime:0.000738s ]
INFO: [ view_filter ] --END-- [ RunTime:0.000780s ]
INFO: [ app_end ] --START--
INFO: Run Behavior\ShowPageTraceBehavior [ RunTime:0.000978s ]
INFO: [ app_end ] --END-- [ RunTime:0.001022s ]

[ 2017-08-01T15:57:41+08:00 ] 127.0.0.1 /Admin/Main/top.html
INFO: [ app_init ] --START--
INFO: Run Behavior\BuildLiteBehavior [ RunTime:0.000020s ]
INFO: [ app_init ] --END-- [ RunTime:0.000692s ]
INFO: [ app_begin ] --START--
INFO: Run Behavior\ReadHtmlCacheBehavior [ RunTime:0.001371s ]
INFO: [ app_begin ] --END-- [ RunTime:0.001458s ]
SQL: SHOW COLUMNS FROM `sp_role` [ RunTime:0.0073s ]
SQL: SELECT `role_auth_path` FROM `sp_role` WHERE `role_id` = 1 LIMIT 1   [ RunTime:0.0005s ]
INFO: [ view_parse ] --START--
INFO: [ template_filter ] --START--
INFO: Run Behavior\ContentReplaceBehavior [ RunTime:0.000104s ]
INFO: [ template_filter ] --END-- [ RunTime:0.000202s ]
INFO: Run Behavior\ParseTemplateBehavior [ RunTime:0.014596s ]
INFO: [ view_parse ] --END-- [ RunTime:0.014690s ]
INFO: [ view_filter ] --START--
INFO: Run Behavior\WriteHtmlCacheBehavior [ RunTime:0.001249s ]
INFO: [ view_filter ] --END-- [ RunTime:0.001317s ]
INFO: [ app_end ] --START--
INFO: Run Behavior\ShowPageTraceBehavior [ RunTime:0.002346s ]
INFO: [ app_end ] --END-- [ RunTime:0.002461s ]

[ 2017-08-01T15:57:42+08:00 ] 127.0.0.1 /Admin/Main/left.html
INFO: [ app_init ] --START--
INFO: Run Behavior\BuildLiteBehavior [ RunTime:0.000014s ]
INFO: [ app_init ] --END-- [ RunTime:0.000551s ]
INFO: [ app_begin ] --START--
INFO: Run Behavior\ReadHtmlCacheBehavior [ RunTime:0.000980s ]
INFO: [ app_begin ] --END-- [ RunTime:0.001032s ]
SQL: SHOW COLUMNS FROM `sp_role` [ RunTime:0.0048s ]
SQL: SELECT `role_auth_path` FROM `sp_role` WHERE `role_id` = 1 LIMIT 1   [ RunTime:0.0003s ]
SQL: SELECT `role_auth_ids` FROM `sp_role` WHERE `role_id` = 1 LIMIT 1   [ RunTime:0.0002s ]
SQL: SHOW COLUMNS FROM `sp_auth` [ RunTime:0.0052s ]
SQL: SELECT * FROM `sp_auth` WHERE ( auth_id in (1,2,3,10,4,5,6,7,8,9,11,12,13,14,15,16,17,18,19,20) and auth_pid=0 and auth_show=1 )  [ RunTime:0.0008s ]
SQL: SELECT * FROM `sp_auth` WHERE ( auth_id in (1,2,3,10,4,5,6,7,8,9,11,12,13,14,15,16,17,18,19,20) and  auth_pid!=0 and auth_show=1 )  [ RunTime:0.0003s ]
INFO: [ view_parse ] --START--
INFO: [ template_filter ] --START--
INFO: Run Behavior\ContentReplaceBehavior [ RunTime:0.000053s ]
INFO: [ template_filter ] --END-- [ RunTime:0.000106s ]
NOTIC: [8] Use of undefined constant auth_c - assumed 'auth_c' D:\WWW\Thinkphp\application\Runtime\Cache\Admin\4a8c570a9706580de9bfec50676ff7a4.php 第 39 行.
NOTIC: [8] Use of undefined constant auth_a - assumed 'auth_a' D:\WWW\Thinkphp\application\Runtime\Cache\Admin\4a8c570a9706580de9bfec50676ff7a4.php 第 39 行.
NOTIC: [8] Use of undefined constant auth_c - assumed 'auth_c' D:\WWW\Thinkphp\application\Runtime\Cache\Admin\4a8c570a9706580de9bfec50676ff7a4.php 第 39 行.
NOTIC: [8] Use of undefined constant auth_a - assumed 'auth_a' D:\WWW\Thinkphp\application\Runtime\Cache\Admin\4a8c570a9706580de9bfec50676ff7a4.php 第 39 行.
NOTIC: [8] Use of undefined constant auth_c - assumed 'auth_c' D:\WWW\Thinkphp\application\Runtime\Cache\Admin\4a8c570a9706580de9bfec50676ff7a4.php 第 39 行.
NOTIC: [8] Use of undefined constant auth_a - assumed 'auth_a' D:\WWW\Thinkphp\application\Runtime\Cache\Admin\4a8c570a9706580de9bfec50676ff7a4.php 第 39 行.
NOTIC: [8] Use of undefined constant auth_c - assumed 'auth_c' D:\WWW\Thinkphp\application\Runtime\Cache\Admin\4a8c570a9706580de9bfec50676ff7a4.php 第 39 行.
NOTIC: [8] Use of undefined constant auth_a - assumed 'auth_a' D:\WWW\Thinkphp\application\Runtime\Cache\Admin\4a8c570a9706580de9bfec50676ff7a4.php 第 39 行.
NOTIC: [8] Use of undefined constant auth_c - assumed 'auth_c' D:\WWW\Thinkphp\application\Runtime\Cache\Admin\4a8c570a9706580de9bfec50676ff7a4.php 第 39 行.
NOTIC: [8] Use of undefined constant auth_a - assumed 'auth_a' D:\WWW\Thinkphp\application\Runtime\Cache\Admin\4a8c570a9706580de9bfec50676ff7a4.php 第 39 行.
NOTIC: [8] Use of undefined constant auth_c - assumed 'auth_c' D:\WWW\Thinkphp\application\Runtime\Cache\Admin\4a8c570a9706580de9bfec50676ff7a4.php 第 39 行.
NOTIC: [8] Use of undefined constant auth_a - assumed 'auth_a' D:\WWW\Thinkphp\application\Runtime\Cache\Admin\4a8c570a9706580de9bfec50676ff7a4.php 第 39 行.
NOTIC: [8] Use of undefined constant auth_c - assumed 'auth_c' D:\WWW\Thinkphp\application\Runtime\Cache\Admin\4a8c570a9706580de9bfec50676ff7a4.php 第 39 行.
NOTIC: [8] Use of undefined constant auth_a - assumed 'auth_a' D:\WWW\Thinkphp\application\Runtime\Cache\Admin\4a8c570a9706580de9bfec50676ff7a4.php 第 39 行.
NOTIC: [8] Use of undefined constant auth_c - assumed 'auth_c' D:\WWW\Thinkphp\application\Runtime\Cache\Admin\4a8c570a9706580de9bfec50676ff7a4.php 第 39 行.
NOTIC: [8] Use of undefined constant auth_a - assumed 'auth_a' D:\WWW\Thinkphp\application\Runtime\Cache\Admin\4a8c570a9706580de9bfec50676ff7a4.php 第 39 行.
NOTIC: [8] Use of undefined constant auth_c - assumed 'auth_c' D:\WWW\Thinkphp\application\Runtime\Cache\Admin\4a8c570a9706580de9bfec50676ff7a4.php 第 39 行.
NOTIC: [8] Use of undefined constant auth_a - assumed 'auth_a' D:\WWW\Thinkphp\application\Runtime\Cache\Admin\4a8c570a9706580de9bfec50676ff7a4.php 第 39 行.
NOTIC: [8] Use of undefined constant auth_c - assumed 'auth_c' D:\WWW\Thinkphp\application\Runtime\Cache\Admin\4a8c570a9706580de9bfec50676ff7a4.php 第 39 行.
NOTIC: [8] Use of undefined constant auth_a - assumed 'auth_a' D:\WWW\Thinkphp\application\Runtime\Cache\Admin\4a8c570a9706580de9bfec50676ff7a4.php 第 39 行.
NOTIC: [8] Use of undefined constant auth_c - assumed 'auth_c' D:\WWW\Thinkphp\application\Runtime\Cache\Admin\4a8c570a9706580de9bfec50676ff7a4.php 第 39 行.
NOTIC: [8] Use of undefined constant auth_a - assumed 'auth_a' D:\WWW\Thinkphp\application\Runtime\Cache\Admin\4a8c570a9706580de9bfec50676ff7a4.php 第 39 行.
NOTIC: [8] Use of undefined constant auth_c - assumed 'auth_c' D:\WWW\Thinkphp\application\Runtime\Cache\Admin\4a8c570a9706580de9bfec50676ff7a4.php 第 39 行.
NOTIC: [8] Use of undefined constant auth_a - assumed 'auth_a' D:\WWW\Thinkphp\application\Runtime\Cache\Admin\4a8c570a9706580de9bfec50676ff7a4.php 第 39 行.
INFO: Run Behavior\ParseTemplateBehavior [ RunTime:0.010911s ]
INFO: [ view_parse ] --END-- [ RunTime:0.010962s ]
INFO: [ view_filter ] --START--
INFO: Run Behavior\WriteHtmlCacheBehavior [ RunTime:0.000806s ]
INFO: [ view_filter ] --END-- [ RunTime:0.000846s ]
INFO: [ app_end ] --START--
INFO: Run Behavior\ShowPageTraceBehavior [ RunTime:0.000908s ]
INFO: [ app_end ] --END-- [ RunTime:0.000945s ]

[ 2017-08-01T15:58:31+08:00 ] 127.0.0.1 /Admin/Goods/addGoods.html
INFO: [ app_init ] --START--
INFO: Run Behavior\BuildLiteBehavior [ RunTime:0.000016s ]
INFO: [ app_init ] --END-- [ RunTime:0.000562s ]
INFO: [ app_begin ] --START--
INFO: Run Behavior\ReadHtmlCacheBehavior [ RunTime:0.000902s ]
INFO: [ app_begin ] --END-- [ RunTime:0.000953s ]
SQL: SHOW COLUMNS FROM `sp_role` [ RunTime:0.0068s ]
SQL: SELECT `role_auth_path` FROM `sp_role` WHERE `role_id` = 1 LIMIT 1   [ RunTime:0.0005s ]
SQL: SHOW COLUMNS FROM `sp_cate` [ RunTime:0.0061s ]
SQL: SELECT * FROM `sp_cate` WHERE ( cate_pid=0 )  [ RunTime:0.0005s ]
INFO: [ view_parse ] --START--
INFO: [ template_filter ] --START--
INFO: Run Behavior\ContentReplaceBehavior [ RunTime:0.000201s ]
INFO: [ template_filter ] --END-- [ RunTime:0.000318s ]
INFO: Run Behavior\ParseTemplateBehavior [ RunTime:0.016915s ]
INFO: [ view_parse ] --END-- [ RunTime:0.017048s ]
INFO: [ view_filter ] --START--
INFO: Run Behavior\WriteHtmlCacheBehavior [ RunTime:0.001489s ]
INFO: [ view_filter ] --END-- [ RunTime:0.001591s ]
INFO: [ app_end ] --START--
INFO: Run Behavior\ShowPageTraceBehavior [ RunTime:0.002032s ]
INFO: [ app_end ] --END-- [ RunTime:0.002146s ]

[ 2017-08-01T16:29:42+08:00 ] 127.0.0.1 /Admin/Goods/goodsList.html
INFO: [ app_init ] --START--
INFO: Run Behavior\BuildLiteBehavior [ RunTime:0.000064s ]
INFO: [ app_init ] --END-- [ RunTime:0.001457s ]
INFO: [ app_begin ] --START--
INFO: Run Behavior\ReadHtmlCacheBehavior [ RunTime:0.001066s ]
INFO: [ app_begin ] --END-- [ RunTime:0.001128s ]
SQL: SHOW COLUMNS FROM `sp_role` [ RunTime:0.0052s ]
SQL: SELECT `role_auth_path` FROM `sp_role` WHERE `role_id` = 1 LIMIT 1   [ RunTime:0.0004s ]
SQL: SHOW COLUMNS FROM `sp_goods` [ RunTime:0.0053s ]
SQL: SELECT * FROM `sp_goods` LIMIT 0,5   [ RunTime:0.0005s ]
SQL: SELECT COUNT(*) AS tp_count FROM `sp_goods` LIMIT 1   [ RunTime:0.0003s ]
INFO: [ view_parse ] --START--
INFO: [ template_filter ] --START--
INFO: Run Behavior\ContentReplaceBehavior [ RunTime:0.000068s ]
INFO: [ template_filter ] --END-- [ RunTime:0.000118s ]
NOTIC: [8] Use of undefined constant goods_id - assumed 'goods_id' D:\WWW\Thinkphp\application\Runtime\Cache\Admin\af8781c0ac9c25562ee238804b947ffa.php 第 75 行.
NOTIC: [8] Use of undefined constant goods_id - assumed 'goods_id' D:\WWW\Thinkphp\application\Runtime\Cache\Admin\af8781c0ac9c25562ee238804b947ffa.php 第 75 行.
NOTIC: [8] Use of undefined constant goods_id - assumed 'goods_id' D:\WWW\Thinkphp\application\Runtime\Cache\Admin\af8781c0ac9c25562ee238804b947ffa.php 第 75 行.
NOTIC: [8] Use of undefined constant goods_id - assumed 'goods_id' D:\WWW\Thinkphp\application\Runtime\Cache\Admin\af8781c0ac9c25562ee238804b947ffa.php 第 75 行.
NOTIC: [8] Use of undefined constant goods_id - assumed 'goods_id' D:\WWW\Thinkphp\application\Runtime\Cache\Admin\af8781c0ac9c25562ee238804b947ffa.php 第 75 行.
NOTIC: [8] Use of undefined constant goods_id - assumed 'goods_id' D:\WWW\Thinkphp\application\Runtime\Cache\Admin\af8781c0ac9c25562ee238804b947ffa.php 第 75 行.
NOTIC: [8] Use of undefined constant goods_id - assumed 'goods_id' D:\WWW\Thinkphp\application\Runtime\Cache\Admin\af8781c0ac9c25562ee238804b947ffa.php 第 75 行.
NOTIC: [8] Use of undefined constant goods_id - assumed 'goods_id' D:\WWW\Thinkphp\application\Runtime\Cache\Admin\af8781c0ac9c25562ee238804b947ffa.php 第 75 行.
NOTIC: [8] Use of undefined constant goods_id - assumed 'goods_id' D:\WWW\Thinkphp\application\Runtime\Cache\Admin\af8781c0ac9c25562ee238804b947ffa.php 第 75 行.
NOTIC: [8] Use of undefined constant goods_id - assumed 'goods_id' D:\WWW\Thinkphp\application\Runtime\Cache\Admin\af8781c0ac9c25562ee238804b947ffa.php 第 75 行.
INFO: Run Behavior\ParseTemplateBehavior [ RunTime:0.010475s ]
INFO: [ view_parse ] --END-- [ RunTime:0.010524s ]
INFO: [ view_filter ] --START--
INFO: Run Behavior\WriteHtmlCacheBehavior [ RunTime:0.000670s ]
INFO: [ view_filter ] --END-- [ RunTime:0.000720s ]
INFO: [ app_end ] --START--
INFO: Run Behavior\ShowPageTraceBehavior [ RunTime:0.000984s ]
INFO: [ app_end ] --END-- [ RunTime:0.001033s ]

[ 2017-08-01T16:29:42+08:00 ] 127.0.0.1 /Admin/Goods/images/ticon.png
INFO: [ app_init ] --START--
INFO: Run Behavior\BuildLiteBehavior [ RunTime:0.000017s ]
INFO: [ app_init ] --END-- [ RunTime:0.000701s ]

[ 2017-08-01T16:33:35+08:00 ] 127.0.0.1 /Admin/Main/index.html
INFO: [ app_init ] --START--
INFO: Run Behavior\BuildLiteBehavior [ RunTime:0.000016s ]
INFO: [ app_init ] --END-- [ RunTime:0.000680s ]
INFO: [ app_begin ] --START--
INFO: Run Behavior\ReadHtmlCacheBehavior [ RunTime:0.001249s ]
INFO: [ app_begin ] --END-- [ RunTime:0.001330s ]
SQL: SHOW COLUMNS FROM `sp_role` [ RunTime:0.0054s ]
SQL: SELECT `role_auth_path` FROM `sp_role` WHERE `role_id` = 1 LIMIT 1   [ RunTime:0.0004s ]
INFO: [ view_parse ] --START--
INFO: [ template_filter ] --START--
INFO: Run Behavior\ContentReplaceBehavior [ RunTime:0.000074s ]
INFO: [ template_filter ] --END-- [ RunTime:0.000199s ]
INFO: Run Behavior\ParseTemplateBehavior [ RunTime:0.008881s ]
INFO: [ view_parse ] --END-- [ RunTime:0.008975s ]
INFO: [ view_filter ] --START--
INFO: Run Behavior\WriteHtmlCacheBehavior [ RunTime:0.000975s ]
INFO: [ view_filter ] --END-- [ RunTime:0.001032s ]
INFO: [ app_end ] --START--
INFO: Run Behavior\ShowPageTraceBehavior [ RunTime:0.000960s ]
INFO: [ app_end ] --END-- [ RunTime:0.001001s ]

[ 2017-08-01T16:33:36+08:00 ] 127.0.0.1 /Admin/Main/top.html
INFO: [ app_init ] --START--
INFO: Run Behavior\BuildLiteBehavior [ RunTime:0.000029s ]
INFO: [ app_init ] --END-- [ RunTime:0.001086s ]
INFO: [ app_begin ] --START--
INFO: Run Behavior\ReadHtmlCacheBehavior [ RunTime:0.001543s ]
INFO: [ app_begin ] --END-- [ RunTime:0.001639s ]
SQL: SHOW COLUMNS FROM `sp_role` [ RunTime:0.0064s ]
SQL: SELECT `role_auth_path` FROM `sp_role` WHERE `role_id` = 1 LIMIT 1   [ RunTime:0.0005s ]
INFO: [ view_parse ] --START--
INFO: [ template_filter ] --START--
INFO: Run Behavior\ContentReplaceBehavior [ RunTime:0.000085s ]
INFO: [ template_filter ] --END-- [ RunTime:0.000181s ]
INFO: Run Behavior\ParseTemplateBehavior [ RunTime:0.009429s ]
INFO: [ view_parse ] --END-- [ RunTime:0.009509s ]
INFO: [ view_filter ] --START--
INFO: Run Behavior\WriteHtmlCacheBehavior [ RunTime:0.000811s ]
INFO: [ view_filter ] --END-- [ RunTime:0.000868s ]
INFO: [ app_end ] --START--
INFO: Run Behavior\ShowPageTraceBehavior [ RunTime:0.001996s ]
INFO: [ app_end ] --END-- [ RunTime:0.002086s ]

[ 2017-08-01T16:33:37+08:00 ] 127.0.0.1 /Admin/Main/left.html
INFO: [ app_init ] --START--
INFO: Run Behavior\BuildLiteBehavior [ RunTime:0.000025s ]
INFO: [ app_init ] --END-- [ RunTime:0.000800s ]
INFO: [ app_begin ] --START--
INFO: Run Behavior\ReadHtmlCacheBehavior [ RunTime:0.001737s ]
INFO: [ app_begin ] --END-- [ RunTime:0.001839s ]
SQL: SHOW COLUMNS FROM `sp_role` [ RunTime:0.0058s ]
SQL: SELECT `role_auth_path` FROM `sp_role` WHERE `role_id` = 1 LIMIT 1   [ RunTime:0.0003s ]
SQL: SELECT `role_auth_ids` FROM `sp_role` WHERE `role_id` = 1 LIMIT 1   [ RunTime:0.0003s ]
SQL: SHOW COLUMNS FROM `sp_auth` [ RunTime:0.0062s ]
SQL: SELECT * FROM `sp_auth` WHERE ( auth_id in (1,2,3,10,4,5,6,7,8,9,11,12,13,14,15,16,17,18,19,20) and auth_pid=0 and auth_show=1 )  [ RunTime:0.0005s ]
SQL: SELECT * FROM `sp_auth` WHERE ( auth_id in (1,2,3,10,4,5,6,7,8,9,11,12,13,14,15,16,17,18,19,20) and  auth_pid!=0 and auth_show=1 )  [ RunTime:0.0004s ]
INFO: [ view_parse ] --START--
INFO: [ template_filter ] --START--
INFO: Run Behavior\ContentReplaceBehavior [ RunTime:0.000085s ]
INFO: [ template_filter ] --END-- [ RunTime:0.000174s ]
NOTIC: [8] Use of undefined constant auth_c - assumed 'auth_c' D:\WWW\Thinkphp\application\Runtime\Cache\Admin\4a8c570a9706580de9bfec50676ff7a4.php 第 39 行.
NOTIC: [8] Use of undefined constant auth_a - assumed 'auth_a' D:\WWW\Thinkphp\application\Runtime\Cache\Admin\4a8c570a9706580de9bfec50676ff7a4.php 第 39 行.
NOTIC: [8] Use of undefined constant auth_c - assumed 'auth_c' D:\WWW\Thinkphp\application\Runtime\Cache\Admin\4a8c570a9706580de9bfec50676ff7a4.php 第 39 行.
NOTIC: [8] Use of undefined constant auth_a - assumed 'auth_a' D:\WWW\Thinkphp\application\Runtime\Cache\Admin\4a8c570a9706580de9bfec50676ff7a4.php 第 39 行.
NOTIC: [8] Use of undefined constant auth_c - assumed 'auth_c' D:\WWW\Thinkphp\application\Runtime\Cache\Admin\4a8c570a9706580de9bfec50676ff7a4.php 第 39 行.
NOTIC: [8] Use of undefined constant auth_a - assumed 'auth_a' D:\WWW\Thinkphp\application\Runtime\Cache\Admin\4a8c570a9706580de9bfec50676ff7a4.php 第 39 行.
NOTIC: [8] Use of undefined constant auth_c - assumed 'auth_c' D:\WWW\Thinkphp\application\Runtime\Cache\Admin\4a8c570a9706580de9bfec50676ff7a4.php 第 39 行.
NOTIC: [8] Use of undefined constant auth_a - assumed 'auth_a' D:\WWW\Thinkphp\application\Runtime\Cache\Admin\4a8c570a9706580de9bfec50676ff7a4.php 第 39 行.
NOTIC: [8] Use of undefined constant auth_c - assumed 'auth_c' D:\WWW\Thinkphp\application\Runtime\Cache\Admin\4a8c570a9706580de9bfec50676ff7a4.php 第 39 行.
NOTIC: [8] Use of undefined constant auth_a - assumed 'auth_a' D:\WWW\Thinkphp\application\Runtime\Cache\Admin\4a8c570a9706580de9bfec50676ff7a4.php 第 39 行.
NOTIC: [8] Use of undefined constant auth_c - assumed 'auth_c' D:\WWW\Thinkphp\application\Runtime\Cache\Admin\4a8c570a9706580de9bfec50676ff7a4.php 第 39 行.
NOTIC: [8] Use of undefined constant auth_a - assumed 'auth_a' D:\WWW\Thinkphp\application\Runtime\Cache\Admin\4a8c570a9706580de9bfec50676ff7a4.php 第 39 行.
NOTIC: [8] Use of undefined constant auth_c - assumed 'auth_c' D:\WWW\Thinkphp\application\Runtime\Cache\Admin\4a8c570a9706580de9bfec50676ff7a4.php 第 39 行.
NOTIC: [8] Use of undefined constant auth_a - assumed 'auth_a' D:\WWW\Thinkphp\application\Runtime\Cache\Admin\4a8c570a9706580de9bfec50676ff7a4.php 第 39 行.
NOTIC: [8] Use of undefined constant auth_c - assumed 'auth_c' D:\WWW\Thinkphp\application\Runtime\Cache\Admin\4a8c570a9706580de9bfec50676ff7a4.php 第 39 行.
NOTIC: [8] Use of undefined constant auth_a - assumed 'auth_a' D:\WWW\Thinkphp\application\Runtime\Cache\Admin\4a8c570a9706580de9bfec50676ff7a4.php 第 39 行.
NOTIC: [8] Use of undefined constant auth_c - assumed 'auth_c' D:\WWW\Thinkphp\application\Runtime\Cache\Admin\4a8c570a9706580de9bfec50676ff7a4.php 第 39 行.
NOTIC: [8] Use of undefined constant auth_a - assumed 'auth_a' D:\WWW\Thinkphp\application\Runtime\Cache\Admin\4a8c570a9706580de9bfec50676ff7a4.php 第 39 行.
NOTIC: [8] Use of undefined constant auth_c - assumed 'auth_c' D:\WWW\Thinkphp\application\Runtime\Cache\Admin\4a8c570a9706580de9bfec50676ff7a4.php 第 39 行.
NOTIC: [8] Use of undefined constant auth_a - assumed 'auth_a' D:\WWW\Thinkphp\application\Runtime\Cache\Admin\4a8c570a9706580de9bfec50676ff7a4.php 第 39 行.
NOTIC: [8] Use of undefined constant auth_c - assumed 'auth_c' D:\WWW\Thinkphp\application\Runtime\Cache\Admin\4a8c570a9706580de9bfec50676ff7a4.php 第 39 行.
NOTIC: [8] Use of undefined constant auth_a - assumed 'auth_a' D:\WWW\Thinkphp\application\Runtime\Cache\Admin\4a8c570a9706580de9bfec50676ff7a4.php 第 39 行.
NOTIC: [8] Use of undefined constant auth_c - assumed 'auth_c' D:\WWW\Thinkphp\application\Runtime\Cache\Admin\4a8c570a9706580de9bfec50676ff7a4.php 第 39 行.
NOTIC: [8] Use of undefined constant auth_a - assumed 'auth_a' D:\WWW\Thinkphp\application\Runtime\Cache\Admin\4a8c570a9706580de9bfec50676ff7a4.php 第 39 行.
INFO: Run Behavior\ParseTemplateBehavior [ RunTime:0.014324s ]
INFO: [ view_parse ] --END-- [ RunTime:0.014394s ]
INFO: [ view_filter ] --START--
INFO: Run Behavior\WriteHtmlCacheBehavior [ RunTime:0.001074s ]
INFO: [ view_filter ] --END-- [ RunTime:0.001151s ]
INFO: [ app_end ] --START--
INFO: Run Behavior\ShowPageTraceBehavior [ RunTime:0.001338s ]
INFO: [ app_end ] --END-- [ RunTime:0.001397s ]

[ 2017-08-01T16:33:38+08:00 ] 127.0.0.1 /Admin/Main/main.html
INFO: [ app_init ] --START--
INFO: Run Behavior\BuildLiteBehavior [ RunTime:0.000026s ]
INFO: [ app_init ] --END-- [ RunTime:0.001004s ]
INFO: [ app_begin ] --START--
INFO: Run Behavior\ReadHtmlCacheBehavior [ RunTime:0.001547s ]
INFO: [ app_begin ] --END-- [ RunTime:0.001650s ]
SQL: SHOW COLUMNS FROM `sp_role` [ RunTime:0.0044s ]
SQL: SELECT `role_auth_path` FROM `sp_role` WHERE `role_id` = 1 LIMIT 1   [ RunTime:0.0006s ]
INFO: [ view_parse ] --START--
INFO: [ template_filter ] --START--
INFO: Run Behavior\ContentReplaceBehavior [ RunTime:0.000055s ]
INFO: [ template_filter ] --END-- [ RunTime:0.000142s ]
INFO: Run Behavior\ParseTemplateBehavior [ RunTime:0.008312s ]
INFO: [ view_parse ] --END-- [ RunTime:0.008385s ]
INFO: [ view_filter ] --START--
INFO: Run Behavior\WriteHtmlCacheBehavior [ RunTime:0.000666s ]
INFO: [ view_filter ] --END-- [ RunTime:0.000706s ]
INFO: [ app_end ] --START--
INFO: Run Behavior\ShowPageTraceBehavior [ RunTime:0.000909s ]
INFO: [ app_end ] --END-- [ RunTime:0.000950s ]

[ 2017-08-01T16:33:59+08:00 ] 127.0.0.1 /Admin/Main/index.html
INFO: [ app_init ] --START--
INFO: Run Behavior\BuildLiteBehavior [ RunTime:0.000026s ]
INFO: [ app_init ] --END-- [ RunTime:0.000823s ]
INFO: [ app_begin ] --START--
INFO: Run Behavior\ReadHtmlCacheBehavior [ RunTime:0.000921s ]
INFO: [ app_begin ] --END-- [ RunTime:0.000979s ]
SQL: SHOW COLUMNS FROM `sp_role` [ RunTime:0.0046s ]
SQL: SELECT `role_auth_path` FROM `sp_role` WHERE `role_id` = 1 LIMIT 1   [ RunTime:0.0003s ]
INFO: [ view_parse ] --START--
INFO: [ template_filter ] --START--
INFO: Run Behavior\ContentReplaceBehavior [ RunTime:0.000072s ]
INFO: [ template_filter ] --END-- [ RunTime:0.000167s ]
INFO: Run Behavior\ParseTemplateBehavior [ RunTime:0.010389s ]
INFO: [ view_parse ] --END-- [ RunTime:0.010471s ]
INFO: [ view_filter ] --START--
INFO: Run Behavior\WriteHtmlCacheBehavior [ RunTime:0.001049s ]
INFO: [ view_filter ] --END-- [ RunTime:0.001115s ]
INFO: [ app_end ] --START--
INFO: Run Behavior\ShowPageTraceBehavior [ RunTime:0.000939s ]
INFO: [ app_end ] --END-- [ RunTime:0.000980s ]

[ 2017-08-01T16:34:00+08:00 ] 127.0.0.1 /Admin/Main/top.html
INFO: [ app_init ] --START--
INFO: Run Behavior\BuildLiteBehavior [ RunTime:0.000024s ]
INFO: [ app_init ] --END-- [ RunTime:0.000850s ]
INFO: [ app_begin ] --START--
INFO: Run Behavior\ReadHtmlCacheBehavior [ RunTime:0.001300s ]
INFO: [ app_begin ] --END-- [ RunTime:0.001385s ]
SQL: SHOW COLUMNS FROM `sp_role` [ RunTime:0.0050s ]
SQL: SELECT `role_auth_path` FROM `sp_role` WHERE `role_id` = 1 LIMIT 1   [ RunTime:0.0004s ]
INFO: [ view_parse ] --START--
INFO: [ template_filter ] --START--
INFO: Run Behavior\ContentReplaceBehavior [ RunTime:0.000055s ]
INFO: [ template_filter ] --END-- [ RunTime:0.000112s ]
INFO: Run Behavior\ParseTemplateBehavior [ RunTime:0.008346s ]
INFO: [ view_parse ] --END-- [ RunTime:0.008441s ]
INFO: [ view_filter ] --START--
INFO: Run Behavior\WriteHtmlCacheBehavior [ RunTime:0.000855s ]
INFO: [ view_filter ] --END-- [ RunTime:0.000896s ]
INFO: [ app_end ] --START--
INFO: Run Behavior\ShowPageTraceBehavior [ RunTime:0.000902s ]
INFO: [ app_end ] --END-- [ RunTime:0.000942s ]

[ 2017-08-01T16:34:01+08:00 ] 127.0.0.1 /Admin/Main/left.html
INFO: [ app_init ] --START--
INFO: Run Behavior\BuildLiteBehavior [ RunTime:0.000026s ]
INFO: [ app_init ] --END-- [ RunTime:0.000824s ]
INFO: [ app_begin ] --START--
INFO: Run Behavior\ReadHtmlCacheBehavior [ RunTime:0.037130s ]
INFO: [ app_begin ] --END-- [ RunTime:0.039292s ]
SQL: SHOW COLUMNS FROM `sp_role` [ RunTime:0.0048s ]
SQL: SELECT `role_auth_path` FROM `sp_role` WHERE `role_id` = 1 LIMIT 1   [ RunTime:0.0003s ]
SQL: SELECT `role_auth_ids` FROM `sp_role` WHERE `role_id` = 1 LIMIT 1   [ RunTime:0.0002s ]
SQL: SHOW COLUMNS FROM `sp_auth` [ RunTime:0.0049s ]
SQL: SELECT * FROM `sp_auth` WHERE ( auth_id in (1,2,3,10,4,5,6,7,8,9,11,12,13,14,15,16,17,18,19,20) and auth_pid=0 and auth_show=1 )  [ RunTime:0.0005s ]
SQL: SELECT * FROM `sp_auth` WHERE ( auth_id in (1,2,3,10,4,5,6,7,8,9,11,12,13,14,15,16,17,18,19,20) and  auth_pid!=0 and auth_show=1 )  [ RunTime:0.0004s ]
INFO: [ view_parse ] --START--
INFO: [ template_filter ] --START--
INFO: Run Behavior\ContentReplaceBehavior [ RunTime:0.000055s ]
INFO: [ template_filter ] --END-- [ RunTime:0.000113s ]
NOTIC: [8] Use of undefined constant auth_c - assumed 'auth_c' D:\WWW\Thinkphp\application\Runtime\Cache\Admin\4a8c570a9706580de9bfec50676ff7a4.php 第 39 行.
NOTIC: [8] Use of undefined constant auth_a - assumed 'auth_a' D:\WWW\Thinkphp\application\Runtime\Cache\Admin\4a8c570a9706580de9bfec50676ff7a4.php 第 39 行.
NOTIC: [8] Use of undefined constant auth_c - assumed 'auth_c' D:\WWW\Thinkphp\application\Runtime\Cache\Admin\4a8c570a9706580de9bfec50676ff7a4.php 第 39 行.
NOTIC: [8] Use of undefined constant auth_a - assumed 'auth_a' D:\WWW\Thinkphp\application\Runtime\Cache\Admin\4a8c570a9706580de9bfec50676ff7a4.php 第 39 行.
NOTIC: [8] Use of undefined constant auth_c - assumed 'auth_c' D:\WWW\Thinkphp\application\Runtime\Cache\Admin\4a8c570a9706580de9bfec50676ff7a4.php 第 39 行.
NOTIC: [8] Use of undefined constant auth_a - assumed 'auth_a' D:\WWW\Thinkphp\application\Runtime\Cache\Admin\4a8c570a9706580de9bfec50676ff7a4.php 第 39 行.
NOTIC: [8] Use of undefined constant auth_c - assumed 'auth_c' D:\WWW\Thinkphp\application\Runtime\Cache\Admin\4a8c570a9706580de9bfec50676ff7a4.php 第 39 行.
NOTIC: [8] Use of undefined constant auth_a - assumed 'auth_a' D:\WWW\Thinkphp\application\Runtime\Cache\Admin\4a8c570a9706580de9bfec50676ff7a4.php 第 39 行.
NOTIC: [8] Use of undefined constant auth_c - assumed 'auth_c' D:\WWW\Thinkphp\application\Runtime\Cache\Admin\4a8c570a9706580de9bfec50676ff7a4.php 第 39 行.
NOTIC: [8] Use of undefined constant auth_a - assumed 'auth_a' D:\WWW\Thinkphp\application\Runtime\Cache\Admin\4a8c570a9706580de9bfec50676ff7a4.php 第 39 行.
NOTIC: [8] Use of undefined constant auth_c - assumed 'auth_c' D:\WWW\Thinkphp\application\Runtime\Cache\Admin\4a8c570a9706580de9bfec50676ff7a4.php 第 39 行.
NOTIC: [8] Use of undefined constant auth_a - assumed 'auth_a' D:\WWW\Thinkphp\application\Runtime\Cache\Admin\4a8c570a9706580de9bfec50676ff7a4.php 第 39 行.
NOTIC: [8] Use of undefined constant auth_c - assumed 'auth_c' D:\WWW\Thinkphp\application\Runtime\Cache\Admin\4a8c570a9706580de9bfec50676ff7a4.php 第 39 行.
NOTIC: [8] Use of undefined constant auth_a - assumed 'auth_a' D:\WWW\Thinkphp\application\Runtime\Cache\Admin\4a8c570a9706580de9bfec50676ff7a4.php 第 39 行.
NOTIC: [8] Use of undefined constant auth_c - assumed 'auth_c' D:\WWW\Thinkphp\application\Runtime\Cache\Admin\4a8c570a9706580de9bfec50676ff7a4.php 第 39 行.
NOTIC: [8] Use of undefined constant auth_a - assumed 'auth_a' D:\WWW\Thinkphp\application\Runtime\Cache\Admin\4a8c570a9706580de9bfec50676ff7a4.php 第 39 行.
NOTIC: [8] Use of undefined constant auth_c - assumed 'auth_c' D:\WWW\Thinkphp\application\Runtime\Cache\Admin\4a8c570a9706580de9bfec50676ff7a4.php 第 39 行.
NOTIC: [8] Use of undefined constant auth_a - assumed 'auth_a' D:\WWW\Thinkphp\application\Runtime\Cache\Admin\4a8c570a9706580de9bfec50676ff7a4.php 第 39 行.
NOTIC: [8] Use of undefined constant auth_c - assumed 'auth_c' D:\WWW\Thinkphp\application\Runtime\Cache\Admin\4a8c570a9706580de9bfec50676ff7a4.php 第 39 行.
NOTIC: [8] Use of undefined constant auth_a - assumed 'auth_a' D:\WWW\Thinkphp\application\Runtime\Cache\Admin\4a8c570a9706580de9bfec50676ff7a4.php 第 39 行.
NOTIC: [8] Use of undefined constant auth_c - assumed 'auth_c' D:\WWW\Thinkphp\application\Runtime\Cache\Admin\4a8c570a9706580de9bfec50676ff7a4.php 第 39 行.
NOTIC: [8] Use of undefined constant auth_a - assumed 'auth_a' D:\WWW\Thinkphp\application\Runtime\Cache\Admin\4a8c570a9706580de9bfec50676ff7a4.php 第 39 行.
NOTIC: [8] Use of undefined constant auth_c - assumed 'auth_c' D:\WWW\Thinkphp\application\Runtime\Cache\Admin\4a8c570a9706580de9bfec50676ff7a4.php 第 39 行.
NOTIC: [8] Use of undefined constant auth_a - assumed 'auth_a' D:\WWW\Thinkphp\application\Runtime\Cache\Admin\4a8c570a9706580de9bfec50676ff7a4.php 第 39 行.
INFO: Run Behavior\ParseTemplateBehavior [ RunTime:0.012473s ]
INFO: [ view_parse ] --END-- [ RunTime:0.012522s ]
INFO: [ view_filter ] --START--
INFO: Run Behavior\WriteHtmlCacheBehavior [ RunTime:0.000737s ]
INFO: [ view_filter ] --END-- [ RunTime:0.000783s ]
INFO: [ app_end ] --START--
INFO: Run Behavior\ShowPageTraceBehavior [ RunTime:0.001027s ]
INFO: [ app_end ] --END-- [ RunTime:0.001073s ]

[ 2017-08-01T16:34:02+08:00 ] 127.0.0.1 /Admin/Main/main.html
INFO: [ app_init ] --START--
INFO: Run Behavior\BuildLiteBehavior [ RunTime:0.000025s ]
INFO: [ app_init ] --END-- [ RunTime:0.000826s ]
INFO: [ app_begin ] --START--
INFO: Run Behavior\ReadHtmlCacheBehavior [ RunTime:0.010513s ]
INFO: [ app_begin ] --END-- [ RunTime:0.010828s ]
SQL: SHOW COLUMNS FROM `sp_role` [ RunTime:0.0054s ]
SQL: SELECT `role_auth_path` FROM `sp_role` WHERE `role_id` = 1 LIMIT 1   [ RunTime:0.0006s ]
INFO: [ view_parse ] --START--
INFO: [ template_filter ] --START--
INFO: Run Behavior\ContentReplaceBehavior [ RunTime:0.000078s ]
INFO: [ template_filter ] --END-- [ RunTime:0.000165s ]
INFO: Run Behavior\ParseTemplateBehavior [ RunTime:0.011735s ]
INFO: [ view_parse ] --END-- [ RunTime:0.011836s ]
INFO: [ view_filter ] --START--
INFO: Run Behavior\WriteHtmlCacheBehavior [ RunTime:0.001084s ]
INFO: [ view_filter ] --END-- [ RunTime:0.001170s ]
INFO: [ app_end ] --START--
INFO: Run Behavior\ShowPageTraceBehavior [ RunTime:0.001570s ]
INFO: [ app_end ] --END-- [ RunTime:0.001652s ]

