[ 2017-07-17T21:09:34+08:00 ] 127.0.0.1 /admin/
INFO: [ app_init ] --START--
INFO: Run Behavior\BuildLiteBehavior [ RunTime:0.000015s ]
INFO: [ app_init ] --END-- [ RunTime:0.000470s ]
INFO: [ app_begin ] --START--
INFO: Run Behavior\ReadHtmlCacheBehavior [ RunTime:0.000985s ]
INFO: [ app_begin ] --END-- [ RunTime:0.001049s ]
ERR: 非法操作:index

[ 2017-07-17T21:09:43+08:00 ] 127.0.0.1 /admin/goods/addgoods
INFO: [ app_init ] --START--
INFO: Run Behavior\BuildLiteBehavior [ RunTime:0.000016s ]
INFO: [ app_init ] --END-- [ RunTime:0.000608s ]
INFO: [ app_begin ] --START--
INFO: Run Behavior\ReadHtmlCacheBehavior [ RunTime:0.001133s ]
INFO: [ app_begin ] --END-- [ RunTime:0.001245s ]
INFO: [ view_parse ] --START--
INFO: [ template_filter ] --START--
INFO: Run Behavior\ContentReplaceBehavior [ RunTime:0.000069s ]
INFO: [ template_filter ] --END-- [ RunTime:0.000182s ]
INFO: Run Behavior\ParseTemplateBehavior [ RunTime:0.008044s ]
INFO: [ view_parse ] --END-- [ RunTime:0.008104s ]
INFO: [ view_filter ] --START--
INFO: Run Behavior\WriteHtmlCacheBehavior [ RunTime:0.000735s ]
INFO: [ view_filter ] --END-- [ RunTime:0.000773s ]

[ 2017-07-17T21:09:47+08:00 ] 127.0.0.1 /Admin/Index/login.html
INFO: [ app_init ] --START--
INFO: Run Behavior\BuildLiteBehavior [ RunTime:0.000016s ]
INFO: [ app_init ] --END-- [ RunTime:0.000525s ]
INFO: [ app_begin ] --START--
INFO: Run Behavior\ReadHtmlCacheBehavior [ RunTime:0.001013s ]
INFO: [ app_begin ] --END-- [ RunTime:0.001083s ]
INFO: [ view_parse ] --START--
INFO: [ template_filter ] --START--
INFO: Run Behavior\ContentReplaceBehavior [ RunTime:0.000241s ]
INFO: [ template_filter ] --END-- [ RunTime:0.000293s ]
INFO: Run Behavior\ParseTemplateBehavior [ RunTime:0.012631s ]
INFO: [ view_parse ] --END-- [ RunTime:0.012682s ]
INFO: [ view_filter ] --START--
INFO: Run Behavior\WriteHtmlCacheBehavior [ RunTime:0.000744s ]
INFO: [ view_filter ] --END-- [ RunTime:0.000784s ]
INFO: [ app_end ] --START--
INFO: Run Behavior\ShowPageTraceBehavior [ RunTime:0.001345s ]
INFO: [ app_end ] --END-- [ RunTime:0.001418s ]

[ 2017-07-17T21:09:47+08:00 ] 127.0.0.1 /Admin/Index/verify.html
INFO: [ app_init ] --START--
INFO: Run Behavior\BuildLiteBehavior [ RunTime:0.000021s ]
INFO: [ app_init ] --END-- [ RunTime:0.000530s ]
INFO: [ app_begin ] --START--
INFO: Run Behavior\ReadHtmlCacheBehavior [ RunTime:0.000972s ]
INFO: [ app_begin ] --END-- [ RunTime:0.001034s ]
INFO: [ app_end ] --START--
INFO: Run Behavior\ShowPageTraceBehavior [ RunTime:0.001031s ]
INFO: [ app_end ] --END-- [ RunTime:0.001098s ]

[ 2017-07-17T21:09:59+08:00 ] 127.0.0.1 /Admin/Index/login.html
INFO: [ app_init ] --START--
INFO: Run Behavior\BuildLiteBehavior [ RunTime:0.000028s ]
INFO: [ app_init ] --END-- [ RunTime:0.000704s ]
INFO: [ app_begin ] --START--
INFO: Run Behavior\ReadHtmlCacheBehavior [ RunTime:0.001654s ]
INFO: [ app_begin ] --END-- [ RunTime:0.001762s ]
SQL: SELECT * FROM `sp_manager` WHERE ( manager_name='admin' ) LIMIT 1   [ RunTime:0.0005s ]
SQL: UPDATE `sp_manager` SET `manager_login`='1500296999' WHERE `manager_id` = '10' [ RunTime:0.0025s ]
INFO: [ view_parse ] --START--
INFO: [ template_filter ] --START--
INFO: Run Behavior\ContentReplaceBehavior [ RunTime:0.000084s ]
INFO: [ template_filter ] --END-- [ RunTime:0.000146s ]
INFO: Run Behavior\ParseTemplateBehavior [ RunTime:0.009273s ]
INFO: [ view_parse ] --END-- [ RunTime:0.009400s ]
INFO: [ view_filter ] --START--
INFO: Run Behavior\WriteHtmlCacheBehavior [ RunTime:0.001479s ]
INFO: [ view_filter ] --END-- [ RunTime:0.001590s ]
INFO: [ app_end ] --START--
INFO: Run Behavior\ShowPageTraceBehavior [ RunTime:0.001364s ]
INFO: [ app_end ] --END-- [ RunTime:0.001437s ]

[ 2017-07-17T21:10:02+08:00 ] 127.0.0.1 /Admin/Main/index.html
INFO: [ app_init ] --START--
INFO: Run Behavior\BuildLiteBehavior [ RunTime:0.000026s ]
INFO: [ app_init ] --END-- [ RunTime:0.000913s ]
INFO: [ app_begin ] --START--
INFO: Run Behavior\ReadHtmlCacheBehavior [ RunTime:0.001242s ]
INFO: [ app_begin ] --END-- [ RunTime:0.001323s ]
SQL: SHOW COLUMNS FROM `sp_role` [ RunTime:0.0044s ]
SQL: SELECT `role_auth_path` FROM `sp_role` WHERE `role_id` = 1 LIMIT 1   [ RunTime:0.0003s ]
INFO: [ view_parse ] --START--
INFO: [ template_filter ] --START--
INFO: Run Behavior\ContentReplaceBehavior [ RunTime:0.000046s ]
INFO: [ template_filter ] --END-- [ RunTime:0.000103s ]
INFO: Run Behavior\ParseTemplateBehavior [ RunTime:0.007987s ]
INFO: [ view_parse ] --END-- [ RunTime:0.008044s ]
INFO: [ view_filter ] --START--
INFO: Run Behavior\WriteHtmlCacheBehavior [ RunTime:0.000674s ]
INFO: [ view_filter ] --END-- [ RunTime:0.000710s ]
INFO: [ app_end ] --START--
INFO: Run Behavior\ShowPageTraceBehavior [ RunTime:0.000957s ]
INFO: [ app_end ] --END-- [ RunTime:0.000997s ]

[ 2017-07-17T21:10:03+08:00 ] 127.0.0.1 /Admin/Main/top.html
INFO: [ app_init ] --START--
INFO: Run Behavior\BuildLiteBehavior [ RunTime:0.000024s ]
INFO: [ app_init ] --END-- [ RunTime:0.000722s ]
INFO: [ app_begin ] --START--
INFO: Run Behavior\ReadHtmlCacheBehavior [ RunTime:0.001438s ]
INFO: [ app_begin ] --END-- [ RunTime:0.001537s ]
SQL: SHOW COLUMNS FROM `sp_role` [ RunTime:0.0052s ]
SQL: SELECT `role_auth_path` FROM `sp_role` WHERE `role_id` = 1 LIMIT 1   [ RunTime:0.0003s ]
INFO: [ view_parse ] --START--
INFO: [ template_filter ] --START--
INFO: Run Behavior\ContentReplaceBehavior [ RunTime:0.000055s ]
INFO: [ template_filter ] --END-- [ RunTime:0.000111s ]
INFO: Run Behavior\ParseTemplateBehavior [ RunTime:0.007560s ]
INFO: [ view_parse ] --END-- [ RunTime:0.007621s ]
INFO: [ view_filter ] --START--
INFO: Run Behavior\WriteHtmlCacheBehavior [ RunTime:0.000699s ]
INFO: [ view_filter ] --END-- [ RunTime:0.000746s ]
INFO: [ app_end ] --START--
INFO: Run Behavior\ShowPageTraceBehavior [ RunTime:0.000999s ]
INFO: [ app_end ] --END-- [ RunTime:0.001055s ]

[ 2017-07-17T21:10:04+08:00 ] 127.0.0.1 /Admin/Main/left.html
INFO: [ app_init ] --START--
INFO: Run Behavior\BuildLiteBehavior [ RunTime:0.000024s ]
INFO: [ app_init ] --END-- [ RunTime:0.000955s ]
INFO: [ app_begin ] --START--
INFO: Run Behavior\ReadHtmlCacheBehavior [ RunTime:0.001060s ]
INFO: [ app_begin ] --END-- [ RunTime:0.001140s ]
SQL: SHOW COLUMNS FROM `sp_role` [ RunTime:0.0098s ]
SQL: SELECT `role_auth_path` FROM `sp_role` WHERE `role_id` = 1 LIMIT 1   [ RunTime:0.0007s ]
SQL: SELECT `role_auth_ids` FROM `sp_role` WHERE `role_id` = 1 LIMIT 1   [ RunTime:0.0005s ]
SQL: SHOW COLUMNS FROM `sp_auth` [ RunTime:0.0112s ]
SQL: SELECT * FROM `sp_auth` WHERE ( auth_id in (1,2,3,4,5,6,7,8,9) and auth_pid=0 and auth_show=1 )  [ RunTime:0.0008s ]
SQL: SELECT * FROM `sp_auth` WHERE ( auth_id in (1,2,3,4,5,6,7,8,9) and  auth_pid!=0 and auth_show=1 )  [ RunTime:0.0007s ]
INFO: [ view_parse ] --START--
INFO: [ template_filter ] --START--
INFO: Run Behavior\ContentReplaceBehavior [ RunTime:0.000125s ]
INFO: [ template_filter ] --END-- [ RunTime:0.000245s ]
NOTIC: [8] Use of undefined constant auth_c - assumed 'auth_c' D:\WWW\Thinkphp\application\Runtime\Cache\Admin\4a8c570a9706580de9bfec50676ff7a4.php 第 39 行.
NOTIC: [8] Use of undefined constant auth_a - assumed 'auth_a' D:\WWW\Thinkphp\application\Runtime\Cache\Admin\4a8c570a9706580de9bfec50676ff7a4.php 第 39 行.
NOTIC: [8] Use of undefined constant auth_c - assumed 'auth_c' D:\WWW\Thinkphp\application\Runtime\Cache\Admin\4a8c570a9706580de9bfec50676ff7a4.php 第 39 行.
NOTIC: [8] Use of undefined constant auth_a - assumed 'auth_a' D:\WWW\Thinkphp\application\Runtime\Cache\Admin\4a8c570a9706580de9bfec50676ff7a4.php 第 39 行.
NOTIC: [8] Use of undefined constant auth_c - assumed 'auth_c' D:\WWW\Thinkphp\application\Runtime\Cache\Admin\4a8c570a9706580de9bfec50676ff7a4.php 第 39 行.
NOTIC: [8] Use of undefined constant auth_a - assumed 'auth_a' D:\WWW\Thinkphp\application\Runtime\Cache\Admin\4a8c570a9706580de9bfec50676ff7a4.php 第 39 行.
NOTIC: [8] Use of undefined constant auth_c - assumed 'auth_c' D:\WWW\Thinkphp\application\Runtime\Cache\Admin\4a8c570a9706580de9bfec50676ff7a4.php 第 39 行.
NOTIC: [8] Use of undefined constant auth_a - assumed 'auth_a' D:\WWW\Thinkphp\application\Runtime\Cache\Admin\4a8c570a9706580de9bfec50676ff7a4.php 第 39 行.
NOTIC: [8] Use of undefined constant auth_c - assumed 'auth_c' D:\WWW\Thinkphp\application\Runtime\Cache\Admin\4a8c570a9706580de9bfec50676ff7a4.php 第 39 行.
NOTIC: [8] Use of undefined constant auth_a - assumed 'auth_a' D:\WWW\Thinkphp\application\Runtime\Cache\Admin\4a8c570a9706580de9bfec50676ff7a4.php 第 39 行.
NOTIC: [8] Use of undefined constant auth_c - assumed 'auth_c' D:\WWW\Thinkphp\application\Runtime\Cache\Admin\4a8c570a9706580de9bfec50676ff7a4.php 第 39 行.
NOTIC: [8] Use of undefined constant auth_a - assumed 'auth_a' D:\WWW\Thinkphp\application\Runtime\Cache\Admin\4a8c570a9706580de9bfec50676ff7a4.php 第 39 行.
INFO: Run Behavior\ParseTemplateBehavior [ RunTime:0.025367s ]
INFO: [ view_parse ] --END-- [ RunTime:0.025489s ]
INFO: [ view_filter ] --START--
INFO: Run Behavior\WriteHtmlCacheBehavior [ RunTime:0.001514s ]
INFO: [ view_filter ] --END-- [ RunTime:0.001626s ]
INFO: [ app_end ] --START--
INFO: Run Behavior\ShowPageTraceBehavior [ RunTime:0.002166s ]
INFO: [ app_end ] --END-- [ RunTime:0.002280s ]

[ 2017-07-17T21:10:05+08:00 ] 127.0.0.1 /Admin/Main/main.html
INFO: [ app_init ] --START--
INFO: Run Behavior\BuildLiteBehavior [ RunTime:0.000023s ]
INFO: [ app_init ] --END-- [ RunTime:0.000774s ]
INFO: [ app_begin ] --START--
INFO: Run Behavior\ReadHtmlCacheBehavior [ RunTime:0.001226s ]
INFO: [ app_begin ] --END-- [ RunTime:0.001314s ]
SQL: SHOW COLUMNS FROM `sp_role` [ RunTime:0.0044s ]
SQL: SELECT `role_auth_path` FROM `sp_role` WHERE `role_id` = 1 LIMIT 1   [ RunTime:0.0003s ]
INFO: [ view_parse ] --START--
INFO: [ template_filter ] --START--
INFO: Run Behavior\ContentReplaceBehavior [ RunTime:0.000054s ]
INFO: [ template_filter ] --END-- [ RunTime:0.000111s ]
INFO: Run Behavior\ParseTemplateBehavior [ RunTime:0.008215s ]
INFO: [ view_parse ] --END-- [ RunTime:0.008283s ]
INFO: [ view_filter ] --START--
INFO: Run Behavior\WriteHtmlCacheBehavior [ RunTime:0.000675s ]
INFO: [ view_filter ] --END-- [ RunTime:0.000719s ]
INFO: [ app_end ] --START--
INFO: Run Behavior\ShowPageTraceBehavior [ RunTime:0.000899s ]
INFO: [ app_end ] --END-- [ RunTime:0.000947s ]

[ 2017-07-17T21:10:13+08:00 ] 127.0.0.1 /Admin/Main/rbac.html
INFO: [ app_init ] --START--
INFO: Run Behavior\BuildLiteBehavior [ RunTime:0.000016s ]
INFO: [ app_init ] --END-- [ RunTime:0.000597s ]
INFO: [ app_begin ] --START--
INFO: Run Behavior\ReadHtmlCacheBehavior [ RunTime:0.000841s ]
INFO: [ app_begin ] --END-- [ RunTime:0.000898s ]
SQL: SHOW COLUMNS FROM `sp_role` [ RunTime:0.0114s ]
SQL: SELECT `role_auth_path` FROM `sp_role` WHERE `role_id` = 1 LIMIT 1   [ RunTime:0.0008s ]
ERR: 非法操作:rbac

[ 2017-07-17T21:10:16+08:00 ] 127.0.0.1 /Admin/Main/main.html
INFO: [ app_init ] --START--
INFO: Run Behavior\BuildLiteBehavior [ RunTime:0.000016s ]
INFO: [ app_init ] --END-- [ RunTime:0.000623s ]
INFO: [ app_begin ] --START--
INFO: Run Behavior\ReadHtmlCacheBehavior [ RunTime:0.000922s ]
INFO: [ app_begin ] --END-- [ RunTime:0.000988s ]
SQL: SHOW COLUMNS FROM `sp_role` [ RunTime:0.0104s ]
SQL: SELECT `role_auth_path` FROM `sp_role` WHERE `role_id` = 1 LIMIT 1   [ RunTime:0.0011s ]
INFO: [ view_parse ] --START--
INFO: [ template_filter ] --START--
INFO: Run Behavior\ContentReplaceBehavior [ RunTime:0.000130s ]
INFO: [ template_filter ] --END-- [ RunTime:0.000266s ]
INFO: Run Behavior\ParseTemplateBehavior [ RunTime:0.020023s ]
INFO: [ view_parse ] --END-- [ RunTime:0.020179s ]
INFO: [ view_filter ] --START--
INFO: Run Behavior\WriteHtmlCacheBehavior [ RunTime:0.001403s ]
INFO: [ view_filter ] --END-- [ RunTime:0.001501s ]
INFO: [ app_end ] --START--
INFO: Run Behavior\ShowPageTraceBehavior [ RunTime:0.002103s ]
INFO: [ app_end ] --END-- [ RunTime:0.002216s ]

[ 2017-07-17T21:10:18+08:00 ] 127.0.0.1 /Admin/Main/rbac.html
INFO: [ app_init ] --START--
INFO: Run Behavior\BuildLiteBehavior [ RunTime:0.000015s ]
INFO: [ app_init ] --END-- [ RunTime:0.000537s ]
INFO: [ app_begin ] --START--
INFO: Run Behavior\ReadHtmlCacheBehavior [ RunTime:0.000805s ]
INFO: [ app_begin ] --END-- [ RunTime:0.000856s ]
SQL: SHOW COLUMNS FROM `sp_role` [ RunTime:0.0048s ]
SQL: SELECT `role_auth_path` FROM `sp_role` WHERE `role_id` = 1 LIMIT 1   [ RunTime:0.0004s ]
ERR: 非法操作:rbac

[ 2017-07-17T21:10:20+08:00 ] 127.0.0.1 /Admin/Main/main.html
INFO: [ app_init ] --START--
INFO: Run Behavior\BuildLiteBehavior [ RunTime:0.000017s ]
INFO: [ app_init ] --END-- [ RunTime:0.000603s ]
INFO: [ app_begin ] --START--
INFO: Run Behavior\ReadHtmlCacheBehavior [ RunTime:0.000854s ]
INFO: [ app_begin ] --END-- [ RunTime:0.000905s ]
SQL: SHOW COLUMNS FROM `sp_role` [ RunTime:0.0043s ]
SQL: SELECT `role_auth_path` FROM `sp_role` WHERE `role_id` = 1 LIMIT 1   [ RunTime:0.0003s ]
INFO: [ view_parse ] --START--
INFO: [ template_filter ] --START--
INFO: Run Behavior\ContentReplaceBehavior [ RunTime:0.000053s ]
INFO: [ template_filter ] --END-- [ RunTime:0.000106s ]
INFO: Run Behavior\ParseTemplateBehavior [ RunTime:0.007651s ]
INFO: [ view_parse ] --END-- [ RunTime:0.007718s ]
INFO: [ view_filter ] --START--
INFO: Run Behavior\WriteHtmlCacheBehavior [ RunTime:0.000633s ]
INFO: [ view_filter ] --END-- [ RunTime:0.000670s ]
INFO: [ app_end ] --START--
INFO: Run Behavior\ShowPageTraceBehavior [ RunTime:0.000951s ]
INFO: [ app_end ] --END-- [ RunTime:0.000993s ]

[ 2017-07-17T21:11:30+08:00 ] 127.0.0.1 /Admin/Main/index.html
INFO: [ app_init ] --START--
INFO: Run Behavior\BuildLiteBehavior [ RunTime:0.000016s ]
INFO: [ app_init ] --END-- [ RunTime:0.000606s ]
INFO: [ app_begin ] --START--
INFO: Run Behavior\ReadHtmlCacheBehavior [ RunTime:0.000978s ]
INFO: [ app_begin ] --END-- [ RunTime:0.001036s ]
SQL: SHOW COLUMNS FROM `sp_role` [ RunTime:0.0152s ]
SQL: SELECT `role_auth_path` FROM `sp_role` WHERE `role_id` = 1 LIMIT 1   [ RunTime:0.0014s ]
INFO: [ view_parse ] --START--
INFO: [ template_filter ] --START--
INFO: Run Behavior\ContentReplaceBehavior [ RunTime:0.000126s ]
INFO: [ template_filter ] --END-- [ RunTime:0.000281s ]
INFO: Run Behavior\ParseTemplateBehavior [ RunTime:0.026145s ]
INFO: [ view_parse ] --END-- [ RunTime:0.026310s ]
INFO: [ view_filter ] --START--
INFO: Run Behavior\WriteHtmlCacheBehavior [ RunTime:0.001224s ]
INFO: [ view_filter ] --END-- [ RunTime:0.001300s ]
INFO: [ app_end ] --START--
INFO: Run Behavior\ShowPageTraceBehavior [ RunTime:0.001797s ]
INFO: [ app_end ] --END-- [ RunTime:0.001884s ]

[ 2017-07-17T21:11:31+08:00 ] 127.0.0.1 /Admin/Main/top.html
INFO: [ app_init ] --START--
INFO: Run Behavior\BuildLiteBehavior [ RunTime:0.000025s ]
INFO: [ app_init ] --END-- [ RunTime:0.000758s ]
INFO: [ app_begin ] --START--
INFO: Run Behavior\ReadHtmlCacheBehavior [ RunTime:0.001334s ]
INFO: [ app_begin ] --END-- [ RunTime:0.001428s ]
SQL: SHOW COLUMNS FROM `sp_role` [ RunTime:0.0054s ]
SQL: SELECT `role_auth_path` FROM `sp_role` WHERE `role_id` = 1 LIMIT 1   [ RunTime:0.0003s ]
INFO: [ view_parse ] --START--
INFO: [ template_filter ] --START--
INFO: Run Behavior\ContentReplaceBehavior [ RunTime:0.000055s ]
INFO: [ template_filter ] --END-- [ RunTime:0.000114s ]
INFO: Run Behavior\ParseTemplateBehavior [ RunTime:0.007934s ]
INFO: [ view_parse ] --END-- [ RunTime:0.008004s ]
INFO: [ view_filter ] --START--
INFO: Run Behavior\WriteHtmlCacheBehavior [ RunTime:0.000875s ]
INFO: [ view_filter ] --END-- [ RunTime:0.000937s ]
INFO: [ app_end ] --START--
INFO: Run Behavior\ShowPageTraceBehavior [ RunTime:0.001325s ]
INFO: [ app_end ] --END-- [ RunTime:0.001406s ]

[ 2017-07-17T21:11:32+08:00 ] 127.0.0.1 /Admin/Main/main.html
INFO: [ app_init ] --START--
INFO: Run Behavior\BuildLiteBehavior [ RunTime:0.000024s ]
INFO: [ app_init ] --END-- [ RunTime:0.000763s ]
INFO: [ app_begin ] --START--
INFO: Run Behavior\ReadHtmlCacheBehavior [ RunTime:0.001828s ]
INFO: [ app_begin ] --END-- [ RunTime:0.001929s ]
SQL: SHOW COLUMNS FROM `sp_role` [ RunTime:0.0046s ]
SQL: SELECT `role_auth_path` FROM `sp_role` WHERE `role_id` = 1 LIMIT 1   [ RunTime:0.0003s ]
INFO: [ view_parse ] --START--
INFO: [ template_filter ] --START--
INFO: Run Behavior\ContentReplaceBehavior [ RunTime:0.000072s ]
INFO: [ template_filter ] --END-- [ RunTime:0.000130s ]
INFO: Run Behavior\ParseTemplateBehavior [ RunTime:0.008134s ]
INFO: [ view_parse ] --END-- [ RunTime:0.008189s ]
INFO: [ view_filter ] --START--
INFO: Run Behavior\WriteHtmlCacheBehavior [ RunTime:0.000662s ]
INFO: [ view_filter ] --END-- [ RunTime:0.000700s ]
INFO: [ app_end ] --START--
INFO: Run Behavior\ShowPageTraceBehavior [ RunTime:0.001289s ]
INFO: [ app_end ] --END-- [ RunTime:0.001353s ]

[ 2017-07-17T21:11:33+08:00 ] 127.0.0.1 /Admin/Main/left.html
INFO: [ app_init ] --START--
INFO: Run Behavior\BuildLiteBehavior [ RunTime:0.000023s ]
INFO: [ app_init ] --END-- [ RunTime:0.000727s ]
INFO: [ app_begin ] --START--
INFO: Run Behavior\ReadHtmlCacheBehavior [ RunTime:0.001021s ]
INFO: [ app_begin ] --END-- [ RunTime:0.001121s ]
SQL: SHOW COLUMNS FROM `sp_role` [ RunTime:0.0043s ]
SQL: SELECT `role_auth_path` FROM `sp_role` WHERE `role_id` = 1 LIMIT 1   [ RunTime:0.0004s ]
SQL: SELECT `role_auth_ids` FROM `sp_role` WHERE `role_id` = 1 LIMIT 1   [ RunTime:0.0003s ]
SQL: SHOW COLUMNS FROM `sp_auth` [ RunTime:0.0046s ]
SQL: SELECT * FROM `sp_auth` WHERE ( auth_id in (1,2,3,4,5,6,7,8,9) and auth_pid=0 and auth_show=1 )  [ RunTime:0.0005s ]
SQL: SELECT * FROM `sp_auth` WHERE ( auth_id in (1,2,3,4,5,6,7,8,9) and  auth_pid!=0 and auth_show=1 )  [ RunTime:0.0004s ]
INFO: [ view_parse ] --START--
INFO: [ template_filter ] --START--
INFO: Run Behavior\ContentReplaceBehavior [ RunTime:0.000052s ]
INFO: [ template_filter ] --END-- [ RunTime:0.000105s ]
NOTIC: [8] Use of undefined constant auth_c - assumed 'auth_c' D:\WWW\Thinkphp\application\Runtime\Cache\Admin\4a8c570a9706580de9bfec50676ff7a4.php 第 39 行.
NOTIC: [8] Use of undefined constant auth_a - assumed 'auth_a' D:\WWW\Thinkphp\application\Runtime\Cache\Admin\4a8c570a9706580de9bfec50676ff7a4.php 第 39 行.
NOTIC: [8] Use of undefined constant auth_c - assumed 'auth_c' D:\WWW\Thinkphp\application\Runtime\Cache\Admin\4a8c570a9706580de9bfec50676ff7a4.php 第 39 行.
NOTIC: [8] Use of undefined constant auth_a - assumed 'auth_a' D:\WWW\Thinkphp\application\Runtime\Cache\Admin\4a8c570a9706580de9bfec50676ff7a4.php 第 39 行.
NOTIC: [8] Use of undefined constant auth_c - assumed 'auth_c' D:\WWW\Thinkphp\application\Runtime\Cache\Admin\4a8c570a9706580de9bfec50676ff7a4.php 第 39 行.
NOTIC: [8] Use of undefined constant auth_a - assumed 'auth_a' D:\WWW\Thinkphp\application\Runtime\Cache\Admin\4a8c570a9706580de9bfec50676ff7a4.php 第 39 行.
NOTIC: [8] Use of undefined constant auth_c - assumed 'auth_c' D:\WWW\Thinkphp\application\Runtime\Cache\Admin\4a8c570a9706580de9bfec50676ff7a4.php 第 39 行.
NOTIC: [8] Use of undefined constant auth_a - assumed 'auth_a' D:\WWW\Thinkphp\application\Runtime\Cache\Admin\4a8c570a9706580de9bfec50676ff7a4.php 第 39 行.
NOTIC: [8] Use of undefined constant auth_c - assumed 'auth_c' D:\WWW\Thinkphp\application\Runtime\Cache\Admin\4a8c570a9706580de9bfec50676ff7a4.php 第 39 行.
NOTIC: [8] Use of undefined constant auth_a - assumed 'auth_a' D:\WWW\Thinkphp\application\Runtime\Cache\Admin\4a8c570a9706580de9bfec50676ff7a4.php 第 39 行.
NOTIC: [8] Use of undefined constant auth_c - assumed 'auth_c' D:\WWW\Thinkphp\application\Runtime\Cache\Admin\4a8c570a9706580de9bfec50676ff7a4.php 第 39 行.
NOTIC: [8] Use of undefined constant auth_a - assumed 'auth_a' D:\WWW\Thinkphp\application\Runtime\Cache\Admin\4a8c570a9706580de9bfec50676ff7a4.php 第 39 行.
INFO: Run Behavior\ParseTemplateBehavior [ RunTime:0.009782s ]
INFO: [ view_parse ] --END-- [ RunTime:0.009833s ]
INFO: [ view_filter ] --START--
INFO: Run Behavior\WriteHtmlCacheBehavior [ RunTime:0.000525s ]
INFO: [ view_filter ] --END-- [ RunTime:0.000567s ]
INFO: [ app_end ] --START--
INFO: Run Behavior\ShowPageTraceBehavior [ RunTime:0.000841s ]
INFO: [ app_end ] --END-- [ RunTime:0.000888s ]

[ 2017-07-17T21:11:35+08:00 ] 127.0.0.1 /Admin/manager/managerList.html
INFO: [ app_init ] --START--
INFO: Run Behavior\BuildLiteBehavior [ RunTime:0.000027s ]
INFO: [ app_init ] --END-- [ RunTime:0.000824s ]
INFO: [ app_begin ] --START--
INFO: Run Behavior\ReadHtmlCacheBehavior [ RunTime:0.001118s ]
INFO: [ app_begin ] --END-- [ RunTime:0.001224s ]
SQL: SHOW COLUMNS FROM `sp_role` [ RunTime:0.0045s ]
SQL: SELECT `role_auth_path` FROM `sp_role` WHERE `role_id` = 1 LIMIT 1   [ RunTime:0.0004s ]
SQL: SELECT * FROM `sp_manager` LIMIT 0,2   [ RunTime:0.0003s ]
SQL: SELECT COUNT(*) AS tp_count FROM `sp_manager` LIMIT 1   [ RunTime:0.0003s ]
INFO: [ view_parse ] --START--
INFO: [ template_filter ] --START--
INFO: Run Behavior\ContentReplaceBehavior [ RunTime:0.000064s ]
INFO: [ template_filter ] --END-- [ RunTime:0.000113s ]
NOTIC: [8] Use of undefined constant manager_id - assumed 'manager_id' D:\WWW\Thinkphp\application\Runtime\Cache\Admin\57f697a04e7069f5da2897878b39e202.php 第 72 行.
NOTIC: [8] Use of undefined constant manager_id - assumed 'manager_id' D:\WWW\Thinkphp\application\Runtime\Cache\Admin\57f697a04e7069f5da2897878b39e202.php 第 72 行.
INFO: Run Behavior\ParseTemplateBehavior [ RunTime:0.010462s ]
INFO: [ view_parse ] --END-- [ RunTime:0.010514s ]
INFO: [ view_filter ] --START--
INFO: Run Behavior\WriteHtmlCacheBehavior [ RunTime:0.000656s ]
INFO: [ view_filter ] --END-- [ RunTime:0.000697s ]
INFO: [ app_end ] --START--
INFO: Run Behavior\ShowPageTraceBehavior [ RunTime:0.000822s ]
INFO: [ app_end ] --END-- [ RunTime:0.000863s ]

[ 2017-07-17T21:12:01+08:00 ] 127.0.0.1 /Admin/Main/index.html
INFO: [ app_init ] --START--
INFO: Run Behavior\BuildLiteBehavior [ RunTime:0.000015s ]
INFO: [ app_init ] --END-- [ RunTime:0.000618s ]
INFO: [ app_begin ] --START--
INFO: Run Behavior\ReadHtmlCacheBehavior [ RunTime:0.001144s ]
INFO: [ app_begin ] --END-- [ RunTime:0.001253s ]
SQL: SHOW COLUMNS FROM `sp_role` [ RunTime:0.0077s ]
SQL: SELECT `role_auth_path` FROM `sp_role` WHERE `role_id` = 1 LIMIT 1   [ RunTime:0.0005s ]
INFO: [ view_parse ] --START--
INFO: [ template_filter ] --START--
INFO: Run Behavior\ContentReplaceBehavior [ RunTime:0.000071s ]
INFO: [ template_filter ] --END-- [ RunTime:0.000159s ]
INFO: Run Behavior\ParseTemplateBehavior [ RunTime:0.012868s ]
INFO: [ view_parse ] --END-- [ RunTime:0.012983s ]
INFO: [ view_filter ] --START--
INFO: Run Behavior\WriteHtmlCacheBehavior [ RunTime:0.000935s ]
INFO: [ view_filter ] --END-- [ RunTime:0.001005s ]
INFO: [ app_end ] --START--
INFO: Run Behavior\ShowPageTraceBehavior [ RunTime:0.001469s ]
INFO: [ app_end ] --END-- [ RunTime:0.001541s ]

[ 2017-07-17T21:12:02+08:00 ] 127.0.0.1 /Admin/Main/top.html
INFO: [ app_init ] --START--
INFO: Run Behavior\BuildLiteBehavior [ RunTime:0.000024s ]
INFO: [ app_init ] --END-- [ RunTime:0.000759s ]
INFO: [ app_begin ] --START--
INFO: Run Behavior\ReadHtmlCacheBehavior [ RunTime:0.000984s ]
INFO: [ app_begin ] --END-- [ RunTime:0.001069s ]
SQL: SHOW COLUMNS FROM `sp_role` [ RunTime:0.0041s ]
SQL: SELECT `role_auth_path` FROM `sp_role` WHERE `role_id` = 1 LIMIT 1   [ RunTime:0.0003s ]
INFO: [ view_parse ] --START--
INFO: [ template_filter ] --START--
INFO: Run Behavior\ContentReplaceBehavior [ RunTime:0.000057s ]
INFO: [ template_filter ] --END-- [ RunTime:0.000116s ]
INFO: Run Behavior\ParseTemplateBehavior [ RunTime:0.007979s ]
INFO: [ view_parse ] --END-- [ RunTime:0.008036s ]
INFO: [ view_filter ] --START--
INFO: Run Behavior\WriteHtmlCacheBehavior [ RunTime:0.000565s ]
INFO: [ view_filter ] --END-- [ RunTime:0.000607s ]
INFO: [ app_end ] --START--
INFO: Run Behavior\ShowPageTraceBehavior [ RunTime:0.000907s ]
INFO: [ app_end ] --END-- [ RunTime:0.000953s ]

[ 2017-07-17T21:12:03+08:00 ] 127.0.0.1 /Admin/Main/left.html
INFO: [ app_init ] --START--
INFO: Run Behavior\BuildLiteBehavior [ RunTime:0.000025s ]
INFO: [ app_init ] --END-- [ RunTime:0.000748s ]
INFO: [ app_begin ] --START--
INFO: Run Behavior\ReadHtmlCacheBehavior [ RunTime:0.001352s ]
INFO: [ app_begin ] --END-- [ RunTime:0.001446s ]
SQL: SHOW COLUMNS FROM `sp_role` [ RunTime:0.0044s ]
SQL: SELECT `role_auth_path` FROM `sp_role` WHERE `role_id` = 1 LIMIT 1   [ RunTime:0.0003s ]
SQL: SELECT `role_auth_ids` FROM `sp_role` WHERE `role_id` = 1 LIMIT 1   [ RunTime:0.0002s ]
SQL: SHOW COLUMNS FROM `sp_auth` [ RunTime:0.0043s ]
SQL: SELECT * FROM `sp_auth` WHERE ( auth_id in (1,2,3,4,5,6,7,8,9) and auth_pid=0 and auth_show=1 )  [ RunTime:0.0004s ]
SQL: SELECT * FROM `sp_auth` WHERE ( auth_id in (1,2,3,4,5,6,7,8,9) and  auth_pid!=0 and auth_show=1 )  [ RunTime:0.0003s ]
INFO: [ view_parse ] --START--
INFO: [ template_filter ] --START--
INFO: Run Behavior\ContentReplaceBehavior [ RunTime:0.000050s ]
INFO: [ template_filter ] --END-- [ RunTime:0.000098s ]
NOTIC: [8] Use of undefined constant auth_c - assumed 'auth_c' D:\WWW\Thinkphp\application\Runtime\Cache\Admin\4a8c570a9706580de9bfec50676ff7a4.php 第 39 行.
NOTIC: [8] Use of undefined constant auth_a - assumed 'auth_a' D:\WWW\Thinkphp\application\Runtime\Cache\Admin\4a8c570a9706580de9bfec50676ff7a4.php 第 39 行.
NOTIC: [8] Use of undefined constant auth_c - assumed 'auth_c' D:\WWW\Thinkphp\application\Runtime\Cache\Admin\4a8c570a9706580de9bfec50676ff7a4.php 第 39 行.
NOTIC: [8] Use of undefined constant auth_a - assumed 'auth_a' D:\WWW\Thinkphp\application\Runtime\Cache\Admin\4a8c570a9706580de9bfec50676ff7a4.php 第 39 行.
NOTIC: [8] Use of undefined constant auth_c - assumed 'auth_c' D:\WWW\Thinkphp\application\Runtime\Cache\Admin\4a8c570a9706580de9bfec50676ff7a4.php 第 39 行.
NOTIC: [8] Use of undefined constant auth_a - assumed 'auth_a' D:\WWW\Thinkphp\application\Runtime\Cache\Admin\4a8c570a9706580de9bfec50676ff7a4.php 第 39 行.
NOTIC: [8] Use of undefined constant auth_c - assumed 'auth_c' D:\WWW\Thinkphp\application\Runtime\Cache\Admin\4a8c570a9706580de9bfec50676ff7a4.php 第 39 行.
NOTIC: [8] Use of undefined constant auth_a - assumed 'auth_a' D:\WWW\Thinkphp\application\Runtime\Cache\Admin\4a8c570a9706580de9bfec50676ff7a4.php 第 39 行.
NOTIC: [8] Use of undefined constant auth_c - assumed 'auth_c' D:\WWW\Thinkphp\application\Runtime\Cache\Admin\4a8c570a9706580de9bfec50676ff7a4.php 第 39 行.
NOTIC: [8] Use of undefined constant auth_a - assumed 'auth_a' D:\WWW\Thinkphp\application\Runtime\Cache\Admin\4a8c570a9706580de9bfec50676ff7a4.php 第 39 行.
NOTIC: [8] Use of undefined constant auth_c - assumed 'auth_c' D:\WWW\Thinkphp\application\Runtime\Cache\Admin\4a8c570a9706580de9bfec50676ff7a4.php 第 39 行.
NOTIC: [8] Use of undefined constant auth_a - assumed 'auth_a' D:\WWW\Thinkphp\application\Runtime\Cache\Admin\4a8c570a9706580de9bfec50676ff7a4.php 第 39 行.
INFO: Run Behavior\ParseTemplateBehavior [ RunTime:0.009127s ]
INFO: [ view_parse ] --END-- [ RunTime:0.009174s ]
INFO: [ view_filter ] --START--
INFO: Run Behavior\WriteHtmlCacheBehavior [ RunTime:0.000678s ]
INFO: [ view_filter ] --END-- [ RunTime:0.000719s ]
INFO: [ app_end ] --START--
INFO: Run Behavior\ShowPageTraceBehavior [ RunTime:0.001009s ]
INFO: [ app_end ] --END-- [ RunTime:0.001071s ]

[ 2017-07-17T21:12:04+08:00 ] 127.0.0.1 /Admin/Main/main.html
INFO: [ app_init ] --START--
INFO: Run Behavior\BuildLiteBehavior [ RunTime:0.000015s ]
INFO: [ app_init ] --END-- [ RunTime:0.000518s ]
INFO: [ app_begin ] --START--
INFO: Run Behavior\ReadHtmlCacheBehavior [ RunTime:0.001210s ]
INFO: [ app_begin ] --END-- [ RunTime:0.001293s ]
SQL: SHOW COLUMNS FROM `sp_role` [ RunTime:0.0112s ]
SQL: SELECT `role_auth_path` FROM `sp_role` WHERE `role_id` = 1 LIMIT 1   [ RunTime:0.0008s ]
INFO: [ view_parse ] --START--
INFO: [ template_filter ] --START--
INFO: Run Behavior\ContentReplaceBehavior [ RunTime:0.000178s ]
INFO: [ template_filter ] --END-- [ RunTime:0.000341s ]
INFO: Run Behavior\ParseTemplateBehavior [ RunTime:0.020312s ]
INFO: [ view_parse ] --END-- [ RunTime:0.020479s ]
INFO: [ view_filter ] --START--
INFO: Run Behavior\WriteHtmlCacheBehavior [ RunTime:0.002000s ]
INFO: [ view_filter ] --END-- [ RunTime:0.002121s ]
INFO: [ app_end ] --START--
INFO: Run Behavior\ShowPageTraceBehavior [ RunTime:0.001060s ]
INFO: [ app_end ] --END-- [ RunTime:0.001179s ]

[ 2017-07-17T21:12:07+08:00 ] 127.0.0.1 /Admin/Goods/addGoods.html
INFO: [ app_init ] --START--
INFO: Run Behavior\BuildLiteBehavior [ RunTime:0.000023s ]
INFO: [ app_init ] --END-- [ RunTime:0.000723s ]
INFO: [ app_begin ] --START--
INFO: Run Behavior\ReadHtmlCacheBehavior [ RunTime:0.000816s ]
INFO: [ app_begin ] --END-- [ RunTime:0.000870s ]
SQL: SHOW COLUMNS FROM `sp_role` [ RunTime:0.0117s ]
SQL: SELECT `role_auth_path` FROM `sp_role` WHERE `role_id` = 1 LIMIT 1   [ RunTime:0.0009s ]
SQL: SHOW COLUMNS FROM `sp_cate` [ RunTime:0.0119s ]
SQL: SELECT * FROM `sp_cate` WHERE ( cate_pid=0 )  [ RunTime:0.0011s ]
INFO: [ view_parse ] --START--
INFO: [ template_filter ] --START--
INFO: Run Behavior\ContentReplaceBehavior [ RunTime:0.000146s ]
INFO: [ template_filter ] --END-- [ RunTime:0.000227s ]
INFO: Run Behavior\ParseTemplateBehavior [ RunTime:0.017891s ]
INFO: [ view_parse ] --END-- [ RunTime:0.018033s ]
INFO: [ view_filter ] --START--
INFO: Run Behavior\WriteHtmlCacheBehavior [ RunTime:0.001016s ]
INFO: [ view_filter ] --END-- [ RunTime:0.001092s ]
INFO: [ app_end ] --START--
INFO: Run Behavior\ShowPageTraceBehavior [ RunTime:0.001495s ]
INFO: [ app_end ] --END-- [ RunTime:0.001570s ]

[ 2017-07-17T21:12:13+08:00 ] 127.0.0.1 /Admin/Goods/addGoods.html
INFO: [ app_init ] --START--
INFO: Run Behavior\BuildLiteBehavior [ RunTime:0.000015s ]
INFO: [ app_init ] --END-- [ RunTime:0.000559s ]
INFO: [ app_begin ] --START--
INFO: Run Behavior\ReadHtmlCacheBehavior [ RunTime:0.000925s ]
INFO: [ app_begin ] --END-- [ RunTime:0.000999s ]
SQL: SHOW COLUMNS FROM `sp_role` [ RunTime:0.0049s ]
SQL: SELECT `role_auth_path` FROM `sp_role` WHERE `role_id` = 1 LIMIT 1   [ RunTime:0.0004s ]
SQL: SHOW COLUMNS FROM `sp_cate` [ RunTime:0.0052s ]
SQL: SELECT * FROM `sp_cate` WHERE ( cate_pid=0 )  [ RunTime:0.0004s ]
INFO: [ view_parse ] --START--
INFO: [ template_filter ] --START--
INFO: Run Behavior\ContentReplaceBehavior [ RunTime:0.000144s ]
INFO: [ template_filter ] --END-- [ RunTime:0.000226s ]
INFO: Run Behavior\ParseTemplateBehavior [ RunTime:0.011393s ]
INFO: [ view_parse ] --END-- [ RunTime:0.011484s ]
INFO: [ view_filter ] --START--
INFO: Run Behavior\WriteHtmlCacheBehavior [ RunTime:0.000722s ]
INFO: [ view_filter ] --END-- [ RunTime:0.000777s ]
INFO: [ app_end ] --START--
INFO: Run Behavior\ShowPageTraceBehavior [ RunTime:0.000879s ]
INFO: [ app_end ] --END-- [ RunTime:0.000921s ]

[ 2017-07-17T21:13:29+08:00 ] 127.0.0.1 /Admin/Attribute/getCate.html?cate_id=3
INFO: [ app_init ] --START--
INFO: Run Behavior\BuildLiteBehavior [ RunTime:0.000015s ]
INFO: [ app_init ] --END-- [ RunTime:0.000530s ]
INFO: [ app_begin ] --START--
INFO: Run Behavior\ReadHtmlCacheBehavior [ RunTime:0.000867s ]
INFO: [ app_begin ] --END-- [ RunTime:0.000914s ]
SQL: SHOW COLUMNS FROM `sp_role` [ RunTime:0.0138s ]
SQL: SELECT `role_auth_path` FROM `sp_role` WHERE `role_id` = 1 LIMIT 1   [ RunTime:0.0006s ]
SQL: SHOW COLUMNS FROM `sp_cate` [ RunTime:0.0041s ]
SQL: SELECT * FROM `sp_cate` WHERE ( cate_pid=3 )  [ RunTime:0.0003s ]
NOTIC: [8] Undefined variable: str D:\WWW\Thinkphp\application\Admin\Controller\AttributeController.class.php 第 41 行.
INFO: [ app_end ] --START--
INFO: Run Behavior\ShowPageTraceBehavior [ RunTime:0.000953s ]
INFO: [ app_end ] --END-- [ RunTime:0.000995s ]

[ 2017-07-17T21:13:36+08:00 ] 127.0.0.1 /Admin/Attribute/getCate.html?cate_id=2
INFO: [ app_init ] --START--
INFO: Run Behavior\BuildLiteBehavior [ RunTime:0.000015s ]
INFO: [ app_init ] --END-- [ RunTime:0.000564s ]
INFO: [ app_begin ] --START--
INFO: Run Behavior\ReadHtmlCacheBehavior [ RunTime:0.000867s ]
INFO: [ app_begin ] --END-- [ RunTime:0.000914s ]
SQL: SHOW COLUMNS FROM `sp_role` [ RunTime:0.0163s ]
SQL: SELECT `role_auth_path` FROM `sp_role` WHERE `role_id` = 1 LIMIT 1   [ RunTime:0.0010s ]
SQL: SHOW COLUMNS FROM `sp_cate` [ RunTime:0.0043s ]
SQL: SELECT * FROM `sp_cate` WHERE ( cate_pid=2 )  [ RunTime:0.0003s ]
NOTIC: [8] Undefined variable: str D:\WWW\Thinkphp\application\Admin\Controller\AttributeController.class.php 第 41 行.
INFO: [ app_end ] --START--
INFO: Run Behavior\ShowPageTraceBehavior [ RunTime:0.000968s ]
INFO: [ app_end ] --END-- [ RunTime:0.001007s ]

[ 2017-07-17T21:13:38+08:00 ] 127.0.0.1 /Admin/Attribute/getCate.html?cate_id=3
INFO: [ app_init ] --START--
INFO: Run Behavior\BuildLiteBehavior [ RunTime:0.000014s ]
INFO: [ app_init ] --END-- [ RunTime:0.000507s ]
INFO: [ app_begin ] --START--
INFO: Run Behavior\ReadHtmlCacheBehavior [ RunTime:0.000886s ]
INFO: [ app_begin ] --END-- [ RunTime:0.000934s ]
SQL: SHOW COLUMNS FROM `sp_role` [ RunTime:0.0106s ]
SQL: SELECT `role_auth_path` FROM `sp_role` WHERE `role_id` = 1 LIMIT 1   [ RunTime:0.0008s ]
SQL: SHOW COLUMNS FROM `sp_cate` [ RunTime:0.0043s ]
SQL: SELECT * FROM `sp_cate` WHERE ( cate_pid=3 )  [ RunTime:0.0004s ]
NOTIC: [8] Undefined variable: str D:\WWW\Thinkphp\application\Admin\Controller\AttributeController.class.php 第 41 行.
INFO: [ app_end ] --START--
INFO: Run Behavior\ShowPageTraceBehavior [ RunTime:0.001047s ]
INFO: [ app_end ] --END-- [ RunTime:0.001089s ]

[ 2017-07-17T21:13:40+08:00 ] 127.0.0.1 /Admin/Attribute/getCate.html?cate_id=35
INFO: [ app_init ] --START--
INFO: Run Behavior\BuildLiteBehavior [ RunTime:0.000017s ]
INFO: [ app_init ] --END-- [ RunTime:0.000564s ]
INFO: [ app_begin ] --START--
INFO: Run Behavior\ReadHtmlCacheBehavior [ RunTime:0.000870s ]
INFO: [ app_begin ] --END-- [ RunTime:0.000923s ]
SQL: SHOW COLUMNS FROM `sp_role` [ RunTime:0.0116s ]
SQL: SELECT `role_auth_path` FROM `sp_role` WHERE `role_id` = 1 LIMIT 1   [ RunTime:0.0008s ]
SQL: SHOW COLUMNS FROM `sp_cate` [ RunTime:0.0043s ]
SQL: SELECT * FROM `sp_cate` WHERE ( cate_pid=35 )  [ RunTime:0.0003s ]
NOTIC: [8] Undefined variable: str D:\WWW\Thinkphp\application\Admin\Controller\AttributeController.class.php 第 41 行.
INFO: [ app_end ] --START--
INFO: Run Behavior\ShowPageTraceBehavior [ RunTime:0.000968s ]
INFO: [ app_end ] --END-- [ RunTime:0.001007s ]

[ 2017-07-17T21:13:42+08:00 ] 127.0.0.1 /Admin/Attribute/getAttr.html?cate_id=55&_=1500297221364
INFO: [ app_init ] --START--
INFO: Run Behavior\BuildLiteBehavior [ RunTime:0.000015s ]
INFO: [ app_init ] --END-- [ RunTime:0.000506s ]
INFO: [ app_begin ] --START--
INFO: Run Behavior\ReadHtmlCacheBehavior [ RunTime:0.000822s ]
INFO: [ app_begin ] --END-- [ RunTime:0.000867s ]
SQL: SHOW COLUMNS FROM `sp_role` [ RunTime:0.0079s ]
SQL: SELECT `role_auth_path` FROM `sp_role` WHERE `role_id` = 1 LIMIT 1   [ RunTime:0.0006s ]
SQL: SHOW COLUMNS FROM `sp_attribute` [ RunTime:0.0043s ]
SQL: SELECT * FROM `sp_attribute` WHERE ( attr_cateid=55 )  [ RunTime:0.0004s ]
INFO: [ app_end ] --START--
INFO: Run Behavior\ShowPageTraceBehavior [ RunTime:0.000983s ]
INFO: [ app_end ] --END-- [ RunTime:0.001028s ]

[ 2017-07-17T21:14:44+08:00 ] 127.0.0.1 /Admin/Goods/addGoods.html
INFO: [ app_init ] --START--
INFO: Run Behavior\BuildLiteBehavior [ RunTime:0.000021s ]
INFO: [ app_init ] --END-- [ RunTime:0.000655s ]
INFO: [ app_begin ] --START--
INFO: Run Behavior\ReadHtmlCacheBehavior [ RunTime:0.000836s ]
INFO: [ app_begin ] --END-- [ RunTime:0.000886s ]
SQL: SHOW COLUMNS FROM `sp_role` [ RunTime:0.0190s ]
SQL: SELECT `role_auth_path` FROM `sp_role` WHERE `role_id` = 1 LIMIT 1   [ RunTime:0.0022s ]
NOTIC: [2] call_user_func() expects parameter 1 to be a valid callback, no array or string given D:\WWW\Thinkphp\ThinkPHP\Library\Think\Upload.class.php 第 170 行.
SQL: SHOW COLUMNS FROM `sp_goods` [ RunTime:0.0049s ]
NOTIC: [8] Undefined index: validate D:\WWW\Thinkphp\ThinkPHP\Library\Think\Model.class.php 第 1187 行.
NOTIC: [8] Undefined index: auto D:\WWW\Thinkphp\ThinkPHP\Library\Think\Model.class.php 第 1130 行.
SQL: INSERT INTO `sp_goods` (`goods_name`,`goods_price`,`goods_vip_price`,`goods_num`,`goods_weight`,`goods_cateid`,`goods_saletime`,`goods_isdel`,`goods_introduce`,`goods_addtime`,`goods_updtime`,`goods_logo`,`goods_small_logo`) VALUES ('iphone 8 ex','5555','5500','11','100','55','1500297279','上架','<p>sahdjhjdfka<br /></p>','1500297284','1500297284','./Uploads/2017-07-17/596cb84486c41.jpg','./Uploads/2017-07-17/thumb_596cb84486c41.jpg') [ RunTime:0.0024s ]
SQL: SHOW COLUMNS FROM `sp_goodsattr` [ RunTime:0.0044s ]
SQL: INSERT INTO `sp_goodsattr` (`ga_goodsid`,`ga_attrid`,`ga_attrvals`) VALUES ('25','4','金色,银色,白色'),('25','3','32G,128G,64G'),('25','2','4G,6G'),('25','1','iphone 8 ex 105') [ RunTime:0.0025s ]
INFO: [ view_parse ] --START--
INFO: [ template_filter ] --START--
INFO: Run Behavior\ContentReplaceBehavior [ RunTime:0.000047s ]
INFO: [ template_filter ] --END-- [ RunTime:0.000094s ]
INFO: Run Behavior\ParseTemplateBehavior [ RunTime:0.007097s ]
INFO: [ view_parse ] --END-- [ RunTime:0.007153s ]
INFO: [ view_filter ] --START--
INFO: Run Behavior\WriteHtmlCacheBehavior [ RunTime:0.000574s ]
INFO: [ view_filter ] --END-- [ RunTime:0.000612s ]
INFO: [ app_end ] --START--
INFO: Run Behavior\ShowPageTraceBehavior [ RunTime:0.000842s ]
INFO: [ app_end ] --END-- [ RunTime:0.000881s ]

[ 2017-07-17T21:14:46+08:00 ] 127.0.0.1 /Admin/Goods/goodsList.html
INFO: [ app_init ] --START--
INFO: Run Behavior\BuildLiteBehavior [ RunTime:0.000021s ]
INFO: [ app_init ] --END-- [ RunTime:0.000516s ]
INFO: [ app_begin ] --START--
INFO: Run Behavior\ReadHtmlCacheBehavior [ RunTime:0.000895s ]
INFO: [ app_begin ] --END-- [ RunTime:0.000952s ]
SQL: SHOW COLUMNS FROM `sp_role` [ RunTime:0.0043s ]
SQL: SELECT `role_auth_path` FROM `sp_role` WHERE `role_id` = 1 LIMIT 1   [ RunTime:0.0004s ]
SQL: SHOW COLUMNS FROM `sp_goods` [ RunTime:0.0064s ]
SQL: SELECT * FROM `sp_goods` LIMIT 0,5   [ RunTime:0.0005s ]
SQL: SELECT COUNT(*) AS tp_count FROM `sp_goods` LIMIT 1   [ RunTime:0.0003s ]
INFO: [ view_parse ] --START--
INFO: [ template_filter ] --START--
INFO: Run Behavior\ContentReplaceBehavior [ RunTime:0.000065s ]
INFO: [ template_filter ] --END-- [ RunTime:0.000113s ]
NOTIC: [8] Use of undefined constant goods_id - assumed 'goods_id' D:\WWW\Thinkphp\application\Runtime\Cache\Admin\af8781c0ac9c25562ee238804b947ffa.php 第 75 行.
NOTIC: [8] Use of undefined constant goods_id - assumed 'goods_id' D:\WWW\Thinkphp\application\Runtime\Cache\Admin\af8781c0ac9c25562ee238804b947ffa.php 第 75 行.
NOTIC: [8] Use of undefined constant goods_id - assumed 'goods_id' D:\WWW\Thinkphp\application\Runtime\Cache\Admin\af8781c0ac9c25562ee238804b947ffa.php 第 75 行.
NOTIC: [8] Use of undefined constant goods_id - assumed 'goods_id' D:\WWW\Thinkphp\application\Runtime\Cache\Admin\af8781c0ac9c25562ee238804b947ffa.php 第 75 行.
NOTIC: [8] Use of undefined constant goods_id - assumed 'goods_id' D:\WWW\Thinkphp\application\Runtime\Cache\Admin\af8781c0ac9c25562ee238804b947ffa.php 第 75 行.
NOTIC: [8] Use of undefined constant goods_id - assumed 'goods_id' D:\WWW\Thinkphp\application\Runtime\Cache\Admin\af8781c0ac9c25562ee238804b947ffa.php 第 75 行.
NOTIC: [8] Use of undefined constant goods_id - assumed 'goods_id' D:\WWW\Thinkphp\application\Runtime\Cache\Admin\af8781c0ac9c25562ee238804b947ffa.php 第 75 行.
NOTIC: [8] Use of undefined constant goods_id - assumed 'goods_id' D:\WWW\Thinkphp\application\Runtime\Cache\Admin\af8781c0ac9c25562ee238804b947ffa.php 第 75 行.
NOTIC: [8] Use of undefined constant goods_id - assumed 'goods_id' D:\WWW\Thinkphp\application\Runtime\Cache\Admin\af8781c0ac9c25562ee238804b947ffa.php 第 75 行.
NOTIC: [8] Use of undefined constant goods_id - assumed 'goods_id' D:\WWW\Thinkphp\application\Runtime\Cache\Admin\af8781c0ac9c25562ee238804b947ffa.php 第 75 行.
INFO: Run Behavior\ParseTemplateBehavior [ RunTime:0.009727s ]
INFO: [ view_parse ] --END-- [ RunTime:0.009777s ]
INFO: [ view_filter ] --START--
INFO: Run Behavior\WriteHtmlCacheBehavior [ RunTime:0.001155s ]
INFO: [ view_filter ] --END-- [ RunTime:0.001290s ]
INFO: [ app_end ] --START--
INFO: Run Behavior\ShowPageTraceBehavior [ RunTime:0.001514s ]
INFO: [ app_end ] --END-- [ RunTime:0.001602s ]

[ 2017-07-17T21:14:46+08:00 ] 127.0.0.1 /Admin/Goods/images/ticon.png
INFO: [ app_init ] --START--
INFO: Run Behavior\BuildLiteBehavior [ RunTime:0.000016s ]
INFO: [ app_init ] --END-- [ RunTime:0.000519s ]

[ 2017-07-17T21:15:15+08:00 ] 127.0.0.1 /Admin/Goods/goodsList/p/3.html
INFO: [ app_init ] --START--
INFO: Run Behavior\BuildLiteBehavior [ RunTime:0.000015s ]
INFO: [ app_init ] --END-- [ RunTime:0.000569s ]
INFO: [ app_begin ] --START--
INFO: Run Behavior\ReadHtmlCacheBehavior [ RunTime:0.000848s ]
INFO: [ app_begin ] --END-- [ RunTime:0.000943s ]
SQL: SHOW COLUMNS FROM `sp_role` [ RunTime:0.0047s ]
SQL: SELECT `role_auth_path` FROM `sp_role` WHERE `role_id` = 1 LIMIT 1   [ RunTime:0.0004s ]
SQL: SHOW COLUMNS FROM `sp_goods` [ RunTime:0.0049s ]
SQL: SELECT * FROM `sp_goods` LIMIT 10,5   [ RunTime:0.0004s ]
SQL: SELECT COUNT(*) AS tp_count FROM `sp_goods` LIMIT 1   [ RunTime:0.0002s ]
INFO: [ view_parse ] --START--
INFO: [ template_filter ] --START--
INFO: Run Behavior\ContentReplaceBehavior [ RunTime:0.000065s ]
INFO: [ template_filter ] --END-- [ RunTime:0.000126s ]
NOTIC: [8] Use of undefined constant goods_id - assumed 'goods_id' D:\WWW\Thinkphp\application\Runtime\Cache\Admin\af8781c0ac9c25562ee238804b947ffa.php 第 75 行.
NOTIC: [8] Use of undefined constant goods_id - assumed 'goods_id' D:\WWW\Thinkphp\application\Runtime\Cache\Admin\af8781c0ac9c25562ee238804b947ffa.php 第 75 行.
INFO: Run Behavior\ParseTemplateBehavior [ RunTime:0.009376s ]
INFO: [ view_parse ] --END-- [ RunTime:0.009459s ]
INFO: [ view_filter ] --START--
INFO: Run Behavior\WriteHtmlCacheBehavior [ RunTime:0.000554s ]
INFO: [ view_filter ] --END-- [ RunTime:0.000593s ]
INFO: [ app_end ] --START--
INFO: Run Behavior\ShowPageTraceBehavior [ RunTime:0.000850s ]
INFO: [ app_end ] --END-- [ RunTime:0.000894s ]

[ 2017-07-17T21:15:15+08:00 ] 127.0.0.1 /Admin/Goods/goodsList/p/images/ticon.png
INFO: [ app_init ] --START--
INFO: Run Behavior\BuildLiteBehavior [ RunTime:0.000015s ]
INFO: [ app_init ] --END-- [ RunTime:0.000566s ]

[ 2017-07-17T21:15:15+08:00 ] 127.0.0.1 /Admin/Goods/goodsList/p/images/ticon.png
INFO: [ app_init ] --START--
INFO: Run Behavior\BuildLiteBehavior [ RunTime:0.000016s ]
INFO: [ app_init ] --END-- [ RunTime:0.000626s ]

[ 2017-07-17T21:15:20+08:00 ] 127.0.0.1 /Admin/Goods/addGoods.html
INFO: [ app_init ] --START--
INFO: Run Behavior\BuildLiteBehavior [ RunTime:0.000018s ]
INFO: [ app_init ] --END-- [ RunTime:0.000641s ]
INFO: [ app_begin ] --START--
INFO: Run Behavior\ReadHtmlCacheBehavior [ RunTime:0.000791s ]
INFO: [ app_begin ] --END-- [ RunTime:0.000846s ]
SQL: SHOW COLUMNS FROM `sp_role` [ RunTime:0.0085s ]
SQL: SELECT `role_auth_path` FROM `sp_role` WHERE `role_id` = 1 LIMIT 1   [ RunTime:0.0006s ]
SQL: SHOW COLUMNS FROM `sp_cate` [ RunTime:0.0080s ]
SQL: SELECT * FROM `sp_cate` WHERE ( cate_pid=0 )  [ RunTime:0.0009s ]
INFO: [ view_parse ] --START--
INFO: [ template_filter ] --START--
INFO: Run Behavior\ContentReplaceBehavior [ RunTime:0.000088s ]
INFO: [ template_filter ] --END-- [ RunTime:0.000138s ]
INFO: Run Behavior\ParseTemplateBehavior [ RunTime:0.008924s ]
INFO: [ view_parse ] --END-- [ RunTime:0.009016s ]
INFO: [ view_filter ] --START--
INFO: Run Behavior\WriteHtmlCacheBehavior [ RunTime:0.000507s ]
INFO: [ view_filter ] --END-- [ RunTime:0.000548s ]
INFO: [ app_end ] --START--
INFO: Run Behavior\ShowPageTraceBehavior [ RunTime:0.000809s ]
INFO: [ app_end ] --END-- [ RunTime:0.000849s ]

[ 2017-07-17T21:15:25+08:00 ] 127.0.0.1 /Admin/Attribute/getCate.html?cate_id=3
INFO: [ app_init ] --START--
INFO: Run Behavior\BuildLiteBehavior [ RunTime:0.000018s ]
INFO: [ app_init ] --END-- [ RunTime:0.000733s ]
INFO: [ app_begin ] --START--
INFO: Run Behavior\ReadHtmlCacheBehavior [ RunTime:0.001071s ]
INFO: [ app_begin ] --END-- [ RunTime:0.001157s ]
SQL: SHOW COLUMNS FROM `sp_role` [ RunTime:0.0129s ]
SQL: SELECT `role_auth_path` FROM `sp_role` WHERE `role_id` = 1 LIMIT 1   [ RunTime:0.0007s ]
SQL: SHOW COLUMNS FROM `sp_cate` [ RunTime:0.0044s ]
SQL: SELECT * FROM `sp_cate` WHERE ( cate_pid=3 )  [ RunTime:0.0004s ]
NOTIC: [8] Undefined variable: str D:\WWW\Thinkphp\application\Admin\Controller\AttributeController.class.php 第 41 行.
INFO: [ app_end ] --START--
INFO: Run Behavior\ShowPageTraceBehavior [ RunTime:0.000955s ]
INFO: [ app_end ] --END-- [ RunTime:0.000994s ]

[ 2017-07-17T21:15:28+08:00 ] 127.0.0.1 /Admin/Attribute/getCate.html?cate_id=35
INFO: [ app_init ] --START--
INFO: Run Behavior\BuildLiteBehavior [ RunTime:0.000015s ]
INFO: [ app_init ] --END-- [ RunTime:0.000589s ]
INFO: [ app_begin ] --START--
INFO: Run Behavior\ReadHtmlCacheBehavior [ RunTime:0.000710s ]
INFO: [ app_begin ] --END-- [ RunTime:0.000757s ]
SQL: SHOW COLUMNS FROM `sp_role` [ RunTime:0.8310s ]
SQL: SELECT `role_auth_path` FROM `sp_role` WHERE `role_id` = 1 LIMIT 1   [ RunTime:0.0007s ]
SQL: SHOW COLUMNS FROM `sp_cate` [ RunTime:0.0044s ]
SQL: SELECT * FROM `sp_cate` WHERE ( cate_pid=35 )  [ RunTime:0.0003s ]
NOTIC: [8] Undefined variable: str D:\WWW\Thinkphp\application\Admin\Controller\AttributeController.class.php 第 41 行.
INFO: [ app_end ] --START--
INFO: Run Behavior\ShowPageTraceBehavior [ RunTime:0.001044s ]
INFO: [ app_end ] --END-- [ RunTime:0.001085s ]

[ 2017-07-17T21:15:30+08:00 ] 127.0.0.1 /Admin/Attribute/getAttr.html?cate_id=55&_=1500297329667
INFO: [ app_init ] --START--
INFO: Run Behavior\BuildLiteBehavior [ RunTime:0.000015s ]
INFO: [ app_init ] --END-- [ RunTime:0.000604s ]
INFO: [ app_begin ] --START--
INFO: Run Behavior\ReadHtmlCacheBehavior [ RunTime:0.000754s ]
INFO: [ app_begin ] --END-- [ RunTime:0.000803s ]
SQL: SHOW COLUMNS FROM `sp_role` [ RunTime:0.0052s ]
SQL: SELECT `role_auth_path` FROM `sp_role` WHERE `role_id` = 1 LIMIT 1   [ RunTime:0.0003s ]
SQL: SHOW COLUMNS FROM `sp_attribute` [ RunTime:0.0042s ]
SQL: SELECT * FROM `sp_attribute` WHERE ( attr_cateid=55 )  [ RunTime:0.0003s ]
INFO: [ app_end ] --START--
INFO: Run Behavior\ShowPageTraceBehavior [ RunTime:0.000931s ]
INFO: [ app_end ] --END-- [ RunTime:0.000975s ]

[ 2017-07-17T21:19:11+08:00 ] 127.0.0.1 /Admin/Goods/addGoods.html
INFO: [ app_init ] --START--
INFO: Run Behavior\BuildLiteBehavior [ RunTime:0.000016s ]
INFO: [ app_init ] --END-- [ RunTime:0.000584s ]
INFO: [ app_begin ] --START--
INFO: Run Behavior\ReadHtmlCacheBehavior [ RunTime:0.000789s ]
INFO: [ app_begin ] --END-- [ RunTime:0.000839s ]
SQL: SHOW COLUMNS FROM `sp_role` [ RunTime:0.0114s ]
SQL: SELECT `role_auth_path` FROM `sp_role` WHERE `role_id` = 1 LIMIT 1   [ RunTime:0.0009s ]
SQL: SHOW COLUMNS FROM `sp_cate` [ RunTime:0.0132s ]
SQL: SELECT * FROM `sp_cate` WHERE ( cate_pid=0 )  [ RunTime:0.0011s ]
INFO: [ view_parse ] --START--
INFO: [ template_filter ] --START--
INFO: Run Behavior\ContentReplaceBehavior [ RunTime:0.000086s ]
INFO: [ template_filter ] --END-- [ RunTime:0.000141s ]
INFO: Run Behavior\ParseTemplateBehavior [ RunTime:0.009794s ]
INFO: [ view_parse ] --END-- [ RunTime:0.009913s ]
INFO: [ view_filter ] --START--
INFO: Run Behavior\WriteHtmlCacheBehavior [ RunTime:0.000833s ]
INFO: [ view_filter ] --END-- [ RunTime:0.000881s ]
INFO: [ app_end ] --START--
INFO: Run Behavior\ShowPageTraceBehavior [ RunTime:0.000977s ]
INFO: [ app_end ] --END-- [ RunTime:0.001029s ]

[ 2017-07-17T21:19:28+08:00 ] 127.0.0.1 /Admin/Goods/addGoods.html
INFO: [ app_init ] --START--
INFO: Run Behavior\BuildLiteBehavior [ RunTime:0.000017s ]
INFO: [ app_init ] --END-- [ RunTime:0.000628s ]
INFO: [ app_begin ] --START--
INFO: Run Behavior\ReadHtmlCacheBehavior [ RunTime:0.000849s ]
INFO: [ app_begin ] --END-- [ RunTime:0.000921s ]
SQL: SHOW COLUMNS FROM `sp_role` [ RunTime:0.0052s ]
SQL: SELECT `role_auth_path` FROM `sp_role` WHERE `role_id` = 1 LIMIT 1   [ RunTime:0.0003s ]
SQL: SHOW COLUMNS FROM `sp_cate` [ RunTime:0.0047s ]
SQL: SELECT * FROM `sp_cate` WHERE ( cate_pid=0 )  [ RunTime:0.0005s ]
INFO: [ view_parse ] --START--
INFO: [ template_filter ] --START--
INFO: Run Behavior\ContentReplaceBehavior [ RunTime:0.000089s ]
INFO: [ template_filter ] --END-- [ RunTime:0.000142s ]
INFO: Run Behavior\ParseTemplateBehavior [ RunTime:0.009815s ]
INFO: [ view_parse ] --END-- [ RunTime:0.009880s ]
INFO: [ view_filter ] --START--
INFO: Run Behavior\WriteHtmlCacheBehavior [ RunTime:0.000572s ]
INFO: [ view_filter ] --END-- [ RunTime:0.000617s ]
INFO: [ app_end ] --START--
INFO: Run Behavior\ShowPageTraceBehavior [ RunTime:0.000842s ]
INFO: [ app_end ] --END-- [ RunTime:0.000887s ]

[ 2017-07-17T21:19:33+08:00 ] 127.0.0.1 /Admin/Attribute/getCate.html?cate_id=1
INFO: [ app_init ] --START--
INFO: Run Behavior\BuildLiteBehavior [ RunTime:0.000014s ]
INFO: [ app_init ] --END-- [ RunTime:0.000534s ]
INFO: [ app_begin ] --START--
INFO: Run Behavior\ReadHtmlCacheBehavior [ RunTime:0.000784s ]
INFO: [ app_begin ] --END-- [ RunTime:0.000841s ]
SQL: SHOW COLUMNS FROM `sp_role` [ RunTime:0.0041s ]
SQL: SELECT `role_auth_path` FROM `sp_role` WHERE `role_id` = 1 LIMIT 1   [ RunTime:0.0003s ]
SQL: SHOW COLUMNS FROM `sp_cate` [ RunTime:0.0043s ]
SQL: SELECT * FROM `sp_cate` WHERE ( cate_pid=1 )  [ RunTime:0.0004s ]
NOTIC: [8] Undefined variable: str D:\WWW\Thinkphp\application\Admin\Controller\AttributeController.class.php 第 41 行.
INFO: [ app_end ] --START--
INFO: Run Behavior\ShowPageTraceBehavior [ RunTime:0.000963s ]
INFO: [ app_end ] --END-- [ RunTime:0.001004s ]

[ 2017-07-17T21:19:34+08:00 ] 127.0.0.1 /Admin/Attribute/getCate.html?cate_id=2
INFO: [ app_init ] --START--
INFO: Run Behavior\BuildLiteBehavior [ RunTime:0.000016s ]
INFO: [ app_init ] --END-- [ RunTime:0.000598s ]
INFO: [ app_begin ] --START--
INFO: Run Behavior\ReadHtmlCacheBehavior [ RunTime:0.000904s ]
INFO: [ app_begin ] --END-- [ RunTime:0.000957s ]
SQL: SHOW COLUMNS FROM `sp_role` [ RunTime:0.0145s ]
SQL: SELECT `role_auth_path` FROM `sp_role` WHERE `role_id` = 1 LIMIT 1   [ RunTime:0.0010s ]
SQL: SHOW COLUMNS FROM `sp_cate` [ RunTime:0.0056s ]
SQL: SELECT * FROM `sp_cate` WHERE ( cate_pid=2 )  [ RunTime:0.0004s ]
NOTIC: [8] Undefined variable: str D:\WWW\Thinkphp\application\Admin\Controller\AttributeController.class.php 第 41 行.
INFO: [ app_end ] --START--
INFO: Run Behavior\ShowPageTraceBehavior [ RunTime:0.001248s ]
INFO: [ app_end ] --END-- [ RunTime:0.001305s ]

[ 2017-07-17T21:19:37+08:00 ] 127.0.0.1 /Admin/Attribute/getCate.html?cate_id=3
INFO: [ app_init ] --START--
INFO: Run Behavior\BuildLiteBehavior [ RunTime:0.000014s ]
INFO: [ app_init ] --END-- [ RunTime:0.000604s ]
INFO: [ app_begin ] --START--
INFO: Run Behavior\ReadHtmlCacheBehavior [ RunTime:0.000666s ]
INFO: [ app_begin ] --END-- [ RunTime:0.000718s ]
SQL: SHOW COLUMNS FROM `sp_role` [ RunTime:0.0114s ]
SQL: SELECT `role_auth_path` FROM `sp_role` WHERE `role_id` = 1 LIMIT 1   [ RunTime:0.0007s ]
SQL: SHOW COLUMNS FROM `sp_cate` [ RunTime:0.0045s ]
SQL: SELECT * FROM `sp_cate` WHERE ( cate_pid=3 )  [ RunTime:0.0004s ]
NOTIC: [8] Undefined variable: str D:\WWW\Thinkphp\application\Admin\Controller\AttributeController.class.php 第 41 行.
INFO: [ app_end ] --START--
INFO: Run Behavior\ShowPageTraceBehavior [ RunTime:0.000972s ]
INFO: [ app_end ] --END-- [ RunTime:0.001017s ]

[ 2017-07-17T21:19:39+08:00 ] 127.0.0.1 /Admin/Attribute/getCate.html?cate_id=35
INFO: [ app_init ] --START--
INFO: Run Behavior\BuildLiteBehavior [ RunTime:0.000014s ]
INFO: [ app_init ] --END-- [ RunTime:0.000584s ]
INFO: [ app_begin ] --START--
INFO: Run Behavior\ReadHtmlCacheBehavior [ RunTime:0.000723s ]
INFO: [ app_begin ] --END-- [ RunTime:0.000793s ]
SQL: SHOW COLUMNS FROM `sp_role` [ RunTime:0.0121s ]
SQL: SELECT `role_auth_path` FROM `sp_role` WHERE `role_id` = 1 LIMIT 1   [ RunTime:0.0008s ]
SQL: SHOW COLUMNS FROM `sp_cate` [ RunTime:0.0041s ]
SQL: SELECT * FROM `sp_cate` WHERE ( cate_pid=35 )  [ RunTime:0.0003s ]
NOTIC: [8] Undefined variable: str D:\WWW\Thinkphp\application\Admin\Controller\AttributeController.class.php 第 41 行.
INFO: [ app_end ] --START--
INFO: Run Behavior\ShowPageTraceBehavior [ RunTime:0.000886s ]
INFO: [ app_end ] --END-- [ RunTime:0.000925s ]

[ 2017-07-17T21:19:41+08:00 ] 127.0.0.1 /Admin/Attribute/getAttr.html?cate_id=55&_=1500297579873
INFO: [ app_init ] --START--
INFO: Run Behavior\BuildLiteBehavior [ RunTime:0.000015s ]
INFO: [ app_init ] --END-- [ RunTime:0.000545s ]
INFO: [ app_begin ] --START--
INFO: Run Behavior\ReadHtmlCacheBehavior [ RunTime:0.000674s ]
INFO: [ app_begin ] --END-- [ RunTime:0.000722s ]
SQL: SHOW COLUMNS FROM `sp_role` [ RunTime:0.0108s ]
SQL: SELECT `role_auth_path` FROM `sp_role` WHERE `role_id` = 1 LIMIT 1   [ RunTime:0.0007s ]
SQL: SHOW COLUMNS FROM `sp_attribute` [ RunTime:0.0043s ]
SQL: SELECT * FROM `sp_attribute` WHERE ( attr_cateid=55 )  [ RunTime:0.0004s ]
INFO: [ app_end ] --START--
INFO: Run Behavior\ShowPageTraceBehavior [ RunTime:0.000900s ]
INFO: [ app_end ] --END-- [ RunTime:0.000945s ]

[ 2017-07-17T21:20:14+08:00 ] 127.0.0.1 /Admin/Goods/addGoods.html
INFO: [ app_init ] --START--
INFO: Run Behavior\BuildLiteBehavior [ RunTime:0.000016s ]
INFO: [ app_init ] --END-- [ RunTime:0.000533s ]
INFO: [ app_begin ] --START--
INFO: Run Behavior\ReadHtmlCacheBehavior [ RunTime:0.000644s ]
INFO: [ app_begin ] --END-- [ RunTime:0.000695s ]
SQL: SHOW COLUMNS FROM `sp_role` [ RunTime:0.0043s ]
SQL: SELECT `role_auth_path` FROM `sp_role` WHERE `role_id` = 1 LIMIT 1   [ RunTime:0.0005s ]
SQL: SHOW COLUMNS FROM `sp_cate` [ RunTime:0.0041s ]
SQL: SELECT * FROM `sp_cate` WHERE ( cate_pid=0 )  [ RunTime:0.0004s ]
INFO: [ view_parse ] --START--
INFO: [ template_filter ] --START--
INFO: Run Behavior\ContentReplaceBehavior [ RunTime:0.000129s ]
INFO: [ template_filter ] --END-- [ RunTime:0.000210s ]
INFO: Run Behavior\ParseTemplateBehavior [ RunTime:0.010479s ]
INFO: [ view_parse ] --END-- [ RunTime:0.010559s ]
INFO: [ view_filter ] --START--
INFO: Run Behavior\WriteHtmlCacheBehavior [ RunTime:0.000505s ]
INFO: [ view_filter ] --END-- [ RunTime:0.000544s ]
INFO: [ app_end ] --START--
INFO: Run Behavior\ShowPageTraceBehavior [ RunTime:0.000769s ]
INFO: [ app_end ] --END-- [ RunTime:0.000807s ]

[ 2017-07-17T21:20:19+08:00 ] 127.0.0.1 /Admin/Attribute/getCate.html?cate_id=2
INFO: [ app_init ] --START--
INFO: Run Behavior\BuildLiteBehavior [ RunTime:0.000014s ]
INFO: [ app_init ] --END-- [ RunTime:0.000561s ]
INFO: [ app_begin ] --START--
INFO: Run Behavior\ReadHtmlCacheBehavior [ RunTime:0.000726s ]
INFO: [ app_begin ] --END-- [ RunTime:0.000775s ]
SQL: SHOW COLUMNS FROM `sp_role` [ RunTime:0.0040s ]
SQL: SELECT `role_auth_path` FROM `sp_role` WHERE `role_id` = 1 LIMIT 1   [ RunTime:0.0003s ]
SQL: SHOW COLUMNS FROM `sp_cate` [ RunTime:0.0040s ]
SQL: SELECT * FROM `sp_cate` WHERE ( cate_pid=2 )  [ RunTime:0.0004s ]
NOTIC: [8] Undefined variable: str D:\WWW\Thinkphp\application\Admin\Controller\AttributeController.class.php 第 41 行.
INFO: [ app_end ] --START--
INFO: Run Behavior\ShowPageTraceBehavior [ RunTime:0.001146s ]
INFO: [ app_end ] --END-- [ RunTime:0.001207s ]

[ 2017-07-17T21:20:20+08:00 ] 127.0.0.1 /Admin/Attribute/getCate.html?cate_id=3
INFO: [ app_init ] --START--
INFO: Run Behavior\BuildLiteBehavior [ RunTime:0.000013s ]
INFO: [ app_init ] --END-- [ RunTime:0.000545s ]
INFO: [ app_begin ] --START--
INFO: Run Behavior\ReadHtmlCacheBehavior [ RunTime:0.000770s ]
INFO: [ app_begin ] --END-- [ RunTime:0.000865s ]
SQL: SHOW COLUMNS FROM `sp_role` [ RunTime:0.0157s ]
SQL: SELECT `role_auth_path` FROM `sp_role` WHERE `role_id` = 1 LIMIT 1   [ RunTime:0.0010s ]
SQL: SHOW COLUMNS FROM `sp_cate` [ RunTime:0.0051s ]
SQL: SELECT * FROM `sp_cate` WHERE ( cate_pid=3 )  [ RunTime:0.0003s ]
NOTIC: [8] Undefined variable: str D:\WWW\Thinkphp\application\Admin\Controller\AttributeController.class.php 第 41 行.
INFO: [ app_end ] --START--
INFO: Run Behavior\ShowPageTraceBehavior [ RunTime:0.000887s ]
INFO: [ app_end ] --END-- [ RunTime:0.000926s ]

[ 2017-07-17T21:20:21+08:00 ] 127.0.0.1 /Admin/Attribute/getCate.html?cate_id=35
INFO: [ app_init ] --START--
INFO: Run Behavior\BuildLiteBehavior [ RunTime:0.000015s ]
INFO: [ app_init ] --END-- [ RunTime:0.000557s ]
INFO: [ app_begin ] --START--
INFO: Run Behavior\ReadHtmlCacheBehavior [ RunTime:0.000694s ]
INFO: [ app_begin ] --END-- [ RunTime:0.000747s ]
SQL: SHOW COLUMNS FROM `sp_role` [ RunTime:0.0102s ]
SQL: SELECT `role_auth_path` FROM `sp_role` WHERE `role_id` = 1 LIMIT 1   [ RunTime:0.0008s ]
SQL: SHOW COLUMNS FROM `sp_cate` [ RunTime:0.0048s ]
SQL: SELECT * FROM `sp_cate` WHERE ( cate_pid=35 )  [ RunTime:0.0003s ]
NOTIC: [8] Undefined variable: str D:\WWW\Thinkphp\application\Admin\Controller\AttributeController.class.php 第 41 行.
INFO: [ app_end ] --START--
INFO: Run Behavior\ShowPageTraceBehavior [ RunTime:0.000909s ]
INFO: [ app_end ] --END-- [ RunTime:0.000949s ]

[ 2017-07-17T21:20:23+08:00 ] 127.0.0.1 /Admin/Attribute/getAttr.html?cate_id=55&_=1500297622375
INFO: [ app_init ] --START--
INFO: Run Behavior\BuildLiteBehavior [ RunTime:0.000015s ]
INFO: [ app_init ] --END-- [ RunTime:0.000548s ]
INFO: [ app_begin ] --START--
INFO: Run Behavior\ReadHtmlCacheBehavior [ RunTime:0.000645s ]
INFO: [ app_begin ] --END-- [ RunTime:0.000690s ]
SQL: SHOW COLUMNS FROM `sp_role` [ RunTime:0.0101s ]
SQL: SELECT `role_auth_path` FROM `sp_role` WHERE `role_id` = 1 LIMIT 1   [ RunTime:0.0008s ]
SQL: SHOW COLUMNS FROM `sp_attribute` [ RunTime:0.0041s ]
SQL: SELECT * FROM `sp_attribute` WHERE ( attr_cateid=55 )  [ RunTime:0.0003s ]
INFO: [ app_end ] --START--
INFO: Run Behavior\ShowPageTraceBehavior [ RunTime:0.000883s ]
INFO: [ app_end ] --END-- [ RunTime:0.000926s ]

[ 2017-07-17T21:27:50+08:00 ] 127.0.0.1 /Admin/Goods/photos/id/25.html
INFO: [ app_init ] --START--
INFO: Run Behavior\BuildLiteBehavior [ RunTime:0.000016s ]
INFO: [ app_init ] --END-- [ RunTime:0.000594s ]
INFO: [ app_begin ] --START--
INFO: Run Behavior\ReadHtmlCacheBehavior [ RunTime:0.000805s ]
INFO: [ app_begin ] --END-- [ RunTime:0.000855s ]
SQL: SHOW COLUMNS FROM `sp_role` [ RunTime:0.0161s ]
SQL: SELECT `role_auth_path` FROM `sp_role` WHERE `role_id` = 1 LIMIT 1   [ RunTime:0.0014s ]
SQL: SHOW COLUMNS FROM `sp_goods` [ RunTime:0.0045s ]
SQL: SHOW COLUMNS FROM `sp_goodspic` [ RunTime:0.0052s ]
SQL: SELECT * FROM `sp_goodspic` WHERE ( pic_goodsid=25 )  [ RunTime:0.0003s ]
SQL: SELECT * FROM `sp_goods` WHERE `goods_id` = 25 LIMIT 1   [ RunTime:0.0003s ]
INFO: [ view_parse ] --START--
INFO: [ template_filter ] --START--
INFO: Run Behavior\ContentReplaceBehavior [ RunTime:0.000056s ]
INFO: [ template_filter ] --END-- [ RunTime:0.000106s ]
INFO: Run Behavior\ParseTemplateBehavior [ RunTime:0.008968s ]
INFO: [ view_parse ] --END-- [ RunTime:0.009052s ]
INFO: [ view_filter ] --START--
INFO: Run Behavior\WriteHtmlCacheBehavior [ RunTime:0.000551s ]
INFO: [ view_filter ] --END-- [ RunTime:0.000590s ]
INFO: [ app_end ] --START--
INFO: Run Behavior\ShowPageTraceBehavior [ RunTime:0.000819s ]
INFO: [ app_end ] --END-- [ RunTime:0.000862s ]

[ 2017-07-17T21:28:15+08:00 ] 127.0.0.1 /Admin/Goods/photos/id/25.html
INFO: [ app_init ] --START--
INFO: Run Behavior\BuildLiteBehavior [ RunTime:0.000027s ]
INFO: [ app_init ] --END-- [ RunTime:0.001060s ]
INFO: [ app_begin ] --START--
INFO: Run Behavior\ReadHtmlCacheBehavior [ RunTime:0.004744s ]
INFO: [ app_begin ] --END-- [ RunTime:0.004854s ]
SQL: SHOW COLUMNS FROM `sp_role` [ RunTime:0.0058s ]
SQL: SELECT `role_auth_path` FROM `sp_role` WHERE `role_id` = 1 LIMIT 1   [ RunTime:0.0004s ]
NOTIC: [2] call_user_func() expects parameter 1 to be a valid callback, no array or string given D:\WWW\Thinkphp\ThinkPHP\Library\Think\Upload.class.php 第 170 行.
NOTIC: [2] call_user_func() expects parameter 1 to be a valid callback, no array or string given D:\WWW\Thinkphp\ThinkPHP\Library\Think\Upload.class.php 第 170 行.
NOTIC: [2] call_user_func() expects parameter 1 to be a valid callback, no array or string given D:\WWW\Thinkphp\ThinkPHP\Library\Think\Upload.class.php 第 170 行.
NOTIC: [2] call_user_func() expects parameter 1 to be a valid callback, no array or string given D:\WWW\Thinkphp\ThinkPHP\Library\Think\Upload.class.php 第 170 行.
NOTIC: [2] call_user_func() expects parameter 1 to be a valid callback, no array or string given D:\WWW\Thinkphp\ThinkPHP\Library\Think\Upload.class.php 第 170 行.
SQL: SHOW COLUMNS FROM `sp_goodspic` [ RunTime:0.0046s ]
NOTIC: [8] Undefined variable: x D:\WWW\Thinkphp\ThinkPHP\Library\Think\Image\Driver\Gd.class.php 第 270 行.
NOTIC: [8] Undefined variable: y D:\WWW\Thinkphp\ThinkPHP\Library\Think\Image\Driver\Gd.class.php 第 270 行.
NOTIC: [8] Undefined variable: x D:\WWW\Thinkphp\ThinkPHP\Library\Think\Image\Driver\Gd.class.php 第 270 行.
NOTIC: [8] Undefined variable: y D:\WWW\Thinkphp\ThinkPHP\Library\Think\Image\Driver\Gd.class.php 第 270 行.
NOTIC: [8] Undefined variable: x D:\WWW\Thinkphp\ThinkPHP\Library\Think\Image\Driver\Gd.class.php 第 270 行.
NOTIC: [8] Undefined variable: y D:\WWW\Thinkphp\ThinkPHP\Library\Think\Image\Driver\Gd.class.php 第 270 行.
NOTIC: [8] Undefined variable: x D:\WWW\Thinkphp\ThinkPHP\Library\Think\Image\Driver\Gd.class.php 第 270 行.
NOTIC: [8] Undefined variable: y D:\WWW\Thinkphp\ThinkPHP\Library\Think\Image\Driver\Gd.class.php 第 270 行.
NOTIC: [8] Undefined variable: x D:\WWW\Thinkphp\ThinkPHP\Library\Think\Image\Driver\Gd.class.php 第 270 行.
NOTIC: [8] Undefined variable: y D:\WWW\Thinkphp\ThinkPHP\Library\Think\Image\Driver\Gd.class.php 第 270 行.
NOTIC: [8] Undefined variable: x D:\WWW\Thinkphp\ThinkPHP\Library\Think\Image\Driver\Gd.class.php 第 270 行.
NOTIC: [8] Undefined variable: y D:\WWW\Thinkphp\ThinkPHP\Library\Think\Image\Driver\Gd.class.php 第 270 行.
NOTIC: [8] Undefined variable: x D:\WWW\Thinkphp\ThinkPHP\Library\Think\Image\Driver\Gd.class.php 第 270 行.
NOTIC: [8] Undefined variable: y D:\WWW\Thinkphp\ThinkPHP\Library\Think\Image\Driver\Gd.class.php 第 270 行.
NOTIC: [8] Undefined variable: x D:\WWW\Thinkphp\ThinkPHP\Library\Think\Image\Driver\Gd.class.php 第 270 行.
NOTIC: [8] Undefined variable: y D:\WWW\Thinkphp\ThinkPHP\Library\Think\Image\Driver\Gd.class.php 第 270 行.
NOTIC: [8] Undefined variable: x D:\WWW\Thinkphp\ThinkPHP\Library\Think\Image\Driver\Gd.class.php 第 270 行.
NOTIC: [8] Undefined variable: y D:\WWW\Thinkphp\ThinkPHP\Library\Think\Image\Driver\Gd.class.php 第 270 行.
NOTIC: [8] Undefined variable: x D:\WWW\Thinkphp\ThinkPHP\Library\Think\Image\Driver\Gd.class.php 第 270 行.
NOTIC: [8] Undefined variable: y D:\WWW\Thinkphp\ThinkPHP\Library\Think\Image\Driver\Gd.class.php 第 270 行.
NOTIC: [8] Undefined variable: x D:\WWW\Thinkphp\ThinkPHP\Library\Think\Image\Driver\Gd.class.php 第 270 行.
NOTIC: [8] Undefined variable: y D:\WWW\Thinkphp\ThinkPHP\Library\Think\Image\Driver\Gd.class.php 第 270 行.
NOTIC: [8] Undefined variable: x D:\WWW\Thinkphp\ThinkPHP\Library\Think\Image\Driver\Gd.class.php 第 270 行.
NOTIC: [8] Undefined variable: y D:\WWW\Thinkphp\ThinkPHP\Library\Think\Image\Driver\Gd.class.php 第 270 行.
NOTIC: [8] Undefined variable: x D:\WWW\Thinkphp\ThinkPHP\Library\Think\Image\Driver\Gd.class.php 第 270 行.
NOTIC: [8] Undefined variable: y D:\WWW\Thinkphp\ThinkPHP\Library\Think\Image\Driver\Gd.class.php 第 270 行.
NOTIC: [8] Undefined variable: x D:\WWW\Thinkphp\ThinkPHP\Library\Think\Image\Driver\Gd.class.php 第 270 行.
NOTIC: [8] Undefined variable: y D:\WWW\Thinkphp\ThinkPHP\Library\Think\Image\Driver\Gd.class.php 第 270 行.
NOTIC: [8] Undefined variable: x D:\WWW\Thinkphp\ThinkPHP\Library\Think\Image\Driver\Gd.class.php 第 270 行.
NOTIC: [8] Undefined variable: y D:\WWW\Thinkphp\ThinkPHP\Library\Think\Image\Driver\Gd.class.php 第 270 行.
SQL: INSERT INTO `sp_goodspic` (`pic_goodsid`,`pic_ori`,`pic_big`,`pic_mid`,`pic_sma`) VALUES ('25','./Uploads/2017-07-17/596cbb6f145dd.jpg','./Uploads/2017-07-17/big_596cbb6f145dd.jpg','./Uploads/2017-07-17/mid_596cbb6f145dd.jpg','./Uploads/2017-07-17/sma_596cbb6f145dd.jpg'),('25','./Uploads/2017-07-17/596cbb6f15d6f.jpg','./Uploads/2017-07-17/big_596cbb6f15d6f.jpg','./Uploads/2017-07-17/mid_596cbb6f15d6f.jpg','./Uploads/2017-07-17/sma_596cbb6f15d6f.jpg'),('25','./Uploads/2017-07-17/596cbb6f17242.jpg','./Uploads/2017-07-17/big_596cbb6f17242.jpg','./Uploads/2017-07-17/mid_596cbb6f17242.jpg','./Uploads/2017-07-17/sma_596cbb6f17242.jpg'),('25','./Uploads/2017-07-17/596cbb6f1890e.jpg','./Uploads/2017-07-17/big_596cbb6f1890e.jpg','./Uploads/2017-07-17/mid_596cbb6f1890e.jpg','./Uploads/2017-07-17/sma_596cbb6f1890e.jpg'),('25','./Uploads/2017-07-17/596cbb6f19fd7.jpg','./Uploads/2017-07-17/big_596cbb6f19fd7.jpg','./Uploads/2017-07-17/mid_596cbb6f19fd7.jpg','./Uploads/2017-07-17/sma_596cbb6f19fd7.jpg') [ RunTime:0.0069s ]
INFO: [ view_parse ] --START--
INFO: [ template_filter ] --START--
INFO: Run Behavior\ContentReplaceBehavior [ RunTime:0.000056s ]
INFO: [ template_filter ] --END-- [ RunTime:0.000109s ]
INFO: Run Behavior\ParseTemplateBehavior [ RunTime:0.007995s ]
INFO: [ view_parse ] --END-- [ RunTime:0.008042s ]
INFO: [ view_filter ] --START--
INFO: Run Behavior\WriteHtmlCacheBehavior [ RunTime:0.000556s ]
INFO: [ view_filter ] --END-- [ RunTime:0.000616s ]
INFO: [ app_end ] --START--
INFO: Run Behavior\ShowPageTraceBehavior [ RunTime:0.000960s ]
INFO: [ app_end ] --END-- [ RunTime:0.001013s ]

[ 2017-07-17T21:28:18+08:00 ] 127.0.0.1 /Admin/Goods/photos/id/25.html
INFO: [ app_init ] --START--
INFO: Run Behavior\BuildLiteBehavior [ RunTime:0.000015s ]
INFO: [ app_init ] --END-- [ RunTime:0.000582s ]
INFO: [ app_begin ] --START--
INFO: Run Behavior\ReadHtmlCacheBehavior [ RunTime:0.000675s ]
INFO: [ app_begin ] --END-- [ RunTime:0.000724s ]
SQL: SHOW COLUMNS FROM `sp_role` [ RunTime:0.0048s ]
SQL: SELECT `role_auth_path` FROM `sp_role` WHERE `role_id` = 1 LIMIT 1   [ RunTime:0.0003s ]
SQL: SHOW COLUMNS FROM `sp_goods` [ RunTime:0.0058s ]
SQL: SHOW COLUMNS FROM `sp_goodspic` [ RunTime:0.0041s ]
SQL: SELECT * FROM `sp_goodspic` WHERE ( pic_goodsid=25 )  [ RunTime:0.0004s ]
SQL: SELECT * FROM `sp_goods` WHERE `goods_id` = 25 LIMIT 1   [ RunTime:0.0003s ]
INFO: [ view_parse ] --START--
INFO: [ template_filter ] --START--
INFO: Run Behavior\ContentReplaceBehavior [ RunTime:0.000053s ]
INFO: [ template_filter ] --END-- [ RunTime:0.000094s ]
INFO: Run Behavior\ParseTemplateBehavior [ RunTime:0.008144s ]
INFO: [ view_parse ] --END-- [ RunTime:0.008238s ]
INFO: [ view_filter ] --START--
INFO: Run Behavior\WriteHtmlCacheBehavior [ RunTime:0.000518s ]
INFO: [ view_filter ] --END-- [ RunTime:0.000568s ]
INFO: [ app_end ] --START--
INFO: Run Behavior\ShowPageTraceBehavior [ RunTime:0.000910s ]
INFO: [ app_end ] --END-- [ RunTime:0.000954s ]

[ 2017-07-17T21:29:14+08:00 ] 127.0.0.1 /Admin/Goods/photos/id/25.html
INFO: [ app_init ] --START--
INFO: Run Behavior\BuildLiteBehavior [ RunTime:0.000016s ]
INFO: [ app_init ] --END-- [ RunTime:0.000560s ]
INFO: [ app_begin ] --START--
INFO: Run Behavior\ReadHtmlCacheBehavior [ RunTime:0.000861s ]
INFO: [ app_begin ] --END-- [ RunTime:0.000912s ]
SQL: SHOW COLUMNS FROM `sp_role` [ RunTime:0.0052s ]
SQL: SELECT `role_auth_path` FROM `sp_role` WHERE `role_id` = 1 LIMIT 1   [ RunTime:0.0004s ]
SQL: SHOW COLUMNS FROM `sp_goods` [ RunTime:0.0047s ]
SQL: SHOW COLUMNS FROM `sp_goodspic` [ RunTime:0.0045s ]
SQL: SELECT * FROM `sp_goodspic` WHERE ( pic_goodsid=25 )  [ RunTime:0.0005s ]
SQL: SELECT * FROM `sp_goods` WHERE `goods_id` = 25 LIMIT 1   [ RunTime:0.0004s ]
INFO: [ view_parse ] --START--
INFO: [ template_filter ] --START--
INFO: Run Behavior\ContentReplaceBehavior [ RunTime:0.000060s ]
INFO: [ template_filter ] --END-- [ RunTime:0.000119s ]
INFO: Run Behavior\ParseTemplateBehavior [ RunTime:0.009585s ]
INFO: [ view_parse ] --END-- [ RunTime:0.009684s ]
INFO: [ view_filter ] --START--
INFO: Run Behavior\WriteHtmlCacheBehavior [ RunTime:0.000651s ]
INFO: [ view_filter ] --END-- [ RunTime:0.000690s ]
INFO: [ app_end ] --START--
INFO: Run Behavior\ShowPageTraceBehavior [ RunTime:0.000943s ]
INFO: [ app_end ] --END-- [ RunTime:0.000993s ]

[ 2017-07-17T21:37:18+08:00 ] 127.0.0.1 /Admin/Goods/goodsList.html
INFO: [ app_init ] --START--
INFO: Run Behavior\BuildLiteBehavior [ RunTime:0.000016s ]
INFO: [ app_init ] --END-- [ RunTime:0.000611s ]
INFO: [ app_begin ] --START--
INFO: Run Behavior\ReadHtmlCacheBehavior [ RunTime:0.001078s ]
INFO: [ app_begin ] --END-- [ RunTime:0.001141s ]
SQL: SHOW COLUMNS FROM `sp_role` [ RunTime:0.0158s ]
SQL: SELECT `role_auth_path` FROM `sp_role` WHERE `role_id` = 1 LIMIT 1   [ RunTime:0.0011s ]
SQL: SHOW COLUMNS FROM `sp_goods` [ RunTime:0.0147s ]
SQL: SELECT * FROM `sp_goods` LIMIT 0,5   [ RunTime:0.0009s ]
SQL: SELECT COUNT(*) AS tp_count FROM `sp_goods` LIMIT 1   [ RunTime:0.0005s ]
INFO: [ view_parse ] --START--
INFO: [ template_filter ] --START--
INFO: Run Behavior\ContentReplaceBehavior [ RunTime:0.000129s ]
INFO: [ template_filter ] --END-- [ RunTime:0.000239s ]
NOTIC: [8] Use of undefined constant goods_id - assumed 'goods_id' D:\WWW\Thinkphp\application\Runtime\Cache\Admin\af8781c0ac9c25562ee238804b947ffa.php 第 75 行.
NOTIC: [8] Use of undefined constant goods_id - assumed 'goods_id' D:\WWW\Thinkphp\application\Runtime\Cache\Admin\af8781c0ac9c25562ee238804b947ffa.php 第 75 行.
NOTIC: [8] Use of undefined constant goods_id - assumed 'goods_id' D:\WWW\Thinkphp\application\Runtime\Cache\Admin\af8781c0ac9c25562ee238804b947ffa.php 第 75 行.
NOTIC: [8] Use of undefined constant goods_id - assumed 'goods_id' D:\WWW\Thinkphp\application\Runtime\Cache\Admin\af8781c0ac9c25562ee238804b947ffa.php 第 75 行.
NOTIC: [8] Use of undefined constant goods_id - assumed 'goods_id' D:\WWW\Thinkphp\application\Runtime\Cache\Admin\af8781c0ac9c25562ee238804b947ffa.php 第 75 行.
NOTIC: [8] Use of undefined constant goods_id - assumed 'goods_id' D:\WWW\Thinkphp\application\Runtime\Cache\Admin\af8781c0ac9c25562ee238804b947ffa.php 第 75 行.
NOTIC: [8] Use of undefined constant goods_id - assumed 'goods_id' D:\WWW\Thinkphp\application\Runtime\Cache\Admin\af8781c0ac9c25562ee238804b947ffa.php 第 75 行.
NOTIC: [8] Use of undefined constant goods_id - assumed 'goods_id' D:\WWW\Thinkphp\application\Runtime\Cache\Admin\af8781c0ac9c25562ee238804b947ffa.php 第 75 行.
NOTIC: [8] Use of undefined constant goods_id - assumed 'goods_id' D:\WWW\Thinkphp\application\Runtime\Cache\Admin\af8781c0ac9c25562ee238804b947ffa.php 第 75 行.
NOTIC: [8] Use of undefined constant goods_id - assumed 'goods_id' D:\WWW\Thinkphp\application\Runtime\Cache\Admin\af8781c0ac9c25562ee238804b947ffa.php 第 75 行.
INFO: Run Behavior\ParseTemplateBehavior [ RunTime:0.021043s ]
INFO: [ view_parse ] --END-- [ RunTime:0.021113s ]
INFO: [ view_filter ] --START--
INFO: Run Behavior\WriteHtmlCacheBehavior [ RunTime:0.000630s ]
INFO: [ view_filter ] --END-- [ RunTime:0.000687s ]
INFO: [ app_end ] --START--
INFO: Run Behavior\ShowPageTraceBehavior [ RunTime:0.001000s ]
INFO: [ app_end ] --END-- [ RunTime:0.001052s ]

[ 2017-07-17T21:37:18+08:00 ] 127.0.0.1 /Admin/Goods/images/ticon.png
INFO: [ app_init ] --START--
INFO: Run Behavior\BuildLiteBehavior [ RunTime:0.000016s ]
INFO: [ app_init ] --END-- [ RunTime:0.000528s ]

[ 2017-07-17T21:37:25+08:00 ] 127.0.0.1 /Admin/Goods/goodsList/p/3.html
INFO: [ app_init ] --START--
INFO: Run Behavior\BuildLiteBehavior [ RunTime:0.000022s ]
INFO: [ app_init ] --END-- [ RunTime:0.000586s ]
INFO: [ app_begin ] --START--
INFO: Run Behavior\ReadHtmlCacheBehavior [ RunTime:0.000885s ]
INFO: [ app_begin ] --END-- [ RunTime:0.000942s ]
SQL: SHOW COLUMNS FROM `sp_role` [ RunTime:0.0117s ]
SQL: SELECT `role_auth_path` FROM `sp_role` WHERE `role_id` = 1 LIMIT 1   [ RunTime:0.0008s ]
SQL: SHOW COLUMNS FROM `sp_goods` [ RunTime:0.0046s ]
SQL: SELECT * FROM `sp_goods` LIMIT 10,5   [ RunTime:0.0004s ]
SQL: SELECT COUNT(*) AS tp_count FROM `sp_goods` LIMIT 1   [ RunTime:0.0002s ]
INFO: [ view_parse ] --START--
INFO: [ template_filter ] --START--
INFO: Run Behavior\ContentReplaceBehavior [ RunTime:0.000064s ]
INFO: [ template_filter ] --END-- [ RunTime:0.000117s ]
NOTIC: [8] Use of undefined constant goods_id - assumed 'goods_id' D:\WWW\Thinkphp\application\Runtime\Cache\Admin\af8781c0ac9c25562ee238804b947ffa.php 第 75 行.
NOTIC: [8] Use of undefined constant goods_id - assumed 'goods_id' D:\WWW\Thinkphp\application\Runtime\Cache\Admin\af8781c0ac9c25562ee238804b947ffa.php 第 75 行.
INFO: Run Behavior\ParseTemplateBehavior [ RunTime:0.009109s ]
INFO: [ view_parse ] --END-- [ RunTime:0.009219s ]
INFO: [ view_filter ] --START--
INFO: Run Behavior\WriteHtmlCacheBehavior [ RunTime:0.000554s ]
INFO: [ view_filter ] --END-- [ RunTime:0.000608s ]
INFO: [ app_end ] --START--
INFO: Run Behavior\ShowPageTraceBehavior [ RunTime:0.000829s ]
INFO: [ app_end ] --END-- [ RunTime:0.000876s ]

[ 2017-07-17T21:37:25+08:00 ] 127.0.0.1 /Admin/Goods/goodsList/p/images/ticon.png
INFO: [ app_init ] --START--
INFO: Run Behavior\BuildLiteBehavior [ RunTime:0.000019s ]
INFO: [ app_init ] --END-- [ RunTime:0.000747s ]

[ 2017-07-17T21:37:28+08:00 ] 127.0.0.1 /Admin/Goods/goodsList/p/2.html
INFO: [ app_init ] --START--
INFO: Run Behavior\BuildLiteBehavior [ RunTime:0.000016s ]
INFO: [ app_init ] --END-- [ RunTime:0.000663s ]
INFO: [ app_begin ] --START--
INFO: Run Behavior\ReadHtmlCacheBehavior [ RunTime:0.000874s ]
INFO: [ app_begin ] --END-- [ RunTime:0.000931s ]
SQL: SHOW COLUMNS FROM `sp_role` [ RunTime:0.0045s ]
SQL: SELECT `role_auth_path` FROM `sp_role` WHERE `role_id` = 1 LIMIT 1   [ RunTime:0.0004s ]
SQL: SHOW COLUMNS FROM `sp_goods` [ RunTime:0.0048s ]
SQL: SELECT * FROM `sp_goods` LIMIT 5,5   [ RunTime:0.0004s ]
SQL: SELECT COUNT(*) AS tp_count FROM `sp_goods` LIMIT 1   [ RunTime:0.0002s ]
INFO: [ view_parse ] --START--
INFO: [ template_filter ] --START--
INFO: Run Behavior\ContentReplaceBehavior [ RunTime:0.000062s ]
INFO: [ template_filter ] --END-- [ RunTime:0.000113s ]
NOTIC: [8] Use of undefined constant goods_id - assumed 'goods_id' D:\WWW\Thinkphp\application\Runtime\Cache\Admin\af8781c0ac9c25562ee238804b947ffa.php 第 75 行.
NOTIC: [8] Use of undefined constant goods_id - assumed 'goods_id' D:\WWW\Thinkphp\application\Runtime\Cache\Admin\af8781c0ac9c25562ee238804b947ffa.php 第 75 行.
NOTIC: [8] Use of undefined constant goods_id - assumed 'goods_id' D:\WWW\Thinkphp\application\Runtime\Cache\Admin\af8781c0ac9c25562ee238804b947ffa.php 第 75 行.
NOTIC: [8] Use of undefined constant goods_id - assumed 'goods_id' D:\WWW\Thinkphp\application\Runtime\Cache\Admin\af8781c0ac9c25562ee238804b947ffa.php 第 75 行.
NOTIC: [8] Use of undefined constant goods_id - assumed 'goods_id' D:\WWW\Thinkphp\application\Runtime\Cache\Admin\af8781c0ac9c25562ee238804b947ffa.php 第 75 行.
NOTIC: [8] Use of undefined constant goods_id - assumed 'goods_id' D:\WWW\Thinkphp\application\Runtime\Cache\Admin\af8781c0ac9c25562ee238804b947ffa.php 第 75 行.
NOTIC: [8] Use of undefined constant goods_id - assumed 'goods_id' D:\WWW\Thinkphp\application\Runtime\Cache\Admin\af8781c0ac9c25562ee238804b947ffa.php 第 75 行.
NOTIC: [8] Use of undefined constant goods_id - assumed 'goods_id' D:\WWW\Thinkphp\application\Runtime\Cache\Admin\af8781c0ac9c25562ee238804b947ffa.php 第 75 行.
NOTIC: [8] Use of undefined constant goods_id - assumed 'goods_id' D:\WWW\Thinkphp\application\Runtime\Cache\Admin\af8781c0ac9c25562ee238804b947ffa.php 第 75 行.
NOTIC: [8] Use of undefined constant goods_id - assumed 'goods_id' D:\WWW\Thinkphp\application\Runtime\Cache\Admin\af8781c0ac9c25562ee238804b947ffa.php 第 75 行.
INFO: Run Behavior\ParseTemplateBehavior [ RunTime:0.009608s ]
INFO: [ view_parse ] --END-- [ RunTime:0.009694s ]
INFO: [ view_filter ] --START--
INFO: Run Behavior\WriteHtmlCacheBehavior [ RunTime:0.000598s ]
INFO: [ view_filter ] --END-- [ RunTime:0.000637s ]
INFO: [ app_end ] --START--
INFO: Run Behavior\ShowPageTraceBehavior [ RunTime:0.000821s ]
INFO: [ app_end ] --END-- [ RunTime:0.000867s ]

[ 2017-07-17T21:37:28+08:00 ] 127.0.0.1 /Admin/Goods/goodsList/p/images/ticon.png
INFO: [ app_init ] --START--
INFO: Run Behavior\BuildLiteBehavior [ RunTime:0.000017s ]
INFO: [ app_init ] --END-- [ RunTime:0.000701s ]

[ 2017-07-17T21:37:41+08:00 ] 127.0.0.1 /Admin/manager/managerList.html
INFO: [ app_init ] --START--
INFO: Run Behavior\BuildLiteBehavior [ RunTime:0.000018s ]
INFO: [ app_init ] --END-- [ RunTime:0.000730s ]
INFO: [ app_begin ] --START--
INFO: Run Behavior\ReadHtmlCacheBehavior [ RunTime:0.000842s ]
INFO: [ app_begin ] --END-- [ RunTime:0.000894s ]
SQL: SHOW COLUMNS FROM `sp_role` [ RunTime:0.0043s ]
SQL: SELECT `role_auth_path` FROM `sp_role` WHERE `role_id` = 1 LIMIT 1   [ RunTime:0.0004s ]
SQL: SELECT * FROM `sp_manager` LIMIT 0,5   [ RunTime:0.0005s ]
SQL: SELECT COUNT(*) AS tp_count FROM `sp_manager` LIMIT 1   [ RunTime:0.0003s ]
INFO: [ view_parse ] --START--
INFO: [ template_filter ] --START--
INFO: Run Behavior\ContentReplaceBehavior [ RunTime:0.000067s ]
INFO: [ template_filter ] --END-- [ RunTime:0.000115s ]
NOTIC: [8] Use of undefined constant manager_id - assumed 'manager_id' D:\WWW\Thinkphp\application\Runtime\Cache\Admin\57f697a04e7069f5da2897878b39e202.php 第 72 行.
NOTIC: [8] Use of undefined constant manager_id - assumed 'manager_id' D:\WWW\Thinkphp\application\Runtime\Cache\Admin\57f697a04e7069f5da2897878b39e202.php 第 72 行.
NOTIC: [8] Use of undefined constant manager_id - assumed 'manager_id' D:\WWW\Thinkphp\application\Runtime\Cache\Admin\57f697a04e7069f5da2897878b39e202.php 第 72 行.
NOTIC: [8] Use of undefined constant manager_id - assumed 'manager_id' D:\WWW\Thinkphp\application\Runtime\Cache\Admin\57f697a04e7069f5da2897878b39e202.php 第 72 行.
NOTIC: [8] Use of undefined constant manager_id - assumed 'manager_id' D:\WWW\Thinkphp\application\Runtime\Cache\Admin\57f697a04e7069f5da2897878b39e202.php 第 72 行.
INFO: Run Behavior\ParseTemplateBehavior [ RunTime:0.008862s ]
INFO: [ view_parse ] --END-- [ RunTime:0.008909s ]
INFO: [ view_filter ] --START--
INFO: Run Behavior\WriteHtmlCacheBehavior [ RunTime:0.000673s ]
INFO: [ view_filter ] --END-- [ RunTime:0.000715s ]
INFO: [ app_end ] --START--
INFO: Run Behavior\ShowPageTraceBehavior [ RunTime:0.000873s ]
INFO: [ app_end ] --END-- [ RunTime:0.000918s ]

[ 2017-07-17T23:30:25+08:00 ] 127.0.0.1 /admin/index/login
INFO: [ app_init ] --START--
INFO: Run Behavior\BuildLiteBehavior [ RunTime:0.000017s ]
INFO: [ app_init ] --END-- [ RunTime:0.000527s ]
INFO: [ app_begin ] --START--
INFO: Run Behavior\ReadHtmlCacheBehavior [ RunTime:0.001157s ]
INFO: [ app_begin ] --END-- [ RunTime:0.001247s ]
INFO: [ view_parse ] --START--
INFO: [ template_filter ] --START--
INFO: Run Behavior\ContentReplaceBehavior [ RunTime:0.000409s ]
INFO: [ template_filter ] --END-- [ RunTime:0.000503s ]
INFO: Run Behavior\ParseTemplateBehavior [ RunTime:0.014447s ]
INFO: [ view_parse ] --END-- [ RunTime:0.014525s ]
INFO: [ view_filter ] --START--
INFO: Run Behavior\WriteHtmlCacheBehavior [ RunTime:0.001005s ]
INFO: [ view_filter ] --END-- [ RunTime:0.001067s ]
INFO: [ app_end ] --START--
INFO: Run Behavior\ShowPageTraceBehavior [ RunTime:0.001484s ]
INFO: [ app_end ] --END-- [ RunTime:0.001574s ]

[ 2017-07-17T23:30:25+08:00 ] 127.0.0.1 /Admin/Index/verify.html
INFO: [ app_init ] --START--
INFO: Run Behavior\BuildLiteBehavior [ RunTime:0.000024s ]
INFO: [ app_init ] --END-- [ RunTime:0.000705s ]
INFO: [ app_begin ] --START--
INFO: Run Behavior\ReadHtmlCacheBehavior [ RunTime:0.001692s ]
INFO: [ app_begin ] --END-- [ RunTime:0.001799s ]
INFO: [ app_end ] --START--
INFO: Run Behavior\ShowPageTraceBehavior [ RunTime:0.001639s ]
INFO: [ app_end ] --END-- [ RunTime:0.001738s ]

