[ 2017-07-05T17:22:54+08:00 ] 127.0.0.1 /admin/cate/catelist
INFO: [ app_init ] --START--
INFO: Run Behavior\BuildLiteBehavior [ RunTime:0.000017s ]
INFO: [ app_init ] --END-- [ RunTime:0.000538s ]
INFO: [ app_begin ] --START--
INFO: Run Behavior\ReadHtmlCacheBehavior [ RunTime:0.000691s ]
INFO: [ app_begin ] --END-- [ RunTime:0.000780s ]
ERR: 非法操作:catelist

[ 2017-07-05T17:23:07+08:00 ] 127.0.0.1 /admin/cate/addlist
INFO: [ app_init ] --START--
INFO: Run Behavior\BuildLiteBehavior [ RunTime:0.000025s ]
INFO: [ app_init ] --END-- [ RunTime:0.000798s ]
INFO: [ app_begin ] --START--
INFO: Run Behavior\ReadHtmlCacheBehavior [ RunTime:0.000674s ]
INFO: [ app_begin ] --END-- [ RunTime:0.000738s ]
SQL: SHOW COLUMNS FROM `sp_cate` [ RunTime:0.0074s ]
SQL: SELECT * FROM `sp_cate`  [ RunTime:0.0005s ]
INFO: [ view_parse ] --START--
INFO: [ template_filter ] --START--
INFO: Run Behavior\ContentReplaceBehavior [ RunTime:0.000060s ]
INFO: [ template_filter ] --END-- [ RunTime:0.000116s ]
INFO: Run Behavior\ParseTemplateBehavior [ RunTime:0.007816s ]
INFO: [ view_parse ] --END-- [ RunTime:0.007889s ]
INFO: [ view_filter ] --START--
INFO: Run Behavior\WriteHtmlCacheBehavior [ RunTime:0.000454s ]
INFO: [ view_filter ] --END-- [ RunTime:0.000506s ]
INFO: [ app_end ] --START--
INFO: Run Behavior\ShowPageTraceBehavior [ RunTime:0.000707s ]
INFO: [ app_end ] --END-- [ RunTime:0.000754s ]

[ 2017-07-05T17:24:35+08:00 ] 127.0.0.1 /admin/cate/addlist
INFO: [ app_init ] --START--
INFO: Run Behavior\BuildLiteBehavior [ RunTime:0.000017s ]
INFO: [ app_init ] --END-- [ RunTime:0.000497s ]
INFO: [ app_begin ] --START--
INFO: Run Behavior\ReadHtmlCacheBehavior [ RunTime:0.000956s ]
INFO: [ app_begin ] --END-- [ RunTime:0.001023s ]
SQL: SHOW COLUMNS FROM `sp_cate` [ RunTime:0.0045s ]
SQL: SELECT * FROM `sp_cate`  [ RunTime:0.0008s ]
INFO: [ view_parse ] --START--
INFO: [ template_filter ] --START--
INFO: Run Behavior\ContentReplaceBehavior [ RunTime:0.000054s ]
INFO: [ template_filter ] --END-- [ RunTime:0.000105s ]
INFO: Run Behavior\ParseTemplateBehavior [ RunTime:0.007241s ]
INFO: [ view_parse ] --END-- [ RunTime:0.007325s ]
INFO: [ view_filter ] --START--
INFO: Run Behavior\WriteHtmlCacheBehavior [ RunTime:0.000427s ]
INFO: [ view_filter ] --END-- [ RunTime:0.000481s ]
INFO: [ app_end ] --START--
INFO: Run Behavior\ShowPageTraceBehavior [ RunTime:0.000937s ]
INFO: [ app_end ] --END-- [ RunTime:0.000999s ]

[ 2017-07-05T17:31:48+08:00 ] 127.0.0.1 /admin/cate/addlist
INFO: [ app_init ] --START--
INFO: Run Behavior\BuildLiteBehavior [ RunTime:0.000020s ]
INFO: [ app_init ] --END-- [ RunTime:0.001003s ]
INFO: [ app_begin ] --START--
INFO: Run Behavior\ReadHtmlCacheBehavior [ RunTime:0.000914s ]
INFO: [ app_begin ] --END-- [ RunTime:0.000979s ]
ERR: 非法操作:addlist

[ 2017-07-05T17:31:57+08:00 ] 127.0.0.1 /admin/cate/catelist
INFO: [ app_init ] --START--
INFO: Run Behavior\BuildLiteBehavior [ RunTime:0.000017s ]
INFO: [ app_init ] --END-- [ RunTime:0.000501s ]
INFO: [ app_begin ] --START--
INFO: Run Behavior\ReadHtmlCacheBehavior [ RunTime:0.001047s ]
INFO: [ app_begin ] --END-- [ RunTime:0.001122s ]
SQL: SHOW COLUMNS FROM `sp_cate` [ RunTime:0.0045s ]
SQL: SELECT c1.cate_name,c1.cate_pid,c2.cate_name pname FROM sp_cate c1 left join sp_cate c2 on c1.cate_pid=c2.cate_id   [ RunTime:0.0014s ]
ERR: 模板不存在:./application/Admin/View/Cate/catelist.html

[ 2017-07-05T17:32:21+08:00 ] 127.0.0.1 /admin/cate/catelist
INFO: [ app_init ] --START--
INFO: Run Behavior\BuildLiteBehavior [ RunTime:0.000016s ]
INFO: [ app_init ] --END-- [ RunTime:0.000626s ]
INFO: [ app_begin ] --START--
INFO: Run Behavior\ReadHtmlCacheBehavior [ RunTime:0.000657s ]
INFO: [ app_begin ] --END-- [ RunTime:0.000713s ]
SQL: SHOW COLUMNS FROM `sp_cate` [ RunTime:0.0045s ]
SQL: SELECT c1.cate_name,c1.cate_pid,c2.cate_name pname FROM sp_cate c1 left join sp_cate c2 on c1.cate_pid=c2.cate_id   [ RunTime:0.0005s ]
INFO: [ view_parse ] --START--
INFO: [ template_filter ] --START--
INFO: Run Behavior\ContentReplaceBehavior [ RunTime:0.000057s ]
INFO: [ template_filter ] --END-- [ RunTime:0.000118s ]
NOTIC: [8] Undefined index: cate_id D:\WWW\Thinkphp\application\Runtime\Cache\Admin\20955cdf0094f21b3d62c362b4dea268.php 第 66 行.
NOTIC: [8] Undefined index: cate_id D:\WWW\Thinkphp\application\Runtime\Cache\Admin\20955cdf0094f21b3d62c362b4dea268.php 第 66 行.
NOTIC: [8] Undefined index: cate_id D:\WWW\Thinkphp\application\Runtime\Cache\Admin\20955cdf0094f21b3d62c362b4dea268.php 第 66 行.
NOTIC: [8] Undefined index: cate_id D:\WWW\Thinkphp\application\Runtime\Cache\Admin\20955cdf0094f21b3d62c362b4dea268.php 第 66 行.
NOTIC: [8] Undefined index: cate_id D:\WWW\Thinkphp\application\Runtime\Cache\Admin\20955cdf0094f21b3d62c362b4dea268.php 第 66 行.
NOTIC: [8] Undefined index: cate_id D:\WWW\Thinkphp\application\Runtime\Cache\Admin\20955cdf0094f21b3d62c362b4dea268.php 第 66 行.
NOTIC: [8] Undefined index: cate_id D:\WWW\Thinkphp\application\Runtime\Cache\Admin\20955cdf0094f21b3d62c362b4dea268.php 第 66 行.
INFO: Run Behavior\ParseTemplateBehavior [ RunTime:0.008110s ]
INFO: [ view_parse ] --END-- [ RunTime:0.008160s ]
INFO: [ view_filter ] --START--
INFO: Run Behavior\WriteHtmlCacheBehavior [ RunTime:0.000500s ]
INFO: [ view_filter ] --END-- [ RunTime:0.000538s ]
INFO: [ app_end ] --START--
INFO: Run Behavior\ShowPageTraceBehavior [ RunTime:0.000944s ]
INFO: [ app_end ] --END-- [ RunTime:0.001000s ]

[ 2017-07-05T17:33:02+08:00 ] 127.0.0.1 /admin/cate/catelist
INFO: [ app_init ] --START--
INFO: Run Behavior\BuildLiteBehavior [ RunTime:0.000015s ]
INFO: [ app_init ] --END-- [ RunTime:0.000509s ]
INFO: [ app_begin ] --START--
INFO: Run Behavior\ReadHtmlCacheBehavior [ RunTime:0.000645s ]
INFO: [ app_begin ] --END-- [ RunTime:0.000695s ]
SQL: SHOW COLUMNS FROM `sp_cate` [ RunTime:0.0115s ]
SQL: SELECT c1.cate_name,c1.cate_pid,c2.cate_name pname FROM sp_cate c1 left join sp_cate c2 on c1.cate_pid=c2.cate_id   [ RunTime:0.0011s ]
INFO: [ view_parse ] --START--
INFO: [ template_filter ] --START--
INFO: Run Behavior\ContentReplaceBehavior [ RunTime:0.000138s ]
INFO: [ template_filter ] --END-- [ RunTime:0.000264s ]
NOTIC: [8] Undefined index: cate_id D:\WWW\Thinkphp\application\Runtime\Cache\Admin\20955cdf0094f21b3d62c362b4dea268.php 第 66 行.

[ 2017-07-05T17:33:10+08:00 ] 127.0.0.1 /admin/cate/catelist
INFO: [ app_init ] --START--
INFO: Run Behavior\BuildLiteBehavior [ RunTime:0.000025s ]
INFO: [ app_init ] --END-- [ RunTime:0.000723s ]
INFO: [ app_begin ] --START--
INFO: Run Behavior\ReadHtmlCacheBehavior [ RunTime:0.001024s ]
INFO: [ app_begin ] --END-- [ RunTime:0.001115s ]
SQL: SHOW COLUMNS FROM `sp_cate` [ RunTime:0.0044s ]
SQL: SELECT c1.cate_name,c1.cate_pid,c2.cate_name pname FROM sp_cate c1 left join sp_cate c2 on c1.cate_pid=c2.cate_id   [ RunTime:0.0005s ]
INFO: [ view_parse ] --START--
INFO: [ template_filter ] --START--
INFO: Run Behavior\ContentReplaceBehavior [ RunTime:0.000058s ]
INFO: [ template_filter ] --END-- [ RunTime:0.000114s ]

[ 2017-07-05T17:33:19+08:00 ] 127.0.0.1 /admin/cate/catelist
INFO: [ app_init ] --START--
INFO: Run Behavior\BuildLiteBehavior [ RunTime:0.000030s ]
INFO: [ app_init ] --END-- [ RunTime:0.000836s ]
INFO: [ app_begin ] --START--
INFO: Run Behavior\ReadHtmlCacheBehavior [ RunTime:0.001039s ]
INFO: [ app_begin ] --END-- [ RunTime:0.001128s ]
SQL: SHOW COLUMNS FROM `sp_cate` [ RunTime:0.0067s ]
SQL: SELECT c1.cate_name,c1.cate_pid,c2.cate_name pname FROM sp_cate c1 left join sp_cate c2 on c1.cate_pid=c2.cate_id   [ RunTime:0.0006s ]
INFO: [ view_parse ] --START--
INFO: [ template_filter ] --START--
INFO: Run Behavior\ContentReplaceBehavior [ RunTime:0.000057s ]
INFO: [ template_filter ] --END-- [ RunTime:0.000114s ]
NOTIC: [8] Undefined index: cate_id D:\WWW\Thinkphp\application\Runtime\Cache\Admin\20955cdf0094f21b3d62c362b4dea268.php 第 66 行.
NOTIC: [8] Undefined index: cate_id D:\WWW\Thinkphp\application\Runtime\Cache\Admin\20955cdf0094f21b3d62c362b4dea268.php 第 66 行.
NOTIC: [8] Undefined index: cate_id D:\WWW\Thinkphp\application\Runtime\Cache\Admin\20955cdf0094f21b3d62c362b4dea268.php 第 66 行.
NOTIC: [8] Undefined index: cate_id D:\WWW\Thinkphp\application\Runtime\Cache\Admin\20955cdf0094f21b3d62c362b4dea268.php 第 66 行.
NOTIC: [8] Undefined index: cate_id D:\WWW\Thinkphp\application\Runtime\Cache\Admin\20955cdf0094f21b3d62c362b4dea268.php 第 66 行.
NOTIC: [8] Undefined index: cate_id D:\WWW\Thinkphp\application\Runtime\Cache\Admin\20955cdf0094f21b3d62c362b4dea268.php 第 66 行.
NOTIC: [8] Undefined index: cate_id D:\WWW\Thinkphp\application\Runtime\Cache\Admin\20955cdf0094f21b3d62c362b4dea268.php 第 66 行.
INFO: Run Behavior\ParseTemplateBehavior [ RunTime:0.010048s ]
INFO: [ view_parse ] --END-- [ RunTime:0.010114s ]
INFO: [ view_filter ] --START--
INFO: Run Behavior\WriteHtmlCacheBehavior [ RunTime:0.000387s ]
INFO: [ view_filter ] --END-- [ RunTime:0.000426s ]
INFO: [ app_end ] --START--
INFO: Run Behavior\ShowPageTraceBehavior [ RunTime:0.000711s ]
INFO: [ app_end ] --END-- [ RunTime:0.000770s ]

[ 2017-07-05T17:41:16+08:00 ] 127.0.0.1 /admin/cate/catelist
INFO: [ app_init ] --START--
INFO: Run Behavior\BuildLiteBehavior [ RunTime:0.000016s ]
INFO: [ app_init ] --END-- [ RunTime:0.000657s ]
INFO: [ app_begin ] --START--
INFO: Run Behavior\ReadHtmlCacheBehavior [ RunTime:0.001025s ]
INFO: [ app_begin ] --END-- [ RunTime:0.001101s ]
SQL: SHOW COLUMNS FROM `sp_cate` [ RunTime:0.0102s ]
ERR: 1054:Unknown column 'c1.pid' in 'field list'
 [ SQL语句 ] : SELECT c1.cate_name,c1.pid,c1.cate_pid,c2.cate_name pname FROM sp_cate c1 left join sp_cate c2 on c1.cate_pid=c2.cate_id  
ERR: 1054:Unknown column 'c1.pid' in 'field list'
 [ SQL语句 ] : SELECT c1.cate_name,c1.pid,c1.cate_pid,c2.cate_name pname FROM sp_cate c1 left join sp_cate c2 on c1.cate_pid=c2.cate_id  

[ 2017-07-05T17:42:26+08:00 ] 127.0.0.1 /admin/cate/catelist
INFO: [ app_init ] --START--
INFO: Run Behavior\BuildLiteBehavior [ RunTime:0.000015s ]
INFO: [ app_init ] --END-- [ RunTime:0.000554s ]
INFO: [ app_begin ] --START--
INFO: Run Behavior\ReadHtmlCacheBehavior [ RunTime:0.000968s ]
INFO: [ app_begin ] --END-- [ RunTime:0.001044s ]
SQL: SHOW COLUMNS FROM `sp_cate` [ RunTime:0.0181s ]
SQL: SELECT c1.cate_name,c1.cate_pid,c1.cate_pid,c2.cate_name pname FROM sp_cate c1 left join sp_cate c2 on c1.cate_pid=c2.cate_id   [ RunTime:0.0010s ]
NOTIC: [8] Undefined index: id D:\WWW\Thinkphp\application\Common\Common\function.php 第 9 行.
NOTIC: [8] Undefined index: id D:\WWW\Thinkphp\application\Common\Common\function.php 第 9 行.
NOTIC: [8] Undefined index: id D:\WWW\Thinkphp\application\Common\Common\function.php 第 9 行.
INFO: [ view_parse ] --START--
INFO: [ template_filter ] --START--
INFO: Run Behavior\ContentReplaceBehavior [ RunTime:0.000091s ]
INFO: [ template_filter ] --END-- [ RunTime:0.000180s ]
NOTIC: [8] Undefined index: cate_id D:\WWW\Thinkphp\application\Runtime\Cache\Admin\20955cdf0094f21b3d62c362b4dea268.php 第 66 行.
NOTIC: [8] Undefined index: cate_id D:\WWW\Thinkphp\application\Runtime\Cache\Admin\20955cdf0094f21b3d62c362b4dea268.php 第 66 行.
NOTIC: [8] Undefined index: cate_id D:\WWW\Thinkphp\application\Runtime\Cache\Admin\20955cdf0094f21b3d62c362b4dea268.php 第 66 行.
INFO: Run Behavior\ParseTemplateBehavior [ RunTime:0.013541s ]
INFO: [ view_parse ] --END-- [ RunTime:0.013633s ]
INFO: [ view_filter ] --START--
INFO: Run Behavior\WriteHtmlCacheBehavior [ RunTime:0.000961s ]
INFO: [ view_filter ] --END-- [ RunTime:0.001034s ]
INFO: [ app_end ] --START--
INFO: Run Behavior\ShowPageTraceBehavior [ RunTime:0.001462s ]
INFO: [ app_end ] --END-- [ RunTime:0.001579s ]

[ 2017-07-05T17:43:05+08:00 ] 127.0.0.1 /admin/cate/catelist
INFO: [ app_init ] --START--
INFO: Run Behavior\BuildLiteBehavior [ RunTime:0.000027s ]
INFO: [ app_init ] --END-- [ RunTime:0.000981s ]
INFO: [ app_begin ] --START--
INFO: Run Behavior\ReadHtmlCacheBehavior [ RunTime:0.001702s ]
INFO: [ app_begin ] --END-- [ RunTime:0.001837s ]
SQL: SHOW COLUMNS FROM `sp_cate` [ RunTime:0.0063s ]
SQL: SELECT c1.cate_name,c1.cate_pid,c1.cate_pid,c2.cate_name pname FROM sp_cate c1 left join sp_cate c2 on c1.cate_pid=c2.cate_id   [ RunTime:0.0005s ]
NOTIC: [8] Undefined index: cate_id D:\WWW\Thinkphp\application\Common\Common\function.php 第 9 行.
NOTIC: [8] Undefined index: cate_id D:\WWW\Thinkphp\application\Common\Common\function.php 第 9 行.
NOTIC: [8] Undefined index: cate_id D:\WWW\Thinkphp\application\Common\Common\function.php 第 9 行.
INFO: [ view_parse ] --START--
INFO: [ template_filter ] --START--
INFO: Run Behavior\ContentReplaceBehavior [ RunTime:0.000064s ]
INFO: [ template_filter ] --END-- [ RunTime:0.000126s ]
NOTIC: [8] Undefined index: cate_id D:\WWW\Thinkphp\application\Runtime\Cache\Admin\20955cdf0094f21b3d62c362b4dea268.php 第 66 行.
NOTIC: [8] Undefined index: cate_id D:\WWW\Thinkphp\application\Runtime\Cache\Admin\20955cdf0094f21b3d62c362b4dea268.php 第 66 行.
NOTIC: [8] Undefined index: cate_id D:\WWW\Thinkphp\application\Runtime\Cache\Admin\20955cdf0094f21b3d62c362b4dea268.php 第 66 行.
INFO: Run Behavior\ParseTemplateBehavior [ RunTime:0.008645s ]
INFO: [ view_parse ] --END-- [ RunTime:0.008717s ]
INFO: [ view_filter ] --START--
INFO: Run Behavior\WriteHtmlCacheBehavior [ RunTime:0.000752s ]
INFO: [ view_filter ] --END-- [ RunTime:0.000830s ]
INFO: [ app_end ] --START--
INFO: Run Behavior\ShowPageTraceBehavior [ RunTime:0.001059s ]
INFO: [ app_end ] --END-- [ RunTime:0.001128s ]

[ 2017-07-05T17:44:17+08:00 ] 127.0.0.1 /admin/cate/catelist
INFO: [ app_init ] --START--
INFO: Run Behavior\BuildLiteBehavior [ RunTime:0.000020s ]
INFO: [ app_init ] --END-- [ RunTime:0.000549s ]
INFO: [ app_begin ] --START--
INFO: Run Behavior\ReadHtmlCacheBehavior [ RunTime:0.000698s ]
INFO: [ app_begin ] --END-- [ RunTime:0.000761s ]
SQL: SHOW COLUMNS FROM `sp_cate` [ RunTime:0.0049s ]
SQL: SELECT c1.cate_name,c1.cate_pid,c1.cate_pid,c2.cate_name pname FROM sp_cate c1 left join sp_cate c2 on c1.cate_pid=c2.cate_id   [ RunTime:0.0005s ]
NOTIC: [8] Undefined index: cate_id D:\WWW\Thinkphp\application\Common\Common\function.php 第 9 行.
NOTIC: [8] Undefined index: cate_id D:\WWW\Thinkphp\application\Common\Common\function.php 第 9 行.
NOTIC: [8] Undefined index: cate_id D:\WWW\Thinkphp\application\Common\Common\function.php 第 9 行.
INFO: [ view_parse ] --START--
INFO: [ template_filter ] --START--
INFO: Run Behavior\ContentReplaceBehavior [ RunTime:0.000055s ]
INFO: [ template_filter ] --END-- [ RunTime:0.000105s ]
NOTIC: [8] Undefined index: cate_id D:\WWW\Thinkphp\application\Runtime\Cache\Admin\20955cdf0094f21b3d62c362b4dea268.php 第 66 行.
NOTIC: [8] Undefined index: cate_id D:\WWW\Thinkphp\application\Runtime\Cache\Admin\20955cdf0094f21b3d62c362b4dea268.php 第 66 行.
NOTIC: [8] Undefined index: cate_id D:\WWW\Thinkphp\application\Runtime\Cache\Admin\20955cdf0094f21b3d62c362b4dea268.php 第 66 行.
INFO: Run Behavior\ParseTemplateBehavior [ RunTime:0.007528s ]
INFO: [ view_parse ] --END-- [ RunTime:0.007585s ]
INFO: [ view_filter ] --START--
INFO: Run Behavior\WriteHtmlCacheBehavior [ RunTime:0.000400s ]
INFO: [ view_filter ] --END-- [ RunTime:0.000442s ]
INFO: [ app_end ] --START--
INFO: Run Behavior\ShowPageTraceBehavior [ RunTime:0.000665s ]
INFO: [ app_end ] --END-- [ RunTime:0.000732s ]

[ 2017-07-05T18:48:26+08:00 ] 127.0.0.1 /admin/cate/catelist
INFO: [ app_init ] --START--
INFO: Run Behavior\BuildLiteBehavior [ RunTime:0.000021s ]
INFO: [ app_init ] --END-- [ RunTime:0.000651s ]
INFO: [ app_begin ] --START--
INFO: Run Behavior\ReadHtmlCacheBehavior [ RunTime:0.000936s ]
INFO: [ app_begin ] --END-- [ RunTime:0.000998s ]
ERR: 1146:Table 'itshop.sp_cate' doesn't exist
 [ SQL语句 ] : SHOW COLUMNS FROM `sp_cate`
ERR: 1146:Table 'itshop.sp_cate' doesn't exist
 [ SQL语句 ] : SHOW COLUMNS FROM `sp_cate`

[ 2017-07-05T18:50:08+08:00 ] 127.0.0.1 /admin/cate/catelist
INFO: [ app_init ] --START--
INFO: Run Behavior\BuildLiteBehavior [ RunTime:0.000017s ]
INFO: [ app_init ] --END-- [ RunTime:0.000609s ]
INFO: [ app_begin ] --START--
INFO: Run Behavior\ReadHtmlCacheBehavior [ RunTime:0.000820s ]
INFO: [ app_begin ] --END-- [ RunTime:0.000888s ]
SQL: SHOW COLUMNS FROM `sp_cate` [ RunTime:0.0156s ]
SQL: SELECT c1.cate_name,c1.cate_pid,c1.cate_pid,c2.cate_name pname FROM sp_cate c1 left join sp_cate c2 on c1.cate_pid=c2.cate_id   [ RunTime:0.0014s ]
NOTIC: [8] Undefined index: cate_id D:\WWW\Thinkphp\application\Common\Common\function.php 第 9 行.
NOTIC: [8] Undefined index: cate_id D:\WWW\Thinkphp\application\Common\Common\function.php 第 9 行.
NOTIC: [8] Undefined index: cate_id D:\WWW\Thinkphp\application\Common\Common\function.php 第 9 行.
INFO: [ view_parse ] --START--
INFO: [ template_filter ] --START--
INFO: Run Behavior\ContentReplaceBehavior [ RunTime:0.000103s ]
INFO: [ template_filter ] --END-- [ RunTime:0.000198s ]
NOTIC: [8] Undefined index: cate_id D:\WWW\Thinkphp\application\Runtime\Cache\Admin\20955cdf0094f21b3d62c362b4dea268.php 第 66 行.
NOTIC: [8] Undefined index: cate_id D:\WWW\Thinkphp\application\Runtime\Cache\Admin\20955cdf0094f21b3d62c362b4dea268.php 第 66 行.
NOTIC: [8] Undefined index: cate_id D:\WWW\Thinkphp\application\Runtime\Cache\Admin\20955cdf0094f21b3d62c362b4dea268.php 第 66 行.
INFO: Run Behavior\ParseTemplateBehavior [ RunTime:0.015133s ]
INFO: [ view_parse ] --END-- [ RunTime:0.015262s ]
INFO: [ view_filter ] --START--
INFO: Run Behavior\WriteHtmlCacheBehavior [ RunTime:0.000896s ]
INFO: [ view_filter ] --END-- [ RunTime:0.000971s ]
INFO: [ app_end ] --START--
INFO: Run Behavior\ShowPageTraceBehavior [ RunTime:0.001550s ]
INFO: [ app_end ] --END-- [ RunTime:0.001652s ]

[ 2017-07-05T18:52:12+08:00 ] 127.0.0.1 /admin/cate/catelist
INFO: [ app_init ] --START--
INFO: Run Behavior\BuildLiteBehavior [ RunTime:0.000016s ]
INFO: [ app_init ] --END-- [ RunTime:0.000587s ]
INFO: [ app_begin ] --START--
INFO: Run Behavior\ReadHtmlCacheBehavior [ RunTime:0.000819s ]
INFO: [ app_begin ] --END-- [ RunTime:0.000872s ]
SQL: SHOW COLUMNS FROM `sp_cate` [ RunTime:0.0093s ]
SQL: SELECT c1.cate_name,c1.cate_pid,c1.cate_pid,c2.cate_name pname FROM sp_cate c1 left join sp_cate c2 on c1.cate_pid=c2.cate_id   [ RunTime:0.0009s ]
NOTIC: [8] Undefined index: cate_id D:\WWW\Thinkphp\application\Common\Common\function.php 第 9 行.
NOTIC: [8] Undefined index: cate_id D:\WWW\Thinkphp\application\Common\Common\function.php 第 10 行.
NOTIC: [8] Undefined index: cate_id D:\WWW\Thinkphp\application\Common\Common\function.php 第 9 行.
NOTIC: [8] Undefined index: cate_id D:\WWW\Thinkphp\application\Common\Common\function.php 第 10 行.
NOTIC: [8] Undefined index: cate_id D:\WWW\Thinkphp\application\Common\Common\function.php 第 9 行.
NOTIC: [8] Undefined index: cate_id D:\WWW\Thinkphp\application\Common\Common\function.php 第 10 行.
INFO: [ view_parse ] --START--
INFO: [ template_filter ] --START--
INFO: Run Behavior\ContentReplaceBehavior [ RunTime:0.000104s ]
INFO: [ template_filter ] --END-- [ RunTime:0.000205s ]
NOTIC: [8] Undefined index: cate_id D:\WWW\Thinkphp\application\Runtime\Cache\Admin\20955cdf0094f21b3d62c362b4dea268.php 第 66 行.
NOTIC: [8] Undefined index: cate_id D:\WWW\Thinkphp\application\Runtime\Cache\Admin\20955cdf0094f21b3d62c362b4dea268.php 第 66 行.
NOTIC: [8] Undefined index: cate_id D:\WWW\Thinkphp\application\Runtime\Cache\Admin\20955cdf0094f21b3d62c362b4dea268.php 第 66 行.
INFO: Run Behavior\ParseTemplateBehavior [ RunTime:0.015392s ]
INFO: [ view_parse ] --END-- [ RunTime:0.015504s ]
INFO: [ view_filter ] --START--
INFO: Run Behavior\WriteHtmlCacheBehavior [ RunTime:0.001082s ]
INFO: [ view_filter ] --END-- [ RunTime:0.001159s ]
INFO: [ app_end ] --START--
INFO: Run Behavior\ShowPageTraceBehavior [ RunTime:0.000848s ]
INFO: [ app_end ] --END-- [ RunTime:0.000929s ]

[ 2017-07-05T18:53:47+08:00 ] 127.0.0.1 /admin/cate/catelist
INFO: [ app_init ] --START--
INFO: Run Behavior\BuildLiteBehavior [ RunTime:0.000018s ]
INFO: [ app_init ] --END-- [ RunTime:0.000586s ]
INFO: [ app_begin ] --START--
INFO: Run Behavior\ReadHtmlCacheBehavior [ RunTime:0.000761s ]
INFO: [ app_begin ] --END-- [ RunTime:0.000817s ]
SQL: SHOW COLUMNS FROM `sp_cate` [ RunTime:0.0173s ]
SQL: SELECT c1.cate_name,c1.cate_pid,c1.cate_pid,c2.cate_name pname FROM sp_cate c1 left join sp_cate c2 on c1.cate_pid=c2.cate_id   [ RunTime:0.0014s ]
NOTIC: [8] Undefined index: cate_id D:\WWW\Thinkphp\application\Common\Common\function.php 第 9 行.
NOTIC: [8] Undefined index: cate_id D:\WWW\Thinkphp\application\Common\Common\function.php 第 9 行.
NOTIC: [8] Undefined index: cate_id D:\WWW\Thinkphp\application\Common\Common\function.php 第 9 行.
INFO: [ view_parse ] --START--
INFO: [ template_filter ] --START--
INFO: Run Behavior\ContentReplaceBehavior [ RunTime:0.000399s ]
INFO: [ template_filter ] --END-- [ RunTime:0.000569s ]
NOTIC: [8] Undefined index: cate_id D:\WWW\Thinkphp\application\Runtime\Cache\Admin\20955cdf0094f21b3d62c362b4dea268.php 第 66 行.
NOTIC: [8] Undefined index: cate_id D:\WWW\Thinkphp\application\Runtime\Cache\Admin\20955cdf0094f21b3d62c362b4dea268.php 第 66 行.
NOTIC: [8] Undefined index: cate_id D:\WWW\Thinkphp\application\Runtime\Cache\Admin\20955cdf0094f21b3d62c362b4dea268.php 第 66 行.
INFO: Run Behavior\ParseTemplateBehavior [ RunTime:0.025798s ]
INFO: [ view_parse ] --END-- [ RunTime:0.025945s ]
INFO: [ view_filter ] --START--
INFO: Run Behavior\WriteHtmlCacheBehavior [ RunTime:0.000915s ]
INFO: [ view_filter ] --END-- [ RunTime:0.001019s ]
INFO: [ app_end ] --START--
INFO: Run Behavior\ShowPageTraceBehavior [ RunTime:0.001475s ]
INFO: [ app_end ] --END-- [ RunTime:0.001581s ]

[ 2017-07-05T18:54:34+08:00 ] 127.0.0.1 /admin/cate/catelist
INFO: [ app_init ] --START--
INFO: Run Behavior\BuildLiteBehavior [ RunTime:0.000019s ]
INFO: [ app_init ] --END-- [ RunTime:0.000638s ]
INFO: [ app_begin ] --START--
INFO: Run Behavior\ReadHtmlCacheBehavior [ RunTime:0.000860s ]
INFO: [ app_begin ] --END-- [ RunTime:0.000916s ]
SQL: SHOW COLUMNS FROM `sp_cate` [ RunTime:0.0081s ]
SQL: SELECT c1.cate_name,c1.cate_id,c1.cate_pid,c1.cate_pid,c2.cate_name pname FROM sp_cate c1 left join sp_cate c2 on c1.cate_pid=c2.cate_id   [ RunTime:0.0006s ]
INFO: [ view_parse ] --START--
INFO: [ template_filter ] --START--
INFO: Run Behavior\ContentReplaceBehavior [ RunTime:0.000132s ]
INFO: [ template_filter ] --END-- [ RunTime:0.000293s ]
INFO: Run Behavior\ParseTemplateBehavior [ RunTime:0.013683s ]
INFO: [ view_parse ] --END-- [ RunTime:0.013776s ]
INFO: [ view_filter ] --START--
INFO: Run Behavior\WriteHtmlCacheBehavior [ RunTime:0.000758s ]
INFO: [ view_filter ] --END-- [ RunTime:0.000838s ]
INFO: [ app_end ] --START--
INFO: Run Behavior\ShowPageTraceBehavior [ RunTime:0.001212s ]
INFO: [ app_end ] --END-- [ RunTime:0.001291s ]

[ 2017-07-05T18:55:49+08:00 ] 127.0.0.1 /admin/cate/catelist
INFO: [ app_init ] --START--
INFO: Run Behavior\BuildLiteBehavior [ RunTime:0.000015s ]
INFO: [ app_init ] --END-- [ RunTime:0.000477s ]
INFO: [ app_begin ] --START--
INFO: Run Behavior\ReadHtmlCacheBehavior [ RunTime:0.000785s ]
INFO: [ app_begin ] --END-- [ RunTime:0.000853s ]
SQL: SHOW COLUMNS FROM `sp_cate` [ RunTime:0.0088s ]
SQL: SELECT c1.cate_name,c1.cate_id,c1.cate_pid,c1.cate_pid,c2.cate_name pname FROM sp_cate c1 left join sp_cate c2 on c1.cate_pid=c2.cate_id   [ RunTime:0.0011s ]
INFO: [ view_parse ] --START--
INFO: [ template_filter ] --START--
INFO: Run Behavior\ContentReplaceBehavior [ RunTime:0.000129s ]
INFO: [ template_filter ] --END-- [ RunTime:0.000259s ]
INFO: Run Behavior\ParseTemplateBehavior [ RunTime:0.014894s ]
INFO: [ view_parse ] --END-- [ RunTime:0.015032s ]
INFO: [ view_filter ] --START--
INFO: Run Behavior\WriteHtmlCacheBehavior [ RunTime:0.001059s ]
INFO: [ view_filter ] --END-- [ RunTime:0.001165s ]
INFO: [ app_end ] --START--
INFO: Run Behavior\ShowPageTraceBehavior [ RunTime:0.001427s ]
INFO: [ app_end ] --END-- [ RunTime:0.001521s ]

[ 2017-07-05T18:57:07+08:00 ] 127.0.0.1 /admin/cate/catelist
INFO: [ app_init ] --START--
INFO: Run Behavior\BuildLiteBehavior [ RunTime:0.000016s ]
INFO: [ app_init ] --END-- [ RunTime:0.000548s ]
INFO: [ app_begin ] --START--
INFO: Run Behavior\ReadHtmlCacheBehavior [ RunTime:0.000768s ]
INFO: [ app_begin ] --END-- [ RunTime:0.000820s ]
SQL: SHOW COLUMNS FROM `sp_cate` [ RunTime:0.0098s ]
SQL: SELECT c1.cate_name,c1.cate_id,c1.cate_pid,c1.cate_pid,c2.cate_name pname FROM sp_cate c1 left join sp_cate c2 on c1.cate_pid=c2.cate_id   [ RunTime:0.0010s ]
INFO: [ view_parse ] --START--
INFO: [ template_filter ] --START--
INFO: Run Behavior\ContentReplaceBehavior [ RunTime:0.000184s ]
INFO: [ template_filter ] --END-- [ RunTime:0.000378s ]
INFO: Run Behavior\ParseTemplateBehavior [ RunTime:0.018781s ]
INFO: [ view_parse ] --END-- [ RunTime:0.018907s ]
INFO: [ view_filter ] --START--
INFO: Run Behavior\WriteHtmlCacheBehavior [ RunTime:0.000642s ]
INFO: [ view_filter ] --END-- [ RunTime:0.000698s ]
INFO: [ app_end ] --START--
INFO: Run Behavior\ShowPageTraceBehavior [ RunTime:0.000966s ]
INFO: [ app_end ] --END-- [ RunTime:0.001032s ]

[ 2017-07-05T19:03:36+08:00 ] 127.0.0.1 /admin/cate/catelist
INFO: [ app_init ] --START--
INFO: Run Behavior\BuildLiteBehavior [ RunTime:0.000018s ]
INFO: [ app_init ] --END-- [ RunTime:0.000675s ]
INFO: [ app_begin ] --START--
INFO: Run Behavior\ReadHtmlCacheBehavior [ RunTime:0.000771s ]
INFO: [ app_begin ] --END-- [ RunTime:0.000823s ]
SQL: SHOW COLUMNS FROM `sp_cate` [ RunTime:0.0085s ]
SQL: SELECT c1.cate_name,c1.cate_id,c1.cate_pid,c1.cate_pid,c2.cate_name pname FROM sp_cate c1 left join sp_cate c2 on c1.cate_pid=c2.cate_id   [ RunTime:0.0005s ]
INFO: [ view_parse ] --START--
INFO: [ template_filter ] --START--
INFO: Run Behavior\ContentReplaceBehavior [ RunTime:0.000088s ]
INFO: [ template_filter ] --END-- [ RunTime:0.000215s ]

[ 2017-07-05T19:04:12+08:00 ] 127.0.0.1 /admin/cate/catelist
INFO: [ app_init ] --START--
INFO: Run Behavior\BuildLiteBehavior [ RunTime:0.000014s ]
INFO: [ app_init ] --END-- [ RunTime:0.000474s ]
INFO: [ app_begin ] --START--
INFO: Run Behavior\ReadHtmlCacheBehavior [ RunTime:0.000959s ]
INFO: [ app_begin ] --END-- [ RunTime:0.001034s ]
SQL: SHOW COLUMNS FROM `sp_cate` [ RunTime:0.0043s ]
SQL: SELECT c1.cate_name,c1.cate_id,c1.cate_pid,c1.cate_pid,c2.cate_name pname FROM sp_cate c1 left join sp_cate c2 on c1.cate_pid=c2.cate_id   [ RunTime:0.0004s ]
INFO: [ view_parse ] --START--
INFO: [ template_filter ] --START--
INFO: Run Behavior\ContentReplaceBehavior [ RunTime:0.000053s ]
INFO: [ template_filter ] --END-- [ RunTime:0.000111s ]
INFO: Run Behavior\ParseTemplateBehavior [ RunTime:0.007236s ]
INFO: [ view_parse ] --END-- [ RunTime:0.007312s ]
INFO: [ view_filter ] --START--
INFO: Run Behavior\WriteHtmlCacheBehavior [ RunTime:0.000776s ]
INFO: [ view_filter ] --END-- [ RunTime:0.000861s ]
INFO: [ app_end ] --START--
INFO: Run Behavior\ShowPageTraceBehavior [ RunTime:0.001119s ]
INFO: [ app_end ] --END-- [ RunTime:0.001198s ]

[ 2017-07-05T19:04:26+08:00 ] 127.0.0.1 /admin/cate/catelist
INFO: [ app_init ] --START--
INFO: Run Behavior\BuildLiteBehavior [ RunTime:0.000025s ]
INFO: [ app_init ] --END-- [ RunTime:0.000730s ]
INFO: [ app_begin ] --START--
INFO: Run Behavior\ReadHtmlCacheBehavior [ RunTime:0.000984s ]
INFO: [ app_begin ] --END-- [ RunTime:0.001067s ]
SQL: SHOW COLUMNS FROM `sp_cate` [ RunTime:0.0050s ]
SQL: SELECT c1.cate_name,c1.cate_id,c1.cate_pid,c1.cate_pid,c2.cate_name pname FROM sp_cate c1 left join sp_cate c2 on c1.cate_pid=c2.cate_id   [ RunTime:0.0004s ]
INFO: [ view_parse ] --START--
INFO: [ template_filter ] --START--
INFO: Run Behavior\ContentReplaceBehavior [ RunTime:0.000058s ]
INFO: [ template_filter ] --END-- [ RunTime:0.000129s ]
INFO: Run Behavior\ParseTemplateBehavior [ RunTime:0.007775s ]
INFO: [ view_parse ] --END-- [ RunTime:0.007860s ]
INFO: [ view_filter ] --START--
INFO: Run Behavior\WriteHtmlCacheBehavior [ RunTime:0.000544s ]
INFO: [ view_filter ] --END-- [ RunTime:0.000618s ]
INFO: [ app_end ] --START--
INFO: Run Behavior\ShowPageTraceBehavior [ RunTime:0.000974s ]
INFO: [ app_end ] --END-- [ RunTime:0.001048s ]

[ 2017-07-05T19:04:29+08:00 ] 127.0.0.1 /admin/cate/catelist
INFO: [ app_init ] --START--
INFO: Run Behavior\BuildLiteBehavior [ RunTime:0.000020s ]
INFO: [ app_init ] --END-- [ RunTime:0.000655s ]
INFO: [ app_begin ] --START--
INFO: Run Behavior\ReadHtmlCacheBehavior [ RunTime:0.001310s ]
INFO: [ app_begin ] --END-- [ RunTime:0.001399s ]
SQL: SHOW COLUMNS FROM `sp_cate` [ RunTime:0.0044s ]
SQL: SELECT c1.cate_name,c1.cate_id,c1.cate_pid,c1.cate_pid,c2.cate_name pname FROM sp_cate c1 left join sp_cate c2 on c1.cate_pid=c2.cate_id   [ RunTime:0.0004s ]
INFO: [ view_parse ] --START--
INFO: [ template_filter ] --START--
INFO: Run Behavior\ContentReplaceBehavior [ RunTime:0.000058s ]
INFO: [ template_filter ] --END-- [ RunTime:0.000135s ]
INFO: Run Behavior\ParseTemplateBehavior [ RunTime:0.007851s ]
INFO: [ view_parse ] --END-- [ RunTime:0.007919s ]
INFO: [ view_filter ] --START--
INFO: Run Behavior\WriteHtmlCacheBehavior [ RunTime:0.000485s ]
INFO: [ view_filter ] --END-- [ RunTime:0.000538s ]
INFO: [ app_end ] --START--
INFO: Run Behavior\ShowPageTraceBehavior [ RunTime:0.000727s ]
INFO: [ app_end ] --END-- [ RunTime:0.000777s ]

[ 2017-07-05T19:04:41+08:00 ] 127.0.0.1 /admin/cate/catelist
INFO: [ app_init ] --START--
INFO: Run Behavior\BuildLiteBehavior [ RunTime:0.000025s ]
INFO: [ app_init ] --END-- [ RunTime:0.000616s ]
INFO: [ app_begin ] --START--
INFO: Run Behavior\ReadHtmlCacheBehavior [ RunTime:0.000993s ]
INFO: [ app_begin ] --END-- [ RunTime:0.001085s ]
SQL: SHOW COLUMNS FROM `sp_cate` [ RunTime:0.0065s ]
SQL: SELECT c1.cate_name,c1.cate_id,c1.cate_pid,c1.cate_pid,c2.cate_name pname FROM sp_cate c1 left join sp_cate c2 on c1.cate_pid=c2.cate_id   [ RunTime:0.0004s ]
INFO: [ view_parse ] --START--
INFO: [ template_filter ] --START--
INFO: Run Behavior\ContentReplaceBehavior [ RunTime:0.000058s ]
INFO: [ template_filter ] --END-- [ RunTime:0.000131s ]
INFO: Run Behavior\ParseTemplateBehavior [ RunTime:0.009525s ]
INFO: [ view_parse ] --END-- [ RunTime:0.009593s ]
INFO: [ view_filter ] --START--
INFO: Run Behavior\WriteHtmlCacheBehavior [ RunTime:0.000361s ]
INFO: [ view_filter ] --END-- [ RunTime:0.000401s ]
INFO: [ app_end ] --START--
INFO: Run Behavior\ShowPageTraceBehavior [ RunTime:0.000653s ]
INFO: [ app_end ] --END-- [ RunTime:0.000695s ]

[ 2017-07-05T19:04:51+08:00 ] 127.0.0.1 /admin/cate/catelist
INFO: [ app_init ] --START--
INFO: Run Behavior\BuildLiteBehavior [ RunTime:0.000018s ]
INFO: [ app_init ] --END-- [ RunTime:0.000753s ]
INFO: [ app_begin ] --START--
INFO: Run Behavior\ReadHtmlCacheBehavior [ RunTime:0.000777s ]
INFO: [ app_begin ] --END-- [ RunTime:0.000826s ]
SQL: SHOW COLUMNS FROM `sp_cate` [ RunTime:0.0057s ]
SQL: SELECT c1.cate_name,c1.cate_id,c1.cate_pid,c1.cate_pid,c2.cate_name pname FROM sp_cate c1 left join sp_cate c2 on c1.cate_pid=c2.cate_id   [ RunTime:0.0006s ]
INFO: [ view_parse ] --START--
INFO: [ template_filter ] --START--
INFO: Run Behavior\ContentReplaceBehavior [ RunTime:0.000090s ]
INFO: [ template_filter ] --END-- [ RunTime:0.000224s ]
INFO: Run Behavior\ParseTemplateBehavior [ RunTime:0.009474s ]
INFO: [ view_parse ] --END-- [ RunTime:0.009568s ]
INFO: [ view_filter ] --START--
INFO: Run Behavior\WriteHtmlCacheBehavior [ RunTime:0.000714s ]
INFO: [ view_filter ] --END-- [ RunTime:0.000781s ]
INFO: [ app_end ] --START--
INFO: Run Behavior\ShowPageTraceBehavior [ RunTime:0.001117s ]
INFO: [ app_end ] --END-- [ RunTime:0.001201s ]

[ 2017-07-05T19:09:26+08:00 ] 127.0.0.1 /admin/cate/catelist
INFO: [ app_init ] --START--
INFO: Run Behavior\BuildLiteBehavior [ RunTime:0.000015s ]
INFO: [ app_init ] --END-- [ RunTime:0.000573s ]
INFO: [ app_begin ] --START--
INFO: Run Behavior\ReadHtmlCacheBehavior [ RunTime:0.000842s ]
INFO: [ app_begin ] --END-- [ RunTime:0.000897s ]
SQL: SHOW COLUMNS FROM `sp_cate` [ RunTime:0.0269s ]
SQL: SELECT c1.cate_name,c1.cate_id,c1.cate_pid,c1.cate_pid,c2.cate_name pname FROM sp_cate c1 left join sp_cate c2 on c1.cate_pid=c2.cate_id   [ RunTime:0.0006s ]
INFO: [ view_parse ] --START--
INFO: [ template_filter ] --START--
INFO: Run Behavior\ContentReplaceBehavior [ RunTime:0.000105s ]
INFO: [ template_filter ] --END-- [ RunTime:0.000255s ]
INFO: Run Behavior\ParseTemplateBehavior [ RunTime:0.012556s ]
INFO: [ view_parse ] --END-- [ RunTime:0.012653s ]
INFO: [ view_filter ] --START--
INFO: Run Behavior\WriteHtmlCacheBehavior [ RunTime:0.000697s ]
INFO: [ view_filter ] --END-- [ RunTime:0.000768s ]
INFO: [ app_end ] --START--
INFO: Run Behavior\ShowPageTraceBehavior [ RunTime:0.001087s ]
INFO: [ app_end ] --END-- [ RunTime:0.001165s ]

[ 2017-07-05T19:09:34+08:00 ] 127.0.0.1 /admin/cate/catelist
INFO: [ app_init ] --START--
INFO: Run Behavior\BuildLiteBehavior [ RunTime:0.000024s ]
INFO: [ app_init ] --END-- [ RunTime:0.000675s ]
INFO: [ app_begin ] --START--
INFO: Run Behavior\ReadHtmlCacheBehavior [ RunTime:0.001241s ]
INFO: [ app_begin ] --END-- [ RunTime:0.001330s ]
SQL: SHOW COLUMNS FROM `sp_cate` [ RunTime:0.0046s ]
SQL: SELECT c1.cate_name,c1.cate_id,c1.cate_pid,c1.cate_pid,c2.cate_name pname FROM sp_cate c1 left join sp_cate c2 on c1.cate_pid=c2.cate_id   [ RunTime:0.0005s ]
INFO: [ view_parse ] --START--
INFO: [ template_filter ] --START--
INFO: Run Behavior\ContentReplaceBehavior [ RunTime:0.000058s ]
INFO: [ template_filter ] --END-- [ RunTime:0.000127s ]
INFO: Run Behavior\ParseTemplateBehavior [ RunTime:0.008903s ]
INFO: [ view_parse ] --END-- [ RunTime:0.008962s ]
INFO: [ view_filter ] --START--
INFO: Run Behavior\WriteHtmlCacheBehavior [ RunTime:0.000552s ]
INFO: [ view_filter ] --END-- [ RunTime:0.000607s ]
INFO: [ app_end ] --START--
INFO: Run Behavior\ShowPageTraceBehavior [ RunTime:0.000816s ]
INFO: [ app_end ] --END-- [ RunTime:0.000865s ]

[ 2017-07-05T19:10:07+08:00 ] 127.0.0.1 /admin/cate/catelist
INFO: [ app_init ] --START--
INFO: Run Behavior\BuildLiteBehavior [ RunTime:0.000020s ]
INFO: [ app_init ] --END-- [ RunTime:0.000628s ]
INFO: [ app_begin ] --START--
INFO: Run Behavior\ReadHtmlCacheBehavior [ RunTime:0.000759s ]
INFO: [ app_begin ] --END-- [ RunTime:0.000818s ]
SQL: SHOW COLUMNS FROM `sp_cate` [ RunTime:0.0044s ]
SQL: SELECT c1.cate_name,c1.cate_id,c1.cate_pid,c1.cate_pid,c2.cate_name pname FROM sp_cate c1 left join sp_cate c2 on c1.cate_pid=c2.cate_id   [ RunTime:0.0004s ]
INFO: [ view_parse ] --START--
INFO: [ template_filter ] --START--
INFO: Run Behavior\ContentReplaceBehavior [ RunTime:0.000058s ]
INFO: [ template_filter ] --END-- [ RunTime:0.000133s ]
INFO: Run Behavior\ParseTemplateBehavior [ RunTime:0.008168s ]
INFO: [ view_parse ] --END-- [ RunTime:0.008228s ]
INFO: [ view_filter ] --START--
INFO: Run Behavior\WriteHtmlCacheBehavior [ RunTime:0.000399s ]
INFO: [ view_filter ] --END-- [ RunTime:0.000437s ]
INFO: [ app_end ] --START--
INFO: Run Behavior\ShowPageTraceBehavior [ RunTime:0.000655s ]
INFO: [ app_end ] --END-- [ RunTime:0.000697s ]

